  Source.cpp
D:\Junior\opengl\hw5\Project1\Source.cpp(108,1): warning C4305: '引數': 從 'double' 轉換為 'GLfloat'，是由較大的類型轉換為較小的類型，可能導致資料遺失
D:\Junior\opengl\hw5\Project1\Source.cpp(145,1): warning C4305: '引數': 從 'double' 轉換為 'GLfloat'，是由較大的類型轉換為較小的類型，可能導致資料遺失
D:\Junior\opengl\hw5\Project1\Source.cpp(185,1): warning C4305: '引數': 從 'double' 轉換為 'GLfloat'，是由較大的類型轉換為較小的類型，可能導致資料遺失
D:\Junior\opengl\hw5\Project1\Source.cpp(240,1): warning C4305: '引數': 從 'double' 轉換為 'GLfloat'，是由較大的類型轉換為較小的類型，可能導致資料遺失
D:\Junior\opengl\hw5\Project1\Source.cpp(291,1): warning C4305: '引數': 從 'double' 轉換為 'GLfloat'，是由較大的類型轉換為較小的類型，可能導致資料遺失
D:\Junior\opengl\hw5\Project1\Source.cpp(365,1): warning C4305: '引數': 從 'double' 轉換為 'GLfloat'，是由較大的類型轉換為較小的類型，可能導致資料遺失
D:\Junior\opengl\hw5\Project1\Source.cpp(383,50): warning C4305: '正在初始化': 從 'double' 轉換為 'GLfloat'，是由較大的類型轉換為較小的類型，可能導致資料遺失
D:\Junior\opengl\hw5\Project1\Source.cpp(477,1): warning C4305: '引數': 從 'double' 轉換為 'GLfloat'，是由較大的類型轉換為較小的類型，可能導致資料遺失
D:\Junior\opengl\hw5\Project1\Source.cpp(485,1): warning C4305: '引數': 從 'double' 轉換為 'GLfloat'，是由較大的類型轉換為較小的類型，可能導致資料遺失
D:\Junior\opengl\hw5\Project1\Source.cpp(547,17): warning C4244: '=': 將 'double' 轉換為 'float'，由於類型不同，可能導致資料遺失
D:\Junior\opengl\hw5\Project1\Source.cpp(666,1): warning C4305: '引數': 從 'double' 轉換為 'GLfloat'，是由較大的類型轉換為較小的類型，可能導致資料遺失
D:\Junior\opengl\hw5\Project1\Source.cpp(797,1): warning C4305: '引數': 從 'double' 轉換為 'GLfloat'，是由較大的類型轉換為較小的類型，可能導致資料遺失
D:\Junior\opengl\hw5\Project1\Source.cpp(859,1): warning C4305: '引數': 從 'double' 轉換為 'GLfloat'，是由較大的類型轉換為較小的類型，可能導致資料遺失
D:\Junior\opengl\hw5\Project1\Source.cpp(917,1): warning C4305: '引數': 從 'double' 轉換為 'GLfloat'，是由較大的類型轉換為較小的類型，可能導致資料遺失
D:\Junior\opengl\hw5\Project1\Source.cpp(946,53): warning C4305: '正在初始化': 從 'double' 轉換為 'GLfloat'，是由較大的類型轉換為較小的類型，可能導致資料遺失
D:\Junior\opengl\hw5\Project1\Source.cpp(984,74): warning C4305: '正在初始化': 從 'double' 轉換為 'GLfloat'，是由較大的類型轉換為較小的類型，可能導致資料遺失
D:\Junior\opengl\hw5\Project1\Source.cpp(985,73): warning C4305: '正在初始化': 從 'double' 轉換為 'GLfloat'，是由較大的類型轉換為較小的類型，可能導致資料遺失
D:\Junior\opengl\hw5\Project1\Source.cpp(986,75): warning C4305: '正在初始化': 從 'double' 轉換為 'GLfloat'，是由較大的類型轉換為較小的類型，可能導致資料遺失
D:\Junior\opengl\hw5\Project1\Source.cpp(987,77): warning C4305: '正在初始化': 從 'double' 轉換為 'GLfloat'，是由較大的類型轉換為較小的類型，可能導致資料遺失
D:\Junior\opengl\hw5\Project1\Source.cpp(988,52): warning C4305: '正在初始化': 從 'double' 轉換為 'GLfloat'，是由較大的類型轉換為較小的類型，可能導致資料遺失
D:\Junior\opengl\hw5\Project1\Source.cpp(992,78): warning C4305: '正在初始化': 從 'double' 轉換為 'GLfloat'，是由較大的類型轉換為較小的類型，可能導致資料遺失
D:\Junior\opengl\hw5\Project1\Source.cpp(1009,16): warning C4244: '正在初始化': 將 'double' 轉換為 'float'，由於類型不同，可能導致資料遺失
D:\Junior\opengl\hw5\Project1\Source.cpp(1009,40): warning C4244: '正在初始化': 將 'double' 轉換為 'float'，由於類型不同，可能導致資料遺失
D:\Junior\opengl\hw5\Project1\Source.cpp(1146,28): warning C4305: '引數': 從 'double' 轉換為 'GLfloat'，是由較大的類型轉換為較小的類型，可能導致資料遺失
D:\Junior\opengl\hw5\Project1\Source.cpp(1170,58): warning C4305: '引數': 從 'double' 轉換為 'GLfloat'，是由較大的類型轉換為較小的類型，可能導致資料遺失
D:\Junior\opengl\hw5\Project1\Source.cpp(1173,27): warning C4305: '引數': 從 'double' 轉換為 'GLfloat'，是由較大的類型轉換為較小的類型，可能導致資料遺失
D:\Junior\opengl\hw5\Project1\Source.cpp(1176,27): warning C4305: '引數': 從 'double' 轉換為 'GLfloat'，是由較大的類型轉換為較小的類型，可能導致資料遺失
D:\Junior\opengl\hw5\Project1\Source.cpp(1177,15): warning C4244: '引數': 將 'int' 轉換為 'GLfloat'，由於類型不同，可能導致資料遺失
D:\Junior\opengl\hw5\Project1\Source.cpp(1178,28): warning C4305: '引數': 從 'double' 轉換為 'GLfloat'，是由較大的類型轉換為較小的類型，可能導致資料遺失
D:\Junior\opengl\hw5\Project1\Source.cpp(1181,29): warning C4305: '引數': 從 'double' 轉換為 'GLfloat'，是由較大的類型轉換為較小的類型，可能導致資料遺失
D:\Junior\opengl\hw5\Project1\Source.cpp(1183,29): warning C4305: '引數': 從 'double' 轉換為 'GLfloat'，是由較大的類型轉換為較小的類型，可能導致資料遺失
D:\Junior\opengl\hw5\Project1\Source.cpp(1187,29): warning C4305: '引數': 從 'double' 轉換為 'GLfloat'，是由較大的類型轉換為較小的類型，可能導致資料遺失
D:\Junior\opengl\hw5\Project1\Source.cpp(1189,29): warning C4305: '引數': 從 'double' 轉換為 'GLfloat'，是由較大的類型轉換為較小的類型，可能導致資料遺失
D:\Junior\opengl\hw5\Project1\Source.cpp(1199,35): warning C4305: '引數': 從 'double' 轉換為 'GLfloat'，是由較大的類型轉換為較小的類型，可能導致資料遺失
D:\Junior\opengl\hw5\Project1\Source.cpp(1201,29): warning C4305: '引數': 從 'double' 轉換為 'GLfloat'，是由較大的類型轉換為較小的類型，可能導致資料遺失
D:\Junior\opengl\hw5\Project1\Source.cpp(1205,35): warning C4305: '引數': 從 'double' 轉換為 'GLfloat'，是由較大的類型轉換為較小的類型，可能導致資料遺失
D:\Junior\opengl\hw5\Project1\Source.cpp(1207,29): warning C4305: '引數': 從 'double' 轉換為 'GLfloat'，是由較大的類型轉換為較小的類型，可能導致資料遺失
D:\Junior\opengl\hw5\Project1\Source.cpp(1215,35): warning C4305: '引數': 從 'double' 轉換為 'GLfloat'，是由較大的類型轉換為較小的類型，可能導致資料遺失
D:\Junior\opengl\hw5\Project1\Source.cpp(1217,29): warning C4305: '引數': 從 'double' 轉換為 'GLfloat'，是由較大的類型轉換為較小的類型，可能導致資料遺失
D:\Junior\opengl\hw5\Project1\Source.cpp(1221,35): warning C4305: '引數': 從 'double' 轉換為 'GLfloat'，是由較大的類型轉換為較小的類型，可能導致資料遺失
D:\Junior\opengl\hw5\Project1\Source.cpp(1223,29): warning C4305: '引數': 從 'double' 轉換為 'GLfloat'，是由較大的類型轉換為較小的類型，可能導致資料遺失
D:\Junior\opengl\hw5\Project1\Source.cpp(1231,35): warning C4305: '引數': 從 'double' 轉換為 'GLfloat'，是由較大的類型轉換為較小的類型，可能導致資料遺失
D:\Junior\opengl\hw5\Project1\Source.cpp(1233,29): warning C4305: '引數': 從 'double' 轉換為 'GLfloat'，是由較大的類型轉換為較小的類型，可能導致資料遺失
D:\Junior\opengl\hw5\Project1\Source.cpp(1237,35): warning C4305: '引數': 從 'double' 轉換為 'GLfloat'，是由較大的類型轉換為較小的類型，可能導致資料遺失
D:\Junior\opengl\hw5\Project1\Source.cpp(1239,29): warning C4305: '引數': 從 'double' 轉換為 'GLfloat'，是由較大的類型轉換為較小的類型，可能導致資料遺失
D:\Junior\opengl\hw5\Project1\Source.cpp(1249,32): warning C4305: '引數': 從 'double' 轉換為 'GLfloat'，是由較大的類型轉換為較小的類型，可能導致資料遺失
D:\Junior\opengl\hw5\Project1\Source.cpp(1251,29): warning C4305: '引數': 從 'double' 轉換為 'GLfloat'，是由較大的類型轉換為較小的類型，可能導致資料遺失
D:\Junior\opengl\hw5\Project1\Source.cpp(1255,32): warning C4305: '引數': 從 'double' 轉換為 'GLfloat'，是由較大的類型轉換為較小的類型，可能導致資料遺失
D:\Junior\opengl\hw5\Project1\Source.cpp(1257,29): warning C4305: '引數': 從 'double' 轉換為 'GLfloat'，是由較大的類型轉換為較小的類型，可能導致資料遺失
D:\Junior\opengl\hw5\Project1\Source.cpp(1269,27): warning C4305: '引數': 從 'double' 轉換為 'GLfloat'，是由較大的類型轉換為較小的類型，可能導致資料遺失
D:\Junior\opengl\hw5\Project1\Source.cpp(1273,29): warning C4305: '引數': 從 'double' 轉換為 'GLfloat'，是由較大的類型轉換為較小的類型，可能導致資料遺失
D:\Junior\opengl\hw5\Project1\Source.cpp(1275,29): warning C4305: '引數': 從 'double' 轉換為 'GLfloat'，是由較大的類型轉換為較小的類型，可能導致資料遺失
D:\Junior\opengl\hw5\Project1\Source.cpp(1279,29): warning C4305: '引數': 從 'double' 轉換為 'GLfloat'，是由較大的類型轉換為較小的類型，可能導致資料遺失
D:\Junior\opengl\hw5\Project1\Source.cpp(1281,29): warning C4305: '引數': 從 'double' 轉換為 'GLfloat'，是由較大的類型轉換為較小的類型，可能導致資料遺失
D:\Junior\opengl\hw5\Project1\Source.cpp(1290,35): warning C4305: '引數': 從 'double' 轉換為 'GLfloat'，是由較大的類型轉換為較小的類型，可能導致資料遺失
D:\Junior\opengl\hw5\Project1\Source.cpp(1292,29): warning C4305: '引數': 從 'double' 轉換為 'GLfloat'，是由較大的類型轉換為較小的類型，可能導致資料遺失
D:\Junior\opengl\hw5\Project1\Source.cpp(1296,35): warning C4305: '引數': 從 'double' 轉換為 'GLfloat'，是由較大的類型轉換為較小的類型，可能導致資料遺失
D:\Junior\opengl\hw5\Project1\Source.cpp(1298,29): warning C4305: '引數': 從 'double' 轉換為 'GLfloat'，是由較大的類型轉換為較小的類型，可能導致資料遺失
D:\Junior\opengl\hw5\Project1\Source.cpp(1306,35): warning C4305: '引數': 從 'double' 轉換為 'GLfloat'，是由較大的類型轉換為較小的類型，可能導致資料遺失
D:\Junior\opengl\hw5\Project1\Source.cpp(1308,29): warning C4305: '引數': 從 'double' 轉換為 'GLfloat'，是由較大的類型轉換為較小的類型，可能導致資料遺失
D:\Junior\opengl\hw5\Project1\Source.cpp(1312,35): warning C4305: '引數': 從 'double' 轉換為 'GLfloat'，是由較大的類型轉換為較小的類型，可能導致資料遺失
D:\Junior\opengl\hw5\Project1\Source.cpp(1314,29): warning C4305: '引數': 從 'double' 轉換為 'GLfloat'，是由較大的類型轉換為較小的類型，可能導致資料遺失
D:\Junior\opengl\hw5\Project1\Source.cpp(1322,35): warning C4305: '引數': 從 'double' 轉換為 'GLfloat'，是由較大的類型轉換為較小的類型，可能導致資料遺失
D:\Junior\opengl\hw5\Project1\Source.cpp(1324,29): warning C4305: '引數': 從 'double' 轉換為 'GLfloat'，是由較大的類型轉換為較小的類型，可能導致資料遺失
D:\Junior\opengl\hw5\Project1\Source.cpp(1328,35): warning C4305: '引數': 從 'double' 轉換為 'GLfloat'，是由較大的類型轉換為較小的類型，可能導致資料遺失
D:\Junior\opengl\hw5\Project1\Source.cpp(1330,29): warning C4305: '引數': 從 'double' 轉換為 'GLfloat'，是由較大的類型轉換為較小的類型，可能導致資料遺失
D:\Junior\opengl\hw5\Project1\Source.cpp(1338,32): warning C4305: '引數': 從 'double' 轉換為 'GLfloat'，是由較大的類型轉換為較小的類型，可能導致資料遺失
D:\Junior\opengl\hw5\Project1\Source.cpp(1340,29): warning C4305: '引數': 從 'double' 轉換為 'GLfloat'，是由較大的類型轉換為較小的類型，可能導致資料遺失
D:\Junior\opengl\hw5\Project1\Source.cpp(1344,32): warning C4305: '引數': 從 'double' 轉換為 'GLfloat'，是由較大的類型轉換為較小的類型，可能導致資料遺失
D:\Junior\opengl\hw5\Project1\Source.cpp(1346,29): warning C4305: '引數': 從 'double' 轉換為 'GLfloat'，是由較大的類型轉換為較小的類型，可能導致資料遺失
D:\Junior\opengl\hw5\Project1\Source.cpp(1358,32): warning C4244: '引數': 將 'double' 轉換為 'GLfloat'，由於類型不同，可能導致資料遺失
D:\Junior\opengl\hw5\Project1\Source.cpp(1358,36): warning C4305: '引數': 從 'double' 轉換為 'GLfloat'，是由較大的類型轉換為較小的類型，可能導致資料遺失
D:\Junior\opengl\hw5\Project1\Source.cpp(1366,33): warning C4305: '引數': 從 'double' 轉換為 'GLfloat'，是由較大的類型轉換為較小的類型，可能導致資料遺失
D:\Junior\opengl\hw5\Project1\Source.cpp(1373,31): warning C4305: '引數': 從 'double' 轉換為 'GLfloat'，是由較大的類型轉換為較小的類型，可能導致資料遺失
D:\Junior\opengl\hw5\Project1\Source.cpp(1381,33): warning C4305: '引數': 從 'double' 轉換為 'GLfloat'，是由較大的類型轉換為較小的類型，可能導致資料遺失
D:\Junior\opengl\hw5\Project1\Source.cpp(1414,17): warning C4244: '=': 將 'double' 轉換為 'GLfloat'，由於類型不同，可能導致資料遺失
D:\Junior\opengl\hw5\Project1\Source.cpp(1418,21): warning C4244: '=': 將 'double' 轉換為 'GLfloat'，由於類型不同，可能導致資料遺失
D:\Junior\opengl\hw5\Project1\Source.cpp(1419,21): warning C4244: '=': 將 'double' 轉換為 'GLfloat'，由於類型不同，可能導致資料遺失
D:\Junior\opengl\hw5\Project1\Source.cpp(1420,23): warning C4244: '=': 將 'double' 轉換為 'GLfloat'，由於類型不同，可能導致資料遺失
D:\Junior\opengl\hw5\Project1\Source.cpp(1433,17): warning C4244: '=': 將 'double' 轉換為 'GLfloat'，由於類型不同，可能導致資料遺失
D:\Junior\opengl\hw5\Project1\Source.cpp(1442,15): warning C4244: '=': 將 'double' 轉換為 'GLfloat'，由於類型不同，可能導致資料遺失
D:\Junior\opengl\hw5\Project1\Source.cpp(1443,17): warning C4244: '=': 將 'double' 轉換為 'GLfloat'，由於類型不同，可能導致資料遺失
D:\Junior\opengl\hw5\Project1\Source.cpp(1450,15): warning C4244: '=': 將 'double' 轉換為 'GLfloat'，由於類型不同，可能導致資料遺失
D:\Junior\opengl\hw5\Project1\Source.cpp(1451,17): warning C4244: '=': 將 'double' 轉換為 'GLfloat'，由於類型不同，可能導致資料遺失
D:\Junior\opengl\hw5\Project1\Source.cpp(1460,13): warning C4244: '=': 將 'double' 轉換為 'GLfloat'，由於類型不同，可能導致資料遺失
D:\Junior\opengl\hw5\Project1\Source.cpp(1483,15): warning C4244: '=': 將 'double' 轉換為 'GLfloat'，由於類型不同，可能導致資料遺失
D:\Junior\opengl\hw5\Project1\Source.cpp(1484,17): warning C4244: '=': 將 'double' 轉換為 'GLfloat'，由於類型不同，可能導致資料遺失
D:\Junior\opengl\hw5\Project1\Source.cpp(1487,15): warning C4244: '=': 將 'double' 轉換為 'GLfloat'，由於類型不同，可能導致資料遺失
D:\Junior\opengl\hw5\Project1\Source.cpp(1488,17): warning C4244: '=': 將 'double' 轉換為 'GLfloat'，由於類型不同，可能導致資料遺失
D:\Junior\opengl\hw5\Project1\Source.cpp(1492,15): warning C4244: '=': 將 'double' 轉換為 'GLfloat'，由於類型不同，可能導致資料遺失
D:\Junior\opengl\hw5\Project1\Source.cpp(1493,17): warning C4244: '=': 將 'double' 轉換為 'GLfloat'，由於類型不同，可能導致資料遺失
D:\Junior\opengl\hw5\Project1\Source.cpp(1497,15): warning C4244: '=': 將 'double' 轉換為 'GLfloat'，由於類型不同，可能導致資料遺失
D:\Junior\opengl\hw5\Project1\Source.cpp(1498,17): warning C4244: '=': 將 'double' 轉換為 'GLfloat'，由於類型不同，可能導致資料遺失
D:\Junior\opengl\hw5\Project1\Source.cpp(1550,17): warning C4244: '=': 將 'double' 轉換為 'GLfloat'，由於類型不同，可能導致資料遺失
D:\Junior\opengl\hw5\Project1\Source.cpp(1552,17): warning C4244: '=': 將 'double' 轉換為 'GLfloat'，由於類型不同，可能導致資料遺失
D:\Junior\opengl\hw5\Project1\Source.cpp(1554,17): warning C4244: '=': 將 'double' 轉換為 'GLfloat'，由於類型不同，可能導致資料遺失
D:\Junior\opengl\hw5\Project1\Source.cpp(1556,17): warning C4244: '=': 將 'double' 轉換為 'GLfloat'，由於類型不同，可能導致資料遺失
D:\Junior\opengl\hw5\Project1\Source.cpp(1567,31): warning C4244: '引數': 將 'float' 轉換為 'int'，由於類型不同，可能導致資料遺失
D:\Junior\opengl\hw5\Project1\Source.cpp(1567,24): warning C4244: '引數': 將 'float' 轉換為 'int'，由於類型不同，可能導致資料遺失
  Project1.vcxproj -> D:\Junior\opengl\hw5\Debug\Project1.exe
