  Source.cpp
C:\Junior\openGL\opengl_hw\Project1\Project1\Source.cpp(159,1): warning C4305: '引數': 從 'double' 轉換為 'GLfloat'，是由較大的類型轉換為較小的類型，可能導致資料遺失
C:\Junior\openGL\opengl_hw\Project1\Project1\Source.cpp(170,28): warning C4244: '=': 將 'int' 轉換為 'float'，由於類型不同，可能導致資料遺失
C:\Junior\openGL\opengl_hw\Project1\Project1\Source.cpp(171,28): warning C4244: '=': 將 'int' 轉換為 'float'，由於類型不同，可能導致資料遺失
C:\Junior\openGL\opengl_hw\Project1\Project1\Source.cpp(178,28): warning C4244: '=': 將 'int' 轉換為 'float'，由於類型不同，可能導致資料遺失
C:\Junior\openGL\opengl_hw\Project1\Project1\Source.cpp(179,28): warning C4244: '=': 將 'int' 轉換為 'float'，由於類型不同，可能導致資料遺失
C:\Junior\openGL\opengl_hw\Project1\Project1\Source.cpp(185,28): warning C4244: '=': 將 'int' 轉換為 'float'，由於類型不同，可能導致資料遺失
C:\Junior\openGL\opengl_hw\Project1\Project1\Source.cpp(186,27): warning C4244: '=': 將 'int' 轉換為 'float'，由於類型不同，可能導致資料遺失
C:\Junior\openGL\opengl_hw\Project1\Project1\Source.cpp(193,39): warning C4244: '=': 將 'int' 轉換為 'float'，由於類型不同，可能導致資料遺失
C:\Junior\openGL\opengl_hw\Project1\Project1\Source.cpp(194,39): warning C4244: '=': 將 'int' 轉換為 'float'，由於類型不同，可能導致資料遺失
C:\Junior\openGL\opengl_hw\Project1\Project1\Source.cpp(201,38): warning C4244: '=': 將 'int' 轉換為 'float'，由於類型不同，可能導致資料遺失
C:\Junior\openGL\opengl_hw\Project1\Project1\Source.cpp(202,38): warning C4244: '=': 將 'int' 轉換為 'float'，由於類型不同，可能導致資料遺失
C:\Junior\openGL\opengl_hw\Project1\Project1\Source.cpp(209,38): warning C4244: '=': 將 'int' 轉換為 'float'，由於類型不同，可能導致資料遺失
C:\Junior\openGL\opengl_hw\Project1\Project1\Source.cpp(210,38): warning C4244: '=': 將 'int' 轉換為 'float'，由於類型不同，可能導致資料遺失
C:\Junior\openGL\opengl_hw\Project1\Project1\Source.cpp(269,1): warning C4305: '引數': 從 'double' 轉換為 'GLfloat'，是由較大的類型轉換為較小的類型，可能導致資料遺失
C:\Junior\openGL\opengl_hw\Project1\Project1\Source.cpp(280,34): warning C4244: '=': 將 'int' 轉換為 'float'，由於類型不同，可能導致資料遺失
C:\Junior\openGL\opengl_hw\Project1\Project1\Source.cpp(281,34): warning C4244: '=': 將 'int' 轉換為 'float'，由於類型不同，可能導致資料遺失
C:\Junior\openGL\opengl_hw\Project1\Project1\Source.cpp(288,34): warning C4244: '=': 將 'int' 轉換為 'float'，由於類型不同，可能導致資料遺失
C:\Junior\openGL\opengl_hw\Project1\Project1\Source.cpp(289,34): warning C4244: '=': 將 'int' 轉換為 'float'，由於類型不同，可能導致資料遺失
C:\Junior\openGL\opengl_hw\Project1\Project1\Source.cpp(296,33): warning C4244: '=': 將 'int' 轉換為 'float'，由於類型不同，可能導致資料遺失
C:\Junior\openGL\opengl_hw\Project1\Project1\Source.cpp(297,33): warning C4244: '=': 將 'int' 轉換為 'float'，由於類型不同，可能導致資料遺失
C:\Junior\openGL\opengl_hw\Project1\Project1\Source.cpp(304,35): warning C4244: '=': 將 'int' 轉換為 'float'，由於類型不同，可能導致資料遺失
C:\Junior\openGL\opengl_hw\Project1\Project1\Source.cpp(305,35): warning C4244: '=': 將 'int' 轉換為 'float'，由於類型不同，可能導致資料遺失
C:\Junior\openGL\opengl_hw\Project1\Project1\Source.cpp(365,1): warning C4305: '引數': 從 'double' 轉換為 'GLfloat'，是由較大的類型轉換為較小的類型，可能導致資料遺失
C:\Junior\openGL\opengl_hw\Project1\Project1\Source.cpp(376,34): warning C4244: '=': 將 'int' 轉換為 'float'，由於類型不同，可能導致資料遺失
C:\Junior\openGL\opengl_hw\Project1\Project1\Source.cpp(377,34): warning C4244: '=': 將 'int' 轉換為 'float'，由於類型不同，可能導致資料遺失
C:\Junior\openGL\opengl_hw\Project1\Project1\Source.cpp(384,33): warning C4244: '=': 將 'int' 轉換為 'float'，由於類型不同，可能導致資料遺失
C:\Junior\openGL\opengl_hw\Project1\Project1\Source.cpp(385,33): warning C4244: '=': 將 'int' 轉換為 'float'，由於類型不同，可能導致資料遺失
C:\Junior\openGL\opengl_hw\Project1\Project1\Source.cpp(392,35): warning C4244: '=': 將 'int' 轉換為 'float'，由於類型不同，可能導致資料遺失
C:\Junior\openGL\opengl_hw\Project1\Project1\Source.cpp(393,35): warning C4244: '=': 將 'int' 轉換為 'float'，由於類型不同，可能導致資料遺失
C:\Junior\openGL\opengl_hw\Project1\Project1\Source.cpp(468,1): warning C4305: '引數': 從 'double' 轉換為 'GLfloat'，是由較大的類型轉換為較小的類型，可能導致資料遺失
C:\Junior\openGL\opengl_hw\Project1\Project1\Source.cpp(479,35): warning C4244: '=': 將 'int' 轉換為 'float'，由於類型不同，可能導致資料遺失
C:\Junior\openGL\opengl_hw\Project1\Project1\Source.cpp(480,35): warning C4244: '=': 將 'int' 轉換為 'float'，由於類型不同，可能導致資料遺失
C:\Junior\openGL\opengl_hw\Project1\Project1\Source.cpp(487,34): warning C4244: '=': 將 'int' 轉換為 'float'，由於類型不同，可能導致資料遺失
C:\Junior\openGL\opengl_hw\Project1\Project1\Source.cpp(488,34): warning C4244: '=': 將 'int' 轉換為 'float'，由於類型不同，可能導致資料遺失
C:\Junior\openGL\opengl_hw\Project1\Project1\Source.cpp(495,34): warning C4244: '=': 將 'int' 轉換為 'float'，由於類型不同，可能導致資料遺失
C:\Junior\openGL\opengl_hw\Project1\Project1\Source.cpp(496,34): warning C4244: '=': 將 'int' 轉換為 'float'，由於類型不同，可能導致資料遺失
C:\Junior\openGL\opengl_hw\Project1\Project1\Source.cpp(503,33): warning C4244: '=': 將 'int' 轉換為 'float'，由於類型不同，可能導致資料遺失
C:\Junior\openGL\opengl_hw\Project1\Project1\Source.cpp(504,33): warning C4244: '=': 將 'int' 轉換為 'float'，由於類型不同，可能導致資料遺失
C:\Junior\openGL\opengl_hw\Project1\Project1\Source.cpp(511,35): warning C4244: '=': 將 'int' 轉換為 'float'，由於類型不同，可能導致資料遺失
C:\Junior\openGL\opengl_hw\Project1\Project1\Source.cpp(512,35): warning C4244: '=': 將 'int' 轉換為 'float'，由於類型不同，可能導致資料遺失
C:\Junior\openGL\opengl_hw\Project1\Project1\Source.cpp(518,31): warning C4244: '=': 將 'int' 轉換為 'float'，由於類型不同，可能導致資料遺失
C:\Junior\openGL\opengl_hw\Project1\Project1\Source.cpp(519,31): warning C4244: '=': 將 'int' 轉換為 'float'，由於類型不同，可能導致資料遺失
C:\Junior\openGL\opengl_hw\Project1\Project1\Source.cpp(590,1): warning C4305: '引數': 從 'double' 轉換為 'GLfloat'，是由較大的類型轉換為較小的類型，可能導致資料遺失
C:\Junior\openGL\opengl_hw\Project1\Project1\Source.cpp(601,35): warning C4244: '=': 將 'int' 轉換為 'float'，由於類型不同，可能導致資料遺失
C:\Junior\openGL\opengl_hw\Project1\Project1\Source.cpp(602,35): warning C4244: '=': 將 'int' 轉換為 'float'，由於類型不同，可能導致資料遺失
C:\Junior\openGL\opengl_hw\Project1\Project1\Source.cpp(609,34): warning C4244: '=': 將 'int' 轉換為 'float'，由於類型不同，可能導致資料遺失
C:\Junior\openGL\opengl_hw\Project1\Project1\Source.cpp(610,34): warning C4244: '=': 將 'int' 轉換為 'float'，由於類型不同，可能導致資料遺失
C:\Junior\openGL\opengl_hw\Project1\Project1\Source.cpp(617,34): warning C4244: '=': 將 'int' 轉換為 'float'，由於類型不同，可能導致資料遺失
C:\Junior\openGL\opengl_hw\Project1\Project1\Source.cpp(618,34): warning C4244: '=': 將 'int' 轉換為 'float'，由於類型不同，可能導致資料遺失
C:\Junior\openGL\opengl_hw\Project1\Project1\Source.cpp(625,33): warning C4244: '=': 將 'int' 轉換為 'float'，由於類型不同，可能導致資料遺失
C:\Junior\openGL\opengl_hw\Project1\Project1\Source.cpp(626,33): warning C4244: '=': 將 'int' 轉換為 'float'，由於類型不同，可能導致資料遺失
C:\Junior\openGL\opengl_hw\Project1\Project1\Source.cpp(633,32): warning C4244: '=': 將 'int' 轉換為 'float'，由於類型不同，可能導致資料遺失
C:\Junior\openGL\opengl_hw\Project1\Project1\Source.cpp(634,32): warning C4244: '=': 將 'int' 轉換為 'float'，由於類型不同，可能導致資料遺失
C:\Junior\openGL\opengl_hw\Project1\Project1\Source.cpp(728,1): warning C4305: '引數': 從 'double' 轉換為 'GLfloat'，是由較大的類型轉換為較小的類型，可能導致資料遺失
C:\Junior\openGL\opengl_hw\Project1\Project1\Source.cpp(821,1): warning C4305: '引數': 從 'double' 轉換為 'GLfloat'，是由較大的類型轉換為較小的類型，可能導致資料遺失
C:\Junior\openGL\opengl_hw\Project1\Project1\Source.cpp(836,1): warning C4305: '引數': 從 'double' 轉換為 'GLfloat'，是由較大的類型轉換為較小的類型，可能導致資料遺失
C:\Junior\openGL\opengl_hw\Project1\Project1\Source.cpp(844,1): warning C4305: '引數': 從 'double' 轉換為 'GLfloat'，是由較大的類型轉換為較小的類型，可能導致資料遺失
C:\Junior\openGL\opengl_hw\Project1\Project1\Source.cpp(926,16): warning C4244: '=': 將 'double' 轉換為 'float'，由於類型不同，可能導致資料遺失
C:\Junior\openGL\opengl_hw\Project1\Project1\Source.cpp(1041,1): warning C4305: '引數': 從 'double' 轉換為 'GLfloat'，是由較大的類型轉換為較小的類型，可能導致資料遺失
C:\Junior\openGL\opengl_hw\Project1\Project1\Source.cpp(1169,1): warning C4305: '引數': 從 'double' 轉換為 'GLfloat'，是由較大的類型轉換為較小的類型，可能導致資料遺失
C:\Junior\openGL\opengl_hw\Project1\Project1\Source.cpp(1231,1): warning C4305: '引數': 從 'double' 轉換為 'GLfloat'，是由較大的類型轉換為較小的類型，可能導致資料遺失
C:\Junior\openGL\opengl_hw\Project1\Project1\Source.cpp(1289,1): warning C4305: '引數': 從 'double' 轉換為 'GLfloat'，是由較大的類型轉換為較小的類型，可能導致資料遺失
C:\Junior\openGL\opengl_hw\Project1\Project1\Source.cpp(1320,15): warning C4305: '正在初始化': 從 'double' 轉換為 'GLfloat'，是由較大的類型轉換為較小的類型，可能導致資料遺失
C:\Junior\openGL\opengl_hw\Project1\Project1\Source.cpp(1326,35): warning C4305: '引數': 從 'double' 轉換為 'GLfloat'，是由較大的類型轉換為較小的類型，可能導致資料遺失
C:\Junior\openGL\opengl_hw\Project1\Project1\Source.cpp(1393,17): warning C4244: '=': 將 'double' 轉換為 'GLfloat'，由於類型不同，可能導致資料遺失
C:\Junior\openGL\opengl_hw\Project1\Project1\Source.cpp(1395,17): warning C4244: '=': 將 'double' 轉換為 'GLfloat'，由於類型不同，可能導致資料遺失
  Project1.vcxproj -> C:\Junior\openGL\opengl_hw\Project1\Debug\Project1.exe
