  Source.cpp
D:\Junior\opengl\final_01.08\final_01.08\Project2\Project2\Source.cpp(317,45): warning C4305: '=': 從 'double' 轉換為 'GLfloat'，是由較大的類型轉換為較小的類型，可能導致資料遺失
D:\Junior\opengl\final_01.08\final_01.08\Project2\Project2\Source.cpp(318,45): warning C4305: '=': 從 'double' 轉換為 'GLfloat'，是由較大的類型轉換為較小的類型，可能導致資料遺失
D:\Junior\opengl\final_01.08\final_01.08\Project2\Project2\Source.cpp(319,45): warning C4305: '=': 從 'double' 轉換為 'GLfloat'，是由較大的類型轉換為較小的類型，可能導致資料遺失
D:\Junior\opengl\final_01.08\final_01.08\Project2\Project2\Source.cpp(321,45): warning C4305: '=': 從 'double' 轉換為 'GLfloat'，是由較大的類型轉換為較小的類型，可能導致資料遺失
D:\Junior\opengl\final_01.08\final_01.08\Project2\Project2\Source.cpp(322,45): warning C4305: '=': 從 'double' 轉換為 'GLfloat'，是由較大的類型轉換為較小的類型，可能導致資料遺失
D:\Junior\opengl\final_01.08\final_01.08\Project2\Project2\Source.cpp(323,45): warning C4305: '=': 從 'double' 轉換為 'GLfloat'，是由較大的類型轉換為較小的類型，可能導致資料遺失
D:\Junior\opengl\final_01.08\final_01.08\Project2\Project2\Source.cpp(824,24): warning C4244: '=': 將 'double' 轉換為 'GLfloat'，由於類型不同，可能導致資料遺失
D:\Junior\opengl\final_01.08\final_01.08\Project2\Project2\Source.cpp(825,24): warning C4244: '=': 將 'double' 轉換為 'GLfloat'，由於類型不同，可能導致資料遺失
D:\Junior\opengl\final_01.08\final_01.08\Project2\Project2\Source.cpp(826,24): warning C4244: '=': 將 'double' 轉換為 'GLfloat'，由於類型不同，可能導致資料遺失
D:\Junior\opengl\final_01.08\final_01.08\Project2\Project2\Source.cpp(829,17): warning C4244: '=': 將 'double' 轉換為 'GLfloat'，由於類型不同，可能導致資料遺失
D:\Junior\opengl\final_01.08\final_01.08\Project2\Project2\Source.cpp(1029,20): warning C4244: '=': 將 'double' 轉換為 'GLfloat'，由於類型不同，可能導致資料遺失
D:\Junior\opengl\final_01.08\final_01.08\Project2\Project2\Source.cpp(1187,23): warning C4244: '=': 將 'double' 轉換為 'GLfloat'，由於類型不同，可能導致資料遺失
D:\Junior\opengl\final_01.08\final_01.08\Project2\Project2\Source.cpp(1194,49): warning C4244: '=': 將 'double' 轉換為 'GLfloat'，由於類型不同，可能導致資料遺失
D:\Junior\opengl\final_01.08\final_01.08\Project2\Project2\Source.cpp(1195,49): warning C4244: '=': 將 'double' 轉換為 'GLfloat'，由於類型不同，可能導致資料遺失
D:\Junior\opengl\final_01.08\final_01.08\Project2\Project2\Source.cpp(1254,39): warning C4305: '=': 從 'double' 轉換為 'GLfloat'，是由較大的類型轉換為較小的類型，可能導致資料遺失
D:\Junior\opengl\final_01.08\final_01.08\Project2\Project2\Source.cpp(1259,42): warning C4305: '=': 從 'double' 轉換為 'GLfloat'，是由較大的類型轉換為較小的類型，可能導致資料遺失
D:\Junior\opengl\final_01.08\final_01.08\Project2\Project2\Source.cpp(1261,37): warning C4244: '=': 將 'double' 轉換為 'GLfloat'，由於類型不同，可能導致資料遺失
D:\Junior\opengl\final_01.08\final_01.08\Project2\Project2\Source.cpp(1264,45): warning C4244: '=': 將 'double' 轉換為 'GLfloat'，由於類型不同，可能導致資料遺失
D:\Junior\opengl\final_01.08\final_01.08\Project2\Project2\Source.cpp(1265,43): warning C4244: '=': 將 'double' 轉換為 'GLfloat'，由於類型不同，可能導致資料遺失
D:\Junior\opengl\final_01.08\final_01.08\Project2\Project2\Source.cpp(1506,23): warning C4477: 'fprintf' : 格式字串 '%d' 需要 'int' 類型的引數，但 variadic 引數 1 的類型為 'GLfloat *'
D:\Junior\opengl\final_01.08\final_01.08\Project2\Project2\Source.cpp(1891,42): warning C4244: '正在初始化': 將 'int' 轉換為 'GLfloat'，由於類型不同，可能導致資料遺失
D:\Junior\opengl\final_01.08\final_01.08\Project2\Project2\Source.cpp(2242,51): warning C4244: '=': 將 'double' 轉換為 'GLfloat'，由於類型不同，可能導致資料遺失
D:\Junior\opengl\final_01.08\final_01.08\Project2\Project2\Source.cpp(2271,51): warning C4244: '=': 將 'double' 轉換為 'GLfloat'，由於類型不同，可能導致資料遺失
D:\Junior\opengl\final_01.08\final_01.08\Project2\Project2\Source.cpp(2304,51): warning C4244: '=': 將 'double' 轉換為 'GLfloat'，由於類型不同，可能導致資料遺失
D:\Junior\opengl\final_01.08\final_01.08\Project2\Project2\Source.cpp(2345,51): warning C4244: '=': 將 'double' 轉換為 'GLfloat'，由於類型不同，可能導致資料遺失
D:\Junior\opengl\final_01.08\final_01.08\Project2\Project2\Source.cpp(2386,51): warning C4244: '=': 將 'double' 轉換為 'GLfloat'，由於類型不同，可能導致資料遺失
D:\Junior\opengl\final_01.08\final_01.08\Project2\Project2\Source.cpp(2427,51): warning C4244: '=': 將 'double' 轉換為 'GLfloat'，由於類型不同，可能導致資料遺失
D:\Junior\opengl\final_01.08\final_01.08\Project2\Project2\Source.cpp(2473,53): warning C4305: '引數': 從 'double' 轉換為 'GLfloat'，是由較大的類型轉換為較小的類型，可能導致資料遺失
D:\Junior\opengl\final_01.08\final_01.08\Project2\Project2\Source.cpp(2474,51): warning C4305: '引數': 從 'double' 轉換為 'GLfloat'，是由較大的類型轉換為較小的類型，可能導致資料遺失
D:\Junior\opengl\final_01.08\final_01.08\Project2\Project2\Source.cpp(2475,52): warning C4305: '引數': 從 'double' 轉換為 'GLfloat'，是由較大的類型轉換為較小的類型，可能導致資料遺失
D:\Junior\opengl\final_01.08\final_01.08\Project2\Project2\Source.cpp(2476,54): warning C4305: '引數': 從 'double' 轉換為 'GLfloat'，是由較大的類型轉換為較小的類型，可能導致資料遺失
D:\Junior\opengl\final_01.08\final_01.08\Project2\Project2\Source.cpp(2496,52): warning C4305: '引數': 從 'double' 轉換為 'GLfloat'，是由較大的類型轉換為較小的類型，可能導致資料遺失
D:\Junior\opengl\final_01.08\final_01.08\Project2\Project2\Source.cpp(2497,54): warning C4305: '引數': 從 'double' 轉換為 'GLfloat'，是由較大的類型轉換為較小的類型，可能導致資料遺失
D:\Junior\opengl\final_01.08\final_01.08\Project2\Project2\Source.cpp(2498,52): warning C4305: '引數': 從 'double' 轉換為 'GLfloat'，是由較大的類型轉換為較小的類型，可能導致資料遺失
D:\Junior\opengl\final_01.08\final_01.08\Project2\Project2\Source.cpp(2504,52): warning C4305: '引數': 從 'double' 轉換為 'GLfloat'，是由較大的類型轉換為較小的類型，可能導致資料遺失
D:\Junior\opengl\final_01.08\final_01.08\Project2\Project2\Source.cpp(2505,54): warning C4305: '引數': 從 'double' 轉換為 'GLfloat'，是由較大的類型轉換為較小的類型，可能導致資料遺失
D:\Junior\opengl\final_01.08\final_01.08\Project2\Project2\Source.cpp(2506,52): warning C4305: '引數': 從 'double' 轉換為 'GLfloat'，是由較大的類型轉換為較小的類型，可能導致資料遺失
D:\Junior\opengl\final_01.08\final_01.08\Project2\Project2\Source.cpp(2512,52): warning C4305: '引數': 從 'double' 轉換為 'GLfloat'，是由較大的類型轉換為較小的類型，可能導致資料遺失
D:\Junior\opengl\final_01.08\final_01.08\Project2\Project2\Source.cpp(2513,51): warning C4305: '引數': 從 'double' 轉換為 'GLfloat'，是由較大的類型轉換為較小的類型，可能導致資料遺失
D:\Junior\opengl\final_01.08\final_01.08\Project2\Project2\Source.cpp(2514,52): warning C4305: '引數': 從 'double' 轉換為 'GLfloat'，是由較大的類型轉換為較小的類型，可能導致資料遺失
D:\Junior\opengl\final_01.08\final_01.08\Project2\Project2\Source.cpp(2515,54): warning C4305: '引數': 從 'double' 轉換為 'GLfloat'，是由較大的類型轉換為較小的類型，可能導致資料遺失
D:\Junior\opengl\final_01.08\final_01.08\Project2\Project2\Source.cpp(2727,41): warning C4305: '引數': 從 'double' 轉換為 'GLfloat'，是由較大的類型轉換為較小的類型，可能導致資料遺失
D:\Junior\opengl\final_01.08\final_01.08\Project2\Project2\Source.cpp(2769,53): warning C4305: '正在初始化': 從 'double' 轉換為 'GLfloat'，是由較大的類型轉換為較小的類型，可能導致資料遺失
D:\Junior\opengl\final_01.08\final_01.08\Project2\Project2\Source.cpp(2896,23): warning C4018: '<': signed/unsigned 不相符
D:\Junior\opengl\final_01.08\final_01.08\Project2\Project2\Source.cpp(3020,23): warning C4244: '引數': 將 'int' 轉換為 'GLfloat'，由於類型不同，可能導致資料遺失
D:\Junior\opengl\final_01.08\final_01.08\Project2\Project2\Source.cpp(3020,16): warning C4244: '引數': 將 'int' 轉換為 'GLfloat'，由於類型不同，可能導致資料遺失
D:\Junior\opengl\final_01.08\final_01.08\Project2\Project2\Source.cpp(3022,27): warning C4305: '引數': 從 'double' 轉換為 'GLfloat'，是由較大的類型轉換為較小的類型，可能導致資料遺失
D:\Junior\opengl\final_01.08\final_01.08\Project2\Project2\Source.cpp(3023,37): warning C4244: '引數': 將 'int' 轉換為 'GLfloat'，由於類型不同，可能導致資料遺失
D:\Junior\opengl\final_01.08\final_01.08\Project2\Project2\Source.cpp(3023,23): warning C4244: '引數': 將 'int' 轉換為 'GLfloat'，由於類型不同，可能導致資料遺失
D:\Junior\opengl\final_01.08\final_01.08\Project2\Project2\Source.cpp(3023,16): warning C4244: '引數': 將 'int' 轉換為 'GLfloat'，由於類型不同，可能導致資料遺失
D:\Junior\opengl\final_01.08\final_01.08\Project2\Project2\Source.cpp(3025,27): warning C4305: '引數': 從 'double' 轉換為 'GLfloat'，是由較大的類型轉換為較小的類型，可能導致資料遺失
D:\Junior\opengl\final_01.08\final_01.08\Project2\Project2\Source.cpp(3026,35): warning C4244: '引數': 將 'int' 轉換為 'GLfloat'，由於類型不同，可能導致資料遺失
D:\Junior\opengl\final_01.08\final_01.08\Project2\Project2\Source.cpp(3026,23): warning C4244: '引數': 將 'int' 轉換為 'GLfloat'，由於類型不同，可能導致資料遺失
D:\Junior\opengl\final_01.08\final_01.08\Project2\Project2\Source.cpp(3026,16): warning C4244: '引數': 將 'int' 轉換為 'GLfloat'，由於類型不同，可能導致資料遺失
D:\Junior\opengl\final_01.08\final_01.08\Project2\Project2\Source.cpp(3029,23): warning C4244: '引數': 將 'int' 轉換為 'GLfloat'，由於類型不同，可能導致資料遺失
D:\Junior\opengl\final_01.08\final_01.08\Project2\Project2\Source.cpp(3029,16): warning C4244: '引數': 將 'int' 轉換為 'GLfloat'，由於類型不同，可能導致資料遺失
D:\Junior\opengl\final_01.08\final_01.08\Project2\Project2\Source.cpp(3038,44): warning C4244: '引數': 將 'int' 轉換為 'GLfloat'，由於類型不同，可能導致資料遺失
D:\Junior\opengl\final_01.08\final_01.08\Project2\Project2\Source.cpp(3038,23): warning C4244: '引數': 將 'int' 轉換為 'GLfloat'，由於類型不同，可能導致資料遺失
D:\Junior\opengl\final_01.08\final_01.08\Project2\Project2\Source.cpp(3038,16): warning C4244: '引數': 將 'int' 轉換為 'GLfloat'，由於類型不同，可能導致資料遺失
D:\Junior\opengl\final_01.08\final_01.08\Project2\Project2\Source.cpp(3040,27): warning C4305: '引數': 從 'double' 轉換為 'GLfloat'，是由較大的類型轉換為較小的類型，可能導致資料遺失
D:\Junior\opengl\final_01.08\final_01.08\Project2\Project2\Source.cpp(3041,37): warning C4244: '引數': 將 'int' 轉換為 'GLfloat'，由於類型不同，可能導致資料遺失
D:\Junior\opengl\final_01.08\final_01.08\Project2\Project2\Source.cpp(3041,23): warning C4244: '引數': 將 'int' 轉換為 'GLfloat'，由於類型不同，可能導致資料遺失
D:\Junior\opengl\final_01.08\final_01.08\Project2\Project2\Source.cpp(3041,16): warning C4244: '引數': 將 'int' 轉換為 'GLfloat'，由於類型不同，可能導致資料遺失
D:\Junior\opengl\final_01.08\final_01.08\Project2\Project2\Source.cpp(3043,27): warning C4305: '引數': 從 'double' 轉換為 'GLfloat'，是由較大的類型轉換為較小的類型，可能導致資料遺失
D:\Junior\opengl\final_01.08\final_01.08\Project2\Project2\Source.cpp(3044,35): warning C4244: '引數': 將 'int' 轉換為 'GLfloat'，由於類型不同，可能導致資料遺失
D:\Junior\opengl\final_01.08\final_01.08\Project2\Project2\Source.cpp(3044,23): warning C4244: '引數': 將 'int' 轉換為 'GLfloat'，由於類型不同，可能導致資料遺失
D:\Junior\opengl\final_01.08\final_01.08\Project2\Project2\Source.cpp(3044,16): warning C4244: '引數': 將 'int' 轉換為 'GLfloat'，由於類型不同，可能導致資料遺失
D:\Junior\opengl\final_01.08\final_01.08\Project2\Project2\Source.cpp(3047,42): warning C4244: '引數': 將 'int' 轉換為 'GLfloat'，由於類型不同，可能導致資料遺失
D:\Junior\opengl\final_01.08\final_01.08\Project2\Project2\Source.cpp(3047,23): warning C4244: '引數': 將 'int' 轉換為 'GLfloat'，由於類型不同，可能導致資料遺失
D:\Junior\opengl\final_01.08\final_01.08\Project2\Project2\Source.cpp(3047,16): warning C4244: '引數': 將 'int' 轉換為 'GLfloat'，由於類型不同，可能導致資料遺失
D:\Junior\opengl\final_01.08\final_01.08\Project2\Project2\Source.cpp(3057,24): warning C4244: '引數': 將 'int' 轉換為 'GLfloat'，由於類型不同，可能導致資料遺失
D:\Junior\opengl\final_01.08\final_01.08\Project2\Project2\Source.cpp(3057,16): warning C4244: '引數': 將 'int' 轉換為 'GLfloat'，由於類型不同，可能導致資料遺失
D:\Junior\opengl\final_01.08\final_01.08\Project2\Project2\Source.cpp(3059,26): warning C4305: '引數': 從 'double' 轉換為 'GLfloat'，是由較大的類型轉換為較小的類型，可能導致資料遺失
D:\Junior\opengl\final_01.08\final_01.08\Project2\Project2\Source.cpp(3060,23): warning C4244: '引數': 將 'int' 轉換為 'GLfloat'，由於類型不同，可能導致資料遺失
D:\Junior\opengl\final_01.08\final_01.08\Project2\Project2\Source.cpp(3060,16): warning C4244: '引數': 將 'int' 轉換為 'GLfloat'，由於類型不同，可能導致資料遺失
D:\Junior\opengl\final_01.08\final_01.08\Project2\Project2\Source.cpp(3062,26): warning C4305: '引數': 從 'double' 轉換為 'GLfloat'，是由較大的類型轉換為較小的類型，可能導致資料遺失
D:\Junior\opengl\final_01.08\final_01.08\Project2\Project2\Source.cpp(3063,23): warning C4244: '引數': 將 'int' 轉換為 'GLfloat'，由於類型不同，可能導致資料遺失
D:\Junior\opengl\final_01.08\final_01.08\Project2\Project2\Source.cpp(3063,16): warning C4244: '引數': 將 'int' 轉換為 'GLfloat'，由於類型不同，可能導致資料遺失
D:\Junior\opengl\final_01.08\final_01.08\Project2\Project2\Source.cpp(3066,24): warning C4244: '引數': 將 'int' 轉換為 'GLfloat'，由於類型不同，可能導致資料遺失
D:\Junior\opengl\final_01.08\final_01.08\Project2\Project2\Source.cpp(3066,16): warning C4244: '引數': 將 'int' 轉換為 'GLfloat'，由於類型不同，可能導致資料遺失
D:\Junior\opengl\final_01.08\final_01.08\Project2\Project2\Source.cpp(3075,38): warning C4244: '引數': 將 'int' 轉換為 'GLfloat'，由於類型不同，可能導致資料遺失
D:\Junior\opengl\final_01.08\final_01.08\Project2\Project2\Source.cpp(3075,24): warning C4244: '引數': 將 'int' 轉換為 'GLfloat'，由於類型不同，可能導致資料遺失
D:\Junior\opengl\final_01.08\final_01.08\Project2\Project2\Source.cpp(3075,16): warning C4244: '引數': 將 'int' 轉換為 'GLfloat'，由於類型不同，可能導致資料遺失
D:\Junior\opengl\final_01.08\final_01.08\Project2\Project2\Source.cpp(3077,27): warning C4305: '引數': 從 'double' 轉換為 'GLfloat'，是由較大的類型轉換為較小的類型，可能導致資料遺失
D:\Junior\opengl\final_01.08\final_01.08\Project2\Project2\Source.cpp(3078,24): warning C4244: '引數': 將 'int' 轉換為 'GLfloat'，由於類型不同，可能導致資料遺失
D:\Junior\opengl\final_01.08\final_01.08\Project2\Project2\Source.cpp(3078,16): warning C4244: '引數': 將 'int' 轉換為 'GLfloat'，由於類型不同，可能導致資料遺失
D:\Junior\opengl\final_01.08\final_01.08\Project2\Project2\Source.cpp(3080,27): warning C4305: '引數': 從 'double' 轉換為 'GLfloat'，是由較大的類型轉換為較小的類型，可能導致資料遺失
D:\Junior\opengl\final_01.08\final_01.08\Project2\Project2\Source.cpp(3081,24): warning C4244: '引數': 將 'int' 轉換為 'GLfloat'，由於類型不同，可能導致資料遺失
D:\Junior\opengl\final_01.08\final_01.08\Project2\Project2\Source.cpp(3081,16): warning C4244: '引數': 將 'int' 轉換為 'GLfloat'，由於類型不同，可能導致資料遺失
D:\Junior\opengl\final_01.08\final_01.08\Project2\Project2\Source.cpp(3084,36): warning C4244: '引數': 將 'int' 轉換為 'GLfloat'，由於類型不同，可能導致資料遺失
D:\Junior\opengl\final_01.08\final_01.08\Project2\Project2\Source.cpp(3084,24): warning C4244: '引數': 將 'int' 轉換為 'GLfloat'，由於類型不同，可能導致資料遺失
D:\Junior\opengl\final_01.08\final_01.08\Project2\Project2\Source.cpp(3084,16): warning C4244: '引數': 將 'int' 轉換為 'GLfloat'，由於類型不同，可能導致資料遺失
D:\Junior\opengl\final_01.08\final_01.08\Project2\Project2\Source.cpp(3094,38): warning C4244: '引數': 將 'int' 轉換為 'GLfloat'，由於類型不同，可能導致資料遺失
D:\Junior\opengl\final_01.08\final_01.08\Project2\Project2\Source.cpp(3094,24): warning C4244: '引數': 將 'int' 轉換為 'GLfloat'，由於類型不同，可能導致資料遺失
D:\Junior\opengl\final_01.08\final_01.08\Project2\Project2\Source.cpp(3094,16): warning C4244: '引數': 將 'int' 轉換為 'GLfloat'，由於類型不同，可能導致資料遺失
D:\Junior\opengl\final_01.08\final_01.08\Project2\Project2\Source.cpp(3096,27): warning C4305: '引數': 從 'double' 轉換為 'GLfloat'，是由較大的類型轉換為較小的類型，可能導致資料遺失
D:\Junior\opengl\final_01.08\final_01.08\Project2\Project2\Source.cpp(3097,45): warning C4244: '引數': 將 'int' 轉換為 'GLfloat'，由於類型不同，可能導致資料遺失
D:\Junior\opengl\final_01.08\final_01.08\Project2\Project2\Source.cpp(3097,24): warning C4244: '引數': 將 'int' 轉換為 'GLfloat'，由於類型不同，可能導致資料遺失
D:\Junior\opengl\final_01.08\final_01.08\Project2\Project2\Source.cpp(3097,16): warning C4244: '引數': 將 'int' 轉換為 'GLfloat'，由於類型不同，可能導致資料遺失
D:\Junior\opengl\final_01.08\final_01.08\Project2\Project2\Source.cpp(3099,27): warning C4305: '引數': 從 'double' 轉換為 'GLfloat'，是由較大的類型轉換為較小的類型，可能導致資料遺失
D:\Junior\opengl\final_01.08\final_01.08\Project2\Project2\Source.cpp(3100,43): warning C4244: '引數': 將 'int' 轉換為 'GLfloat'，由於類型不同，可能導致資料遺失
D:\Junior\opengl\final_01.08\final_01.08\Project2\Project2\Source.cpp(3100,24): warning C4244: '引數': 將 'int' 轉換為 'GLfloat'，由於類型不同，可能導致資料遺失
D:\Junior\opengl\final_01.08\final_01.08\Project2\Project2\Source.cpp(3100,16): warning C4244: '引數': 將 'int' 轉換為 'GLfloat'，由於類型不同，可能導致資料遺失
D:\Junior\opengl\final_01.08\final_01.08\Project2\Project2\Source.cpp(3103,36): warning C4244: '引數': 將 'int' 轉換為 'GLfloat'，由於類型不同，可能導致資料遺失
D:\Junior\opengl\final_01.08\final_01.08\Project2\Project2\Source.cpp(3103,24): warning C4244: '引數': 將 'int' 轉換為 'GLfloat'，由於類型不同，可能導致資料遺失
D:\Junior\opengl\final_01.08\final_01.08\Project2\Project2\Source.cpp(3103,16): warning C4244: '引數': 將 'int' 轉換為 'GLfloat'，由於類型不同，可能導致資料遺失
D:\Junior\opengl\final_01.08\final_01.08\Project2\Project2\Source.cpp(3113,24): warning C4244: '引數': 將 'int' 轉換為 'GLfloat'，由於類型不同，可能導致資料遺失
D:\Junior\opengl\final_01.08\final_01.08\Project2\Project2\Source.cpp(3113,16): warning C4244: '引數': 將 'int' 轉換為 'GLfloat'，由於類型不同，可能導致資料遺失
D:\Junior\opengl\final_01.08\final_01.08\Project2\Project2\Source.cpp(3115,27): warning C4305: '引數': 從 'double' 轉換為 'GLfloat'，是由較大的類型轉換為較小的類型，可能導致資料遺失
D:\Junior\opengl\final_01.08\final_01.08\Project2\Project2\Source.cpp(3116,38): warning C4244: '引數': 將 'int' 轉換為 'GLfloat'，由於類型不同，可能導致資料遺失
D:\Junior\opengl\final_01.08\final_01.08\Project2\Project2\Source.cpp(3116,24): warning C4244: '引數': 將 'int' 轉換為 'GLfloat'，由於類型不同，可能導致資料遺失
D:\Junior\opengl\final_01.08\final_01.08\Project2\Project2\Source.cpp(3116,16): warning C4244: '引數': 將 'int' 轉換為 'GLfloat'，由於類型不同，可能導致資料遺失
D:\Junior\opengl\final_01.08\final_01.08\Project2\Project2\Source.cpp(3118,27): warning C4305: '引數': 從 'double' 轉換為 'GLfloat'，是由較大的類型轉換為較小的類型，可能導致資料遺失
D:\Junior\opengl\final_01.08\final_01.08\Project2\Project2\Source.cpp(3119,37): warning C4244: '引數': 將 'int' 轉換為 'GLfloat'，由於類型不同，可能導致資料遺失
D:\Junior\opengl\final_01.08\final_01.08\Project2\Project2\Source.cpp(3119,23): warning C4244: '引數': 將 'int' 轉換為 'GLfloat'，由於類型不同，可能導致資料遺失
D:\Junior\opengl\final_01.08\final_01.08\Project2\Project2\Source.cpp(3119,16): warning C4244: '引數': 將 'int' 轉換為 'GLfloat'，由於類型不同，可能導致資料遺失
D:\Junior\opengl\final_01.08\final_01.08\Project2\Project2\Source.cpp(3121,26): warning C4305: '引數': 從 'double' 轉換為 'GLfloat'，是由較大的類型轉換為較小的類型，可能導致資料遺失
D:\Junior\opengl\final_01.08\final_01.08\Project2\Project2\Source.cpp(3122,23): warning C4244: '引數': 將 'int' 轉換為 'GLfloat'，由於類型不同，可能導致資料遺失
D:\Junior\opengl\final_01.08\final_01.08\Project2\Project2\Source.cpp(3122,16): warning C4244: '引數': 將 'int' 轉換為 'GLfloat'，由於類型不同，可能導致資料遺失
D:\Junior\opengl\final_01.08\final_01.08\Project2\Project2\Source.cpp(3131,44): warning C4244: '引數': 將 'int' 轉換為 'GLfloat'，由於類型不同，可能導致資料遺失
D:\Junior\opengl\final_01.08\final_01.08\Project2\Project2\Source.cpp(3131,23): warning C4244: '引數': 將 'int' 轉換為 'GLfloat'，由於類型不同，可能導致資料遺失
D:\Junior\opengl\final_01.08\final_01.08\Project2\Project2\Source.cpp(3131,16): warning C4244: '引數': 將 'int' 轉換為 'GLfloat'，由於類型不同，可能導致資料遺失
D:\Junior\opengl\final_01.08\final_01.08\Project2\Project2\Source.cpp(3133,27): warning C4305: '引數': 從 'double' 轉換為 'GLfloat'，是由較大的類型轉換為較小的類型，可能導致資料遺失
D:\Junior\opengl\final_01.08\final_01.08\Project2\Project2\Source.cpp(3134,37): warning C4244: '引數': 將 'int' 轉換為 'GLfloat'，由於類型不同，可能導致資料遺失
D:\Junior\opengl\final_01.08\final_01.08\Project2\Project2\Source.cpp(3134,23): warning C4244: '引數': 將 'int' 轉換為 'GLfloat'，由於類型不同，可能導致資料遺失
D:\Junior\opengl\final_01.08\final_01.08\Project2\Project2\Source.cpp(3134,16): warning C4244: '引數': 將 'int' 轉換為 'GLfloat'，由於類型不同，可能導致資料遺失
D:\Junior\opengl\final_01.08\final_01.08\Project2\Project2\Source.cpp(3136,27): warning C4305: '引數': 從 'double' 轉換為 'GLfloat'，是由較大的類型轉換為較小的類型，可能導致資料遺失
D:\Junior\opengl\final_01.08\final_01.08\Project2\Project2\Source.cpp(3137,38): warning C4244: '引數': 將 'int' 轉換為 'GLfloat'，由於類型不同，可能導致資料遺失
D:\Junior\opengl\final_01.08\final_01.08\Project2\Project2\Source.cpp(3137,24): warning C4244: '引數': 將 'int' 轉換為 'GLfloat'，由於類型不同，可能導致資料遺失
D:\Junior\opengl\final_01.08\final_01.08\Project2\Project2\Source.cpp(3137,16): warning C4244: '引數': 將 'int' 轉換為 'GLfloat'，由於類型不同，可能導致資料遺失
D:\Junior\opengl\final_01.08\final_01.08\Project2\Project2\Source.cpp(3139,26): warning C4305: '引數': 從 'double' 轉換為 'GLfloat'，是由較大的類型轉換為較小的類型，可能導致資料遺失
D:\Junior\opengl\final_01.08\final_01.08\Project2\Project2\Source.cpp(3140,45): warning C4244: '引數': 將 'int' 轉換為 'GLfloat'，由於類型不同，可能導致資料遺失
D:\Junior\opengl\final_01.08\final_01.08\Project2\Project2\Source.cpp(3140,24): warning C4244: '引數': 將 'int' 轉換為 'GLfloat'，由於類型不同，可能導致資料遺失
D:\Junior\opengl\final_01.08\final_01.08\Project2\Project2\Source.cpp(3140,16): warning C4244: '引數': 將 'int' 轉換為 'GLfloat'，由於類型不同，可能導致資料遺失
D:\Junior\opengl\final_01.08\final_01.08\Project2\Project2\Source.cpp(3151,24): warning C4244: '引數': 將 'int' 轉換為 'GLfloat'，由於類型不同，可能導致資料遺失
D:\Junior\opengl\final_01.08\final_01.08\Project2\Project2\Source.cpp(3151,16): warning C4244: '引數': 將 'int' 轉換為 'GLfloat'，由於類型不同，可能導致資料遺失
D:\Junior\opengl\final_01.08\final_01.08\Project2\Project2\Source.cpp(3152,43): warning C4244: '引數': 將 'int' 轉換為 'GLfloat'，由於類型不同，可能導致資料遺失
D:\Junior\opengl\final_01.08\final_01.08\Project2\Project2\Source.cpp(3152,24): warning C4244: '引數': 將 'int' 轉換為 'GLfloat'，由於類型不同，可能導致資料遺失
D:\Junior\opengl\final_01.08\final_01.08\Project2\Project2\Source.cpp(3152,16): warning C4244: '引數': 將 'int' 轉換為 'GLfloat'，由於類型不同，可能導致資料遺失
D:\Junior\opengl\final_01.08\final_01.08\Project2\Project2\Source.cpp(3153,42): warning C4244: '引數': 將 'int' 轉換為 'GLfloat'，由於類型不同，可能導致資料遺失
D:\Junior\opengl\final_01.08\final_01.08\Project2\Project2\Source.cpp(3153,23): warning C4244: '引數': 將 'int' 轉換為 'GLfloat'，由於類型不同，可能導致資料遺失
D:\Junior\opengl\final_01.08\final_01.08\Project2\Project2\Source.cpp(3153,16): warning C4244: '引數': 將 'int' 轉換為 'GLfloat'，由於類型不同，可能導致資料遺失
D:\Junior\opengl\final_01.08\final_01.08\Project2\Project2\Source.cpp(3154,23): warning C4244: '引數': 將 'int' 轉換為 'GLfloat'，由於類型不同，可能導致資料遺失
D:\Junior\opengl\final_01.08\final_01.08\Project2\Project2\Source.cpp(3154,16): warning C4244: '引數': 將 'int' 轉換為 'GLfloat'，由於類型不同，可能導致資料遺失
D:\Junior\opengl\final_01.08\final_01.08\Project2\Project2\Source.cpp(3159,52): warning C4244: '引數': 將 'int' 轉換為 'GLfloat'，由於類型不同，可能導致資料遺失
D:\Junior\opengl\final_01.08\final_01.08\Project2\Project2\Source.cpp(3159,36): warning C4244: '引數': 將 'double' 轉換為 'GLfloat'，由於類型不同，可能導致資料遺失
D:\Junior\opengl\final_01.08\final_01.08\Project2\Project2\Source.cpp(3159,16): warning C4244: '引數': 將 'int' 轉換為 'GLfloat'，由於類型不同，可能導致資料遺失
D:\Junior\opengl\final_01.08\final_01.08\Project2\Project2\Source.cpp(3160,52): warning C4244: '引數': 將 'int' 轉換為 'GLfloat'，由於類型不同，可能導致資料遺失
D:\Junior\opengl\final_01.08\final_01.08\Project2\Project2\Source.cpp(3160,36): warning C4244: '引數': 將 'double' 轉換為 'GLfloat'，由於類型不同，可能導致資料遺失
D:\Junior\opengl\final_01.08\final_01.08\Project2\Project2\Source.cpp(3160,16): warning C4244: '引數': 將 'int' 轉換為 'GLfloat'，由於類型不同，可能導致資料遺失
D:\Junior\opengl\final_01.08\final_01.08\Project2\Project2\Source.cpp(3161,53): warning C4244: '引數': 將 'int' 轉換為 'GLfloat'，由於類型不同，可能導致資料遺失
D:\Junior\opengl\final_01.08\final_01.08\Project2\Project2\Source.cpp(3161,37): warning C4244: '引數': 將 'double' 轉換為 'GLfloat'，由於類型不同，可能導致資料遺失
D:\Junior\opengl\final_01.08\final_01.08\Project2\Project2\Source.cpp(3161,16): warning C4244: '引數': 將 'int' 轉換為 'GLfloat'，由於類型不同，可能導致資料遺失
D:\Junior\opengl\final_01.08\final_01.08\Project2\Project2\Source.cpp(3162,53): warning C4244: '引數': 將 'int' 轉換為 'GLfloat'，由於類型不同，可能導致資料遺失
D:\Junior\opengl\final_01.08\final_01.08\Project2\Project2\Source.cpp(3162,37): warning C4244: '引數': 將 'double' 轉換為 'GLfloat'，由於類型不同，可能導致資料遺失
D:\Junior\opengl\final_01.08\final_01.08\Project2\Project2\Source.cpp(3162,16): warning C4244: '引數': 將 'int' 轉換為 'GLfloat'，由於類型不同，可能導致資料遺失
D:\Junior\opengl\final_01.08\final_01.08\Project2\Project2\Source.cpp(3259,42): warning C4305: '引數': 從 'double' 轉換為 'GLfloat'，是由較大的類型轉換為較小的類型，可能導致資料遺失
D:\Junior\opengl\final_01.08\final_01.08\Project2\Project2\Source.cpp(3278,29): warning C4305: '正在初始化': 從 'double' 轉換為 'float'，是由較大的類型轉換為較小的類型，可能導致資料遺失
D:\Junior\opengl\final_01.08\final_01.08\Project2\Project2\Source.cpp(3306,31): warning C4244: '引數': 將 'double' 轉換為 'GLfloat'，由於類型不同，可能導致資料遺失
D:\Junior\opengl\final_01.08\final_01.08\Project2\Project2\Source.cpp(3316,31): warning C4244: '引數': 將 'double' 轉換為 'GLfloat'，由於類型不同，可能導致資料遺失
D:\Junior\opengl\final_01.08\final_01.08\Project2\Project2\Source.cpp(3318,34): warning C4305: '引數': 從 'double' 轉換為 'GLfloat'，是由較大的類型轉換為較小的類型，可能導致資料遺失
D:\Junior\opengl\final_01.08\final_01.08\Project2\Project2\Source.cpp(3334,31): warning C4244: '引數': 將 'double' 轉換為 'GLfloat'，由於類型不同，可能導致資料遺失
D:\Junior\opengl\final_01.08\final_01.08\Project2\Project2\Source.cpp(3339,36): warning C4305: '引數': 從 'double' 轉換為 'GLfloat'，是由較大的類型轉換為較小的類型，可能導致資料遺失
D:\Junior\opengl\final_01.08\final_01.08\Project2\Project2\Source.cpp(3363,54): warning C4305: '正在初始化': 從 'double' 轉換為 'GLfloat'，是由較大的類型轉換為較小的類型，可能導致資料遺失
D:\Junior\opengl\final_01.08\final_01.08\Project2\Project2\Source.cpp(3364,60): warning C4305: '正在初始化': 從 'double' 轉換為 'GLfloat'，是由較大的類型轉換為較小的類型，可能導致資料遺失
D:\Junior\opengl\final_01.08\final_01.08\Project2\Project2\Source.cpp(3365,54): warning C4305: '正在初始化': 從 'double' 轉換為 'GLfloat'，是由較大的類型轉換為較小的類型，可能導致資料遺失
D:\Junior\opengl\final_01.08\final_01.08\Project2\Project2\Source.cpp(3370,55): warning C4305: '正在初始化': 從 'double' 轉換為 'GLfloat'，是由較大的類型轉換為較小的類型，可能導致資料遺失
D:\Junior\opengl\final_01.08\final_01.08\Project2\Project2\Source.cpp(3391,35): warning C4244: '引數': 將 'double' 轉換為 'GLfloat'，由於類型不同，可能導致資料遺失
D:\Junior\opengl\final_01.08\final_01.08\Project2\Project2\Source.cpp(3409,41): warning C4305: '引數': 從 'double' 轉換為 'GLfloat'，是由較大的類型轉換為較小的類型，可能導致資料遺失
D:\Junior\opengl\final_01.08\final_01.08\Project2\Project2\Source.cpp(3509,46): warning C4305: '引數': 從 'double' 轉換為 'GLfloat'，是由較大的類型轉換為較小的類型，可能導致資料遺失
D:\Junior\opengl\final_01.08\final_01.08\Project2\Project2\Source.cpp(3519,46): warning C4305: '引數': 從 'double' 轉換為 'GLfloat'，是由較大的類型轉換為較小的類型，可能導致資料遺失
D:\Junior\opengl\final_01.08\final_01.08\Project2\Project2\Source.cpp(3529,46): warning C4305: '引數': 從 'double' 轉換為 'GLfloat'，是由較大的類型轉換為較小的類型，可能導致資料遺失
D:\Junior\opengl\final_01.08\final_01.08\Project2\Project2\Source.cpp(3552,19): warning C4244: '引數': 將 'int' 轉換為 'GLfloat'，由於類型不同，可能導致資料遺失
D:\Junior\opengl\final_01.08\final_01.08\Project2\Project2\Source.cpp(3588,31): warning C4244: '引數': 將 'double' 轉換為 'GLfloat'，由於類型不同，可能導致資料遺失
D:\Junior\opengl\final_01.08\final_01.08\Project2\Project2\Source.cpp(3589,19): warning C4244: '引數': 將 'int' 轉換為 'GLfloat'，由於類型不同，可能導致資料遺失
D:\Junior\opengl\final_01.08\final_01.08\Project2\Project2\Source.cpp(3593,23): warning C4244: '引數': 將 'int' 轉換為 'GLfloat'，由於類型不同，可能導致資料遺失
D:\Junior\opengl\final_01.08\final_01.08\Project2\Project2\Source.cpp(3608,38): warning C4305: '引數': 從 'double' 轉換為 'GLfloat'，是由較大的類型轉換為較小的類型，可能導致資料遺失
D:\Junior\opengl\final_01.08\final_01.08\Project2\Project2\Source.cpp(3610,39): warning C4244: '引數': 將 'int' 轉換為 'GLfloat'，由於類型不同，可能導致資料遺失
D:\Junior\opengl\final_01.08\final_01.08\Project2\Project2\Source.cpp(3611,28): warning C4244: '引數': 將 'int' 轉換為 'GLfloat'，由於類型不同，可能導致資料遺失
D:\Junior\opengl\final_01.08\final_01.08\Project2\Project2\Source.cpp(3617,37): warning C4305: '引數': 從 'double' 轉換為 'GLfloat'，是由較大的類型轉換為較小的類型，可能導致資料遺失
D:\Junior\opengl\final_01.08\final_01.08\Project2\Project2\Source.cpp(3619,39): warning C4244: '引數': 將 'int' 轉換為 'GLfloat'，由於類型不同，可能導致資料遺失
D:\Junior\opengl\final_01.08\final_01.08\Project2\Project2\Source.cpp(3620,28): warning C4244: '引數': 將 'int' 轉換為 'GLfloat'，由於類型不同，可能導致資料遺失
D:\Junior\opengl\final_01.08\final_01.08\Project2\Project2\Source.cpp(3630,39): warning C4244: '引數': 將 'int' 轉換為 'GLfloat'，由於類型不同，可能導致資料遺失
D:\Junior\opengl\final_01.08\final_01.08\Project2\Project2\Source.cpp(3631,28): warning C4244: '引數': 將 'int' 轉換為 'GLfloat'，由於類型不同，可能導致資料遺失
D:\Junior\opengl\final_01.08\final_01.08\Project2\Project2\Source.cpp(3641,39): warning C4244: '引數': 將 'int' 轉換為 'GLfloat'，由於類型不同，可能導致資料遺失
D:\Junior\opengl\final_01.08\final_01.08\Project2\Project2\Source.cpp(3642,28): warning C4244: '引數': 將 'int' 轉換為 'GLfloat'，由於類型不同，可能導致資料遺失
D:\Junior\opengl\final_01.08\final_01.08\Project2\Project2\Source.cpp(3785,52): warning C4244: '=': 將 'int' 轉換為 'GLfloat'，由於類型不同，可能導致資料遺失
D:\Junior\opengl\final_01.08\final_01.08\Project2\Project2\Source.cpp(3790,67): warning C4244: '=': 將 'double' 轉換為 'GLfloat'，由於類型不同，可能導致資料遺失
D:\Junior\opengl\final_01.08\final_01.08\Project2\Project2\Source.cpp(3791,60): warning C4244: '=': 將 'double' 轉換為 'GLfloat'，由於類型不同，可能導致資料遺失
D:\Junior\opengl\final_01.08\final_01.08\Project2\Project2\Source.cpp(3793,67): warning C4244: '=': 將 'double' 轉換為 'GLfloat'，由於類型不同，可能導致資料遺失
D:\Junior\opengl\final_01.08\final_01.08\Project2\Project2\Source.cpp(3794,60): warning C4244: '=': 將 'double' 轉換為 'GLfloat'，由於類型不同，可能導致資料遺失
D:\Junior\opengl\final_01.08\final_01.08\Project2\Project2\Source.cpp(3796,67): warning C4244: '=': 將 'double' 轉換為 'GLfloat'，由於類型不同，可能導致資料遺失
D:\Junior\opengl\final_01.08\final_01.08\Project2\Project2\Source.cpp(3798,60): warning C4244: '=': 將 'double' 轉換為 'GLfloat'，由於類型不同，可能導致資料遺失
D:\Junior\opengl\final_01.08\final_01.08\Project2\Project2\Source.cpp(3801,23): warning C4244: '正在初始化': 將 'time_t' 轉換為 'int'，由於類型不同，可能導致資料遺失
D:\Junior\opengl\final_01.08\final_01.08\Project2\Project2\Source.cpp(3804,65): warning C4244: '=': 將 'double' 轉換為 'GLfloat'，由於類型不同，可能導致資料遺失
D:\Junior\opengl\final_01.08\final_01.08\Project2\Project2\Source.cpp(3805,58): warning C4244: '=': 將 'double' 轉換為 'GLfloat'，由於類型不同，可能導致資料遺失
D:\Junior\opengl\final_01.08\final_01.08\Project2\Project2\Source.cpp(3807,65): warning C4244: '=': 將 'double' 轉換為 'GLfloat'，由於類型不同，可能導致資料遺失
D:\Junior\opengl\final_01.08\final_01.08\Project2\Project2\Source.cpp(3808,58): warning C4244: '=': 將 'double' 轉換為 'GLfloat'，由於類型不同，可能導致資料遺失
D:\Junior\opengl\final_01.08\final_01.08\Project2\Project2\Source.cpp(3810,65): warning C4244: '=': 將 'double' 轉換為 'GLfloat'，由於類型不同，可能導致資料遺失
D:\Junior\opengl\final_01.08\final_01.08\Project2\Project2\Source.cpp(3811,58): warning C4244: '=': 將 'double' 轉換為 'GLfloat'，由於類型不同，可能導致資料遺失
D:\Junior\opengl\final_01.08\final_01.08\Project2\Project2\Source.cpp(3866,23): warning C4244: '引數': 將 'time_t' 轉換為 'unsigned int'，由於類型不同，可能導致資料遺失
D:\Junior\opengl\final_01.08\final_01.08\Project2\Project2\Source.cpp(3868,67): warning C4244: '=': 將 'double' 轉換為 'GLfloat'，由於類型不同，可能導致資料遺失
D:\Junior\opengl\final_01.08\final_01.08\Project2\Project2\Source.cpp(3869,60): warning C4244: '=': 將 'double' 轉換為 'GLfloat'，由於類型不同，可能導致資料遺失
D:\Junior\opengl\final_01.08\final_01.08\Project2\Project2\Source.cpp(3871,67): warning C4244: '=': 將 'double' 轉換為 'GLfloat'，由於類型不同，可能導致資料遺失
D:\Junior\opengl\final_01.08\final_01.08\Project2\Project2\Source.cpp(3872,60): warning C4244: '=': 將 'double' 轉換為 'GLfloat'，由於類型不同，可能導致資料遺失
D:\Junior\opengl\final_01.08\final_01.08\Project2\Project2\Source.cpp(3874,67): warning C4244: '=': 將 'double' 轉換為 'GLfloat'，由於類型不同，可能導致資料遺失
D:\Junior\opengl\final_01.08\final_01.08\Project2\Project2\Source.cpp(3876,60): warning C4244: '=': 將 'double' 轉換為 'GLfloat'，由於類型不同，可能導致資料遺失
D:\Junior\opengl\final_01.08\final_01.08\Project2\Project2\Source.cpp(3879,23): warning C4244: '正在初始化': 將 'time_t' 轉換為 'int'，由於類型不同，可能導致資料遺失
D:\Junior\opengl\final_01.08\final_01.08\Project2\Project2\Source.cpp(3882,65): warning C4244: '=': 將 'double' 轉換為 'GLfloat'，由於類型不同，可能導致資料遺失
D:\Junior\opengl\final_01.08\final_01.08\Project2\Project2\Source.cpp(3883,58): warning C4244: '=': 將 'double' 轉換為 'GLfloat'，由於類型不同，可能導致資料遺失
D:\Junior\opengl\final_01.08\final_01.08\Project2\Project2\Source.cpp(3885,65): warning C4244: '=': 將 'double' 轉換為 'GLfloat'，由於類型不同，可能導致資料遺失
D:\Junior\opengl\final_01.08\final_01.08\Project2\Project2\Source.cpp(3886,58): warning C4244: '=': 將 'double' 轉換為 'GLfloat'，由於類型不同，可能導致資料遺失
D:\Junior\opengl\final_01.08\final_01.08\Project2\Project2\Source.cpp(3888,65): warning C4244: '=': 將 'double' 轉換為 'GLfloat'，由於類型不同，可能導致資料遺失
D:\Junior\opengl\final_01.08\final_01.08\Project2\Project2\Source.cpp(3889,58): warning C4244: '=': 將 'double' 轉換為 'GLfloat'，由於類型不同，可能導致資料遺失
D:\Junior\opengl\final_01.08\final_01.08\Project2\Project2\Source.cpp(3932,48): warning C4244: '=': 將 'int' 轉換為 'GLfloat'，由於類型不同，可能導致資料遺失
D:\Junior\opengl\final_01.08\final_01.08\Project2\Project2\Source.cpp(3964,5): warning C4065: switch 陳述式包含 'default'，但沒有 'case' 標籤
D:\Junior\opengl\final_01.08\final_01.08\Project2\Project2\Source.cpp(3972,21): warning C4244: '=': 將 'double' 轉換為 'int'，由於類型不同，可能導致資料遺失
  Project2.vcxproj -> D:\Junior\opengl\final_01.08\final_01.08\Project2\Debug\Project2.exe
