  Source.cpp
D:\Junior\opengl\Project1_copy\Project1\Source.cpp(48,1): warning C4305: '正在初始化': 從 'double' 轉換為 'GLfloat'，是由較大的類型轉換為較小的類型，可能導致資料遺失
D:\Junior\opengl\Project1_copy\Project1\Source.cpp(154,1): warning C4305: '引數': 從 'double' 轉換為 'GLfloat'，是由較大的類型轉換為較小的類型，可能導致資料遺失
D:\Junior\opengl\Project1_copy\Project1\Source.cpp(165,28): warning C4244: '=': 將 'int' 轉換為 'float'，由於類型不同，可能導致資料遺失
D:\Junior\opengl\Project1_copy\Project1\Source.cpp(166,28): warning C4244: '=': 將 'int' 轉換為 'float'，由於類型不同，可能導致資料遺失
D:\Junior\opengl\Project1_copy\Project1\Source.cpp(173,28): warning C4244: '=': 將 'int' 轉換為 'float'，由於類型不同，可能導致資料遺失
D:\Junior\opengl\Project1_copy\Project1\Source.cpp(174,28): warning C4244: '=': 將 'int' 轉換為 'float'，由於類型不同，可能導致資料遺失
D:\Junior\opengl\Project1_copy\Project1\Source.cpp(180,28): warning C4244: '=': 將 'int' 轉換為 'float'，由於類型不同，可能導致資料遺失
D:\Junior\opengl\Project1_copy\Project1\Source.cpp(181,27): warning C4244: '=': 將 'int' 轉換為 'float'，由於類型不同，可能導致資料遺失
D:\Junior\opengl\Project1_copy\Project1\Source.cpp(188,39): warning C4244: '=': 將 'int' 轉換為 'float'，由於類型不同，可能導致資料遺失
D:\Junior\opengl\Project1_copy\Project1\Source.cpp(189,39): warning C4244: '=': 將 'int' 轉換為 'float'，由於類型不同，可能導致資料遺失
D:\Junior\opengl\Project1_copy\Project1\Source.cpp(196,38): warning C4244: '=': 將 'int' 轉換為 'float'，由於類型不同，可能導致資料遺失
D:\Junior\opengl\Project1_copy\Project1\Source.cpp(197,38): warning C4244: '=': 將 'int' 轉換為 'float'，由於類型不同，可能導致資料遺失
D:\Junior\opengl\Project1_copy\Project1\Source.cpp(204,38): warning C4244: '=': 將 'int' 轉換為 'float'，由於類型不同，可能導致資料遺失
D:\Junior\opengl\Project1_copy\Project1\Source.cpp(205,38): warning C4244: '=': 將 'int' 轉換為 'float'，由於類型不同，可能導致資料遺失
D:\Junior\opengl\Project1_copy\Project1\Source.cpp(264,1): warning C4305: '引數': 從 'double' 轉換為 'GLfloat'，是由較大的類型轉換為較小的類型，可能導致資料遺失
D:\Junior\opengl\Project1_copy\Project1\Source.cpp(275,34): warning C4244: '=': 將 'int' 轉換為 'float'，由於類型不同，可能導致資料遺失
D:\Junior\opengl\Project1_copy\Project1\Source.cpp(276,34): warning C4244: '=': 將 'int' 轉換為 'float'，由於類型不同，可能導致資料遺失
D:\Junior\opengl\Project1_copy\Project1\Source.cpp(283,34): warning C4244: '=': 將 'int' 轉換為 'float'，由於類型不同，可能導致資料遺失
D:\Junior\opengl\Project1_copy\Project1\Source.cpp(284,34): warning C4244: '=': 將 'int' 轉換為 'float'，由於類型不同，可能導致資料遺失
D:\Junior\opengl\Project1_copy\Project1\Source.cpp(291,33): warning C4244: '=': 將 'int' 轉換為 'float'，由於類型不同，可能導致資料遺失
D:\Junior\opengl\Project1_copy\Project1\Source.cpp(292,33): warning C4244: '=': 將 'int' 轉換為 'float'，由於類型不同，可能導致資料遺失
D:\Junior\opengl\Project1_copy\Project1\Source.cpp(299,35): warning C4244: '=': 將 'int' 轉換為 'float'，由於類型不同，可能導致資料遺失
D:\Junior\opengl\Project1_copy\Project1\Source.cpp(300,35): warning C4244: '=': 將 'int' 轉換為 'float'，由於類型不同，可能導致資料遺失
D:\Junior\opengl\Project1_copy\Project1\Source.cpp(360,1): warning C4305: '引數': 從 'double' 轉換為 'GLfloat'，是由較大的類型轉換為較小的類型，可能導致資料遺失
D:\Junior\opengl\Project1_copy\Project1\Source.cpp(371,34): warning C4244: '=': 將 'int' 轉換為 'float'，由於類型不同，可能導致資料遺失
D:\Junior\opengl\Project1_copy\Project1\Source.cpp(372,34): warning C4244: '=': 將 'int' 轉換為 'float'，由於類型不同，可能導致資料遺失
D:\Junior\opengl\Project1_copy\Project1\Source.cpp(379,33): warning C4244: '=': 將 'int' 轉換為 'float'，由於類型不同，可能導致資料遺失
D:\Junior\opengl\Project1_copy\Project1\Source.cpp(380,33): warning C4244: '=': 將 'int' 轉換為 'float'，由於類型不同，可能導致資料遺失
D:\Junior\opengl\Project1_copy\Project1\Source.cpp(387,35): warning C4244: '=': 將 'int' 轉換為 'float'，由於類型不同，可能導致資料遺失
D:\Junior\opengl\Project1_copy\Project1\Source.cpp(388,35): warning C4244: '=': 將 'int' 轉換為 'float'，由於類型不同，可能導致資料遺失
D:\Junior\opengl\Project1_copy\Project1\Source.cpp(463,1): warning C4305: '引數': 從 'double' 轉換為 'GLfloat'，是由較大的類型轉換為較小的類型，可能導致資料遺失
D:\Junior\opengl\Project1_copy\Project1\Source.cpp(474,35): warning C4244: '=': 將 'int' 轉換為 'float'，由於類型不同，可能導致資料遺失
D:\Junior\opengl\Project1_copy\Project1\Source.cpp(475,35): warning C4244: '=': 將 'int' 轉換為 'float'，由於類型不同，可能導致資料遺失
D:\Junior\opengl\Project1_copy\Project1\Source.cpp(482,34): warning C4244: '=': 將 'int' 轉換為 'float'，由於類型不同，可能導致資料遺失
D:\Junior\opengl\Project1_copy\Project1\Source.cpp(483,34): warning C4244: '=': 將 'int' 轉換為 'float'，由於類型不同，可能導致資料遺失
D:\Junior\opengl\Project1_copy\Project1\Source.cpp(490,34): warning C4244: '=': 將 'int' 轉換為 'float'，由於類型不同，可能導致資料遺失
D:\Junior\opengl\Project1_copy\Project1\Source.cpp(491,34): warning C4244: '=': 將 'int' 轉換為 'float'，由於類型不同，可能導致資料遺失
D:\Junior\opengl\Project1_copy\Project1\Source.cpp(498,33): warning C4244: '=': 將 'int' 轉換為 'float'，由於類型不同，可能導致資料遺失
D:\Junior\opengl\Project1_copy\Project1\Source.cpp(499,33): warning C4244: '=': 將 'int' 轉換為 'float'，由於類型不同，可能導致資料遺失
D:\Junior\opengl\Project1_copy\Project1\Source.cpp(506,35): warning C4244: '=': 將 'int' 轉換為 'float'，由於類型不同，可能導致資料遺失
D:\Junior\opengl\Project1_copy\Project1\Source.cpp(507,35): warning C4244: '=': 將 'int' 轉換為 'float'，由於類型不同，可能導致資料遺失
D:\Junior\opengl\Project1_copy\Project1\Source.cpp(513,31): warning C4244: '=': 將 'int' 轉換為 'float'，由於類型不同，可能導致資料遺失
D:\Junior\opengl\Project1_copy\Project1\Source.cpp(514,31): warning C4244: '=': 將 'int' 轉換為 'float'，由於類型不同，可能導致資料遺失
D:\Junior\opengl\Project1_copy\Project1\Source.cpp(585,1): warning C4305: '引數': 從 'double' 轉換為 'GLfloat'，是由較大的類型轉換為較小的類型，可能導致資料遺失
D:\Junior\opengl\Project1_copy\Project1\Source.cpp(596,35): warning C4244: '=': 將 'int' 轉換為 'float'，由於類型不同，可能導致資料遺失
D:\Junior\opengl\Project1_copy\Project1\Source.cpp(597,35): warning C4244: '=': 將 'int' 轉換為 'float'，由於類型不同，可能導致資料遺失
D:\Junior\opengl\Project1_copy\Project1\Source.cpp(604,34): warning C4244: '=': 將 'int' 轉換為 'float'，由於類型不同，可能導致資料遺失
D:\Junior\opengl\Project1_copy\Project1\Source.cpp(605,34): warning C4244: '=': 將 'int' 轉換為 'float'，由於類型不同，可能導致資料遺失
D:\Junior\opengl\Project1_copy\Project1\Source.cpp(612,34): warning C4244: '=': 將 'int' 轉換為 'float'，由於類型不同，可能導致資料遺失
D:\Junior\opengl\Project1_copy\Project1\Source.cpp(613,34): warning C4244: '=': 將 'int' 轉換為 'float'，由於類型不同，可能導致資料遺失
D:\Junior\opengl\Project1_copy\Project1\Source.cpp(620,33): warning C4244: '=': 將 'int' 轉換為 'float'，由於類型不同，可能導致資料遺失
D:\Junior\opengl\Project1_copy\Project1\Source.cpp(621,33): warning C4244: '=': 將 'int' 轉換為 'float'，由於類型不同，可能導致資料遺失
D:\Junior\opengl\Project1_copy\Project1\Source.cpp(628,32): warning C4244: '=': 將 'int' 轉換為 'float'，由於類型不同，可能導致資料遺失
D:\Junior\opengl\Project1_copy\Project1\Source.cpp(629,32): warning C4244: '=': 將 'int' 轉換為 'float'，由於類型不同，可能導致資料遺失
D:\Junior\opengl\Project1_copy\Project1\Source.cpp(723,1): warning C4305: '引數': 從 'double' 轉換為 'GLfloat'，是由較大的類型轉換為較小的類型，可能導致資料遺失
D:\Junior\opengl\Project1_copy\Project1\Source.cpp(734,35): warning C4244: '=': 將 'int' 轉換為 'float'，由於類型不同，可能導致資料遺失
D:\Junior\opengl\Project1_copy\Project1\Source.cpp(735,35): warning C4244: '=': 將 'int' 轉換為 'float'，由於類型不同，可能導致資料遺失
D:\Junior\opengl\Project1_copy\Project1\Source.cpp(742,34): warning C4244: '=': 將 'int' 轉換為 'float'，由於類型不同，可能導致資料遺失
D:\Junior\opengl\Project1_copy\Project1\Source.cpp(743,34): warning C4244: '=': 將 'int' 轉換為 'float'，由於類型不同，可能導致資料遺失
D:\Junior\opengl\Project1_copy\Project1\Source.cpp(750,34): warning C4244: '=': 將 'int' 轉換為 'float'，由於類型不同，可能導致資料遺失
D:\Junior\opengl\Project1_copy\Project1\Source.cpp(751,34): warning C4244: '=': 將 'int' 轉換為 'float'，由於類型不同，可能導致資料遺失
D:\Junior\opengl\Project1_copy\Project1\Source.cpp(758,33): warning C4244: '=': 將 'int' 轉換為 'float'，由於類型不同，可能導致資料遺失
D:\Junior\opengl\Project1_copy\Project1\Source.cpp(759,33): warning C4244: '=': 將 'int' 轉換為 'float'，由於類型不同，可能導致資料遺失
D:\Junior\opengl\Project1_copy\Project1\Source.cpp(766,35): warning C4244: '=': 將 'int' 轉換為 'float'，由於類型不同，可能導致資料遺失
D:\Junior\opengl\Project1_copy\Project1\Source.cpp(767,35): warning C4244: '=': 將 'int' 轉換為 'float'，由於類型不同，可能導致資料遺失
D:\Junior\opengl\Project1_copy\Project1\Source.cpp(880,1): warning C4305: '引數': 從 'double' 轉換為 'GLfloat'，是由較大的類型轉換為較小的類型，可能導致資料遺失
D:\Junior\opengl\Project1_copy\Project1\Source.cpp(895,1): warning C4305: '引數': 從 'double' 轉換為 'GLfloat'，是由較大的類型轉換為較小的類型，可能導致資料遺失
D:\Junior\opengl\Project1_copy\Project1\Source.cpp(903,1): warning C4305: '引數': 從 'double' 轉換為 'GLfloat'，是由較大的類型轉換為較小的類型，可能導致資料遺失
D:\Junior\opengl\Project1_copy\Project1\Source.cpp(1011,17): warning C4244: '=': 將 'double' 轉換為 'float'，由於類型不同，可能導致資料遺失
D:\Junior\opengl\Project1_copy\Project1\Source.cpp(1130,1): warning C4305: '引數': 從 'double' 轉換為 'GLfloat'，是由較大的類型轉換為較小的類型，可能導致資料遺失
D:\Junior\opengl\Project1_copy\Project1\Source.cpp(1135,29): warning C4244: '=': 將 'int' 轉換為 'float'，由於類型不同，可能導致資料遺失
D:\Junior\opengl\Project1_copy\Project1\Source.cpp(1136,29): warning C4244: '=': 將 'int' 轉換為 'float'，由於類型不同，可能導致資料遺失
D:\Junior\opengl\Project1_copy\Project1\Source.cpp(1137,29): warning C4244: '=': 將 'int' 轉換為 'float'，由於類型不同，可能導致資料遺失
D:\Junior\opengl\Project1_copy\Project1\Source.cpp(1138,29): warning C4244: '=': 將 'int' 轉換為 'float'，由於類型不同，可能導致資料遺失
D:\Junior\opengl\Project1_copy\Project1\Source.cpp(1139,29): warning C4244: '=': 將 'int' 轉換為 'float'，由於類型不同，可能導致資料遺失
D:\Junior\opengl\Project1_copy\Project1\Source.cpp(1140,29): warning C4244: '=': 將 'int' 轉換為 'float'，由於類型不同，可能導致資料遺失
D:\Junior\opengl\Project1_copy\Project1\Source.cpp(1148,29): warning C4244: '=': 將 'int' 轉換為 'float'，由於類型不同，可能導致資料遺失
D:\Junior\opengl\Project1_copy\Project1\Source.cpp(1149,29): warning C4244: '=': 將 'int' 轉換為 'float'，由於類型不同，可能導致資料遺失
D:\Junior\opengl\Project1_copy\Project1\Source.cpp(1150,29): warning C4244: '=': 將 'int' 轉換為 'float'，由於類型不同，可能導致資料遺失
D:\Junior\opengl\Project1_copy\Project1\Source.cpp(1151,29): warning C4244: '=': 將 'int' 轉換為 'float'，由於類型不同，可能導致資料遺失
D:\Junior\opengl\Project1_copy\Project1\Source.cpp(1152,29): warning C4244: '=': 將 'int' 轉換為 'float'，由於類型不同，可能導致資料遺失
D:\Junior\opengl\Project1_copy\Project1\Source.cpp(1153,29): warning C4244: '=': 將 'int' 轉換為 'float'，由於類型不同，可能導致資料遺失
D:\Junior\opengl\Project1_copy\Project1\Source.cpp(1156,30): warning C4244: '=': 將 'int' 轉換為 'float'，由於類型不同，可能導致資料遺失
D:\Junior\opengl\Project1_copy\Project1\Source.cpp(1157,29): warning C4244: '=': 將 'int' 轉換為 'float'，由於類型不同，可能導致資料遺失
D:\Junior\opengl\Project1_copy\Project1\Source.cpp(1158,31): warning C4244: '=': 將 'int' 轉換為 'float'，由於類型不同，可能導致資料遺失
D:\Junior\opengl\Project1_copy\Project1\Source.cpp(1159,29): warning C4244: '=': 將 'int' 轉換為 'float'，由於類型不同，可能導致資料遺失
D:\Junior\opengl\Project1_copy\Project1\Source.cpp(1160,31): warning C4244: '=': 將 'int' 轉換為 'float'，由於類型不同，可能導致資料遺失
D:\Junior\opengl\Project1_copy\Project1\Source.cpp(1161,28): warning C4244: '=': 將 'int' 轉換為 'float'，由於類型不同，可能導致資料遺失
D:\Junior\opengl\Project1_copy\Project1\Source.cpp(1287,1): warning C4305: '引數': 從 'double' 轉換為 'GLfloat'，是由較大的類型轉換為較小的類型，可能導致資料遺失
D:\Junior\opengl\Project1_copy\Project1\Source.cpp(1349,1): warning C4305: '引數': 從 'double' 轉換為 'GLfloat'，是由較大的類型轉換為較小的類型，可能導致資料遺失
D:\Junior\opengl\Project1_copy\Project1\Source.cpp(1407,1): warning C4305: '引數': 從 'double' 轉換為 'GLfloat'，是由較大的類型轉換為較小的類型，可能導致資料遺失
D:\Junior\opengl\Project1_copy\Project1\Source.cpp(1438,15): warning C4305: '正在初始化': 從 'double' 轉換為 'GLfloat'，是由較大的類型轉換為較小的類型，可能導致資料遺失
D:\Junior\opengl\Project1_copy\Project1\Source.cpp(1444,35): warning C4305: '引數': 從 'double' 轉換為 'GLfloat'，是由較大的類型轉換為較小的類型，可能導致資料遺失
D:\Junior\opengl\Project1_copy\Project1\Source.cpp(1518,17): warning C4244: '=': 將 'double' 轉換為 'GLfloat'，由於類型不同，可能導致資料遺失
D:\Junior\opengl\Project1_copy\Project1\Source.cpp(1520,17): warning C4244: '=': 將 'double' 轉換為 'GLfloat'，由於類型不同，可能導致資料遺失
  Project1.vcxproj -> D:\Junior\opengl\Project1_copy\Debug\Project1.exe
