  Source.cpp
D:\Junior\opengl\final\Project2\Project2\Source.cpp(336,51): warning C4244: '=': 將 'double' 轉換為 'GLfloat'，由於類型不同，可能導致資料遺失
D:\Junior\opengl\final\Project2\Project2\Source.cpp(365,51): warning C4244: '=': 將 'double' 轉換為 'GLfloat'，由於類型不同，可能導致資料遺失
D:\Junior\opengl\final\Project2\Project2\Source.cpp(395,51): warning C4244: '=': 將 'double' 轉換為 'GLfloat'，由於類型不同，可能導致資料遺失
D:\Junior\opengl\final\Project2\Project2\Source.cpp(436,51): warning C4244: '=': 將 'double' 轉換為 'GLfloat'，由於類型不同，可能導致資料遺失
D:\Junior\opengl\final\Project2\Project2\Source.cpp(490,51): warning C4244: '=': 將 'double' 轉換為 'GLfloat'，由於類型不同，可能導致資料遺失
D:\Junior\opengl\final\Project2\Project2\Source.cpp(528,51): warning C4244: '=': 將 'double' 轉換為 'GLfloat'，由於類型不同，可能導致資料遺失
D:\Junior\opengl\final\Project2\Project2\Source.cpp(751,53): warning C4305: '正在初始化': 從 'double' 轉換為 'GLfloat'，是由較大的類型轉換為較小的類型，可能導致資料遺失
D:\Junior\opengl\final\Project2\Project2\Source.cpp(818,23): warning C4018: '<': signed/unsigned 不相符
D:\Junior\opengl\final\Project2\Project2\Source.cpp(869,23): warning C4244: '引數': 將 'int' 轉換為 'GLfloat'，由於類型不同，可能導致資料遺失
D:\Junior\opengl\final\Project2\Project2\Source.cpp(869,16): warning C4244: '引數': 將 'int' 轉換為 'GLfloat'，由於類型不同，可能導致資料遺失
D:\Junior\opengl\final\Project2\Project2\Source.cpp(871,27): warning C4305: '引數': 從 'double' 轉換為 'GLfloat'，是由較大的類型轉換為較小的類型，可能導致資料遺失
D:\Junior\opengl\final\Project2\Project2\Source.cpp(872,37): warning C4244: '引數': 將 'int' 轉換為 'GLfloat'，由於類型不同，可能導致資料遺失
D:\Junior\opengl\final\Project2\Project2\Source.cpp(872,23): warning C4244: '引數': 將 'int' 轉換為 'GLfloat'，由於類型不同，可能導致資料遺失
D:\Junior\opengl\final\Project2\Project2\Source.cpp(872,16): warning C4244: '引數': 將 'int' 轉換為 'GLfloat'，由於類型不同，可能導致資料遺失
D:\Junior\opengl\final\Project2\Project2\Source.cpp(874,27): warning C4305: '引數': 從 'double' 轉換為 'GLfloat'，是由較大的類型轉換為較小的類型，可能導致資料遺失
D:\Junior\opengl\final\Project2\Project2\Source.cpp(875,35): warning C4244: '引數': 將 'int' 轉換為 'GLfloat'，由於類型不同，可能導致資料遺失
D:\Junior\opengl\final\Project2\Project2\Source.cpp(875,23): warning C4244: '引數': 將 'int' 轉換為 'GLfloat'，由於類型不同，可能導致資料遺失
D:\Junior\opengl\final\Project2\Project2\Source.cpp(875,16): warning C4244: '引數': 將 'int' 轉換為 'GLfloat'，由於類型不同，可能導致資料遺失
D:\Junior\opengl\final\Project2\Project2\Source.cpp(878,23): warning C4244: '引數': 將 'int' 轉換為 'GLfloat'，由於類型不同，可能導致資料遺失
D:\Junior\opengl\final\Project2\Project2\Source.cpp(878,16): warning C4244: '引數': 將 'int' 轉換為 'GLfloat'，由於類型不同，可能導致資料遺失
D:\Junior\opengl\final\Project2\Project2\Source.cpp(887,44): warning C4244: '引數': 將 'int' 轉換為 'GLfloat'，由於類型不同，可能導致資料遺失
D:\Junior\opengl\final\Project2\Project2\Source.cpp(887,23): warning C4244: '引數': 將 'int' 轉換為 'GLfloat'，由於類型不同，可能導致資料遺失
D:\Junior\opengl\final\Project2\Project2\Source.cpp(887,16): warning C4244: '引數': 將 'int' 轉換為 'GLfloat'，由於類型不同，可能導致資料遺失
D:\Junior\opengl\final\Project2\Project2\Source.cpp(889,27): warning C4305: '引數': 從 'double' 轉換為 'GLfloat'，是由較大的類型轉換為較小的類型，可能導致資料遺失
D:\Junior\opengl\final\Project2\Project2\Source.cpp(890,37): warning C4244: '引數': 將 'int' 轉換為 'GLfloat'，由於類型不同，可能導致資料遺失
D:\Junior\opengl\final\Project2\Project2\Source.cpp(890,23): warning C4244: '引數': 將 'int' 轉換為 'GLfloat'，由於類型不同，可能導致資料遺失
D:\Junior\opengl\final\Project2\Project2\Source.cpp(890,16): warning C4244: '引數': 將 'int' 轉換為 'GLfloat'，由於類型不同，可能導致資料遺失
D:\Junior\opengl\final\Project2\Project2\Source.cpp(892,27): warning C4305: '引數': 從 'double' 轉換為 'GLfloat'，是由較大的類型轉換為較小的類型，可能導致資料遺失
D:\Junior\opengl\final\Project2\Project2\Source.cpp(893,35): warning C4244: '引數': 將 'int' 轉換為 'GLfloat'，由於類型不同，可能導致資料遺失
D:\Junior\opengl\final\Project2\Project2\Source.cpp(893,23): warning C4244: '引數': 將 'int' 轉換為 'GLfloat'，由於類型不同，可能導致資料遺失
D:\Junior\opengl\final\Project2\Project2\Source.cpp(893,16): warning C4244: '引數': 將 'int' 轉換為 'GLfloat'，由於類型不同，可能導致資料遺失
D:\Junior\opengl\final\Project2\Project2\Source.cpp(896,42): warning C4244: '引數': 將 'int' 轉換為 'GLfloat'，由於類型不同，可能導致資料遺失
D:\Junior\opengl\final\Project2\Project2\Source.cpp(896,23): warning C4244: '引數': 將 'int' 轉換為 'GLfloat'，由於類型不同，可能導致資料遺失
D:\Junior\opengl\final\Project2\Project2\Source.cpp(896,16): warning C4244: '引數': 將 'int' 轉換為 'GLfloat'，由於類型不同，可能導致資料遺失
D:\Junior\opengl\final\Project2\Project2\Source.cpp(906,24): warning C4244: '引數': 將 'int' 轉換為 'GLfloat'，由於類型不同，可能導致資料遺失
D:\Junior\opengl\final\Project2\Project2\Source.cpp(906,16): warning C4244: '引數': 將 'int' 轉換為 'GLfloat'，由於類型不同，可能導致資料遺失
D:\Junior\opengl\final\Project2\Project2\Source.cpp(908,26): warning C4305: '引數': 從 'double' 轉換為 'GLfloat'，是由較大的類型轉換為較小的類型，可能導致資料遺失
D:\Junior\opengl\final\Project2\Project2\Source.cpp(909,23): warning C4244: '引數': 將 'int' 轉換為 'GLfloat'，由於類型不同，可能導致資料遺失
D:\Junior\opengl\final\Project2\Project2\Source.cpp(909,16): warning C4244: '引數': 將 'int' 轉換為 'GLfloat'，由於類型不同，可能導致資料遺失
D:\Junior\opengl\final\Project2\Project2\Source.cpp(911,26): warning C4305: '引數': 從 'double' 轉換為 'GLfloat'，是由較大的類型轉換為較小的類型，可能導致資料遺失
D:\Junior\opengl\final\Project2\Project2\Source.cpp(912,23): warning C4244: '引數': 將 'int' 轉換為 'GLfloat'，由於類型不同，可能導致資料遺失
D:\Junior\opengl\final\Project2\Project2\Source.cpp(912,16): warning C4244: '引數': 將 'int' 轉換為 'GLfloat'，由於類型不同，可能導致資料遺失
D:\Junior\opengl\final\Project2\Project2\Source.cpp(915,24): warning C4244: '引數': 將 'int' 轉換為 'GLfloat'，由於類型不同，可能導致資料遺失
D:\Junior\opengl\final\Project2\Project2\Source.cpp(915,16): warning C4244: '引數': 將 'int' 轉換為 'GLfloat'，由於類型不同，可能導致資料遺失
D:\Junior\opengl\final\Project2\Project2\Source.cpp(924,38): warning C4244: '引數': 將 'int' 轉換為 'GLfloat'，由於類型不同，可能導致資料遺失
D:\Junior\opengl\final\Project2\Project2\Source.cpp(924,24): warning C4244: '引數': 將 'int' 轉換為 'GLfloat'，由於類型不同，可能導致資料遺失
D:\Junior\opengl\final\Project2\Project2\Source.cpp(924,16): warning C4244: '引數': 將 'int' 轉換為 'GLfloat'，由於類型不同，可能導致資料遺失
D:\Junior\opengl\final\Project2\Project2\Source.cpp(926,27): warning C4305: '引數': 從 'double' 轉換為 'GLfloat'，是由較大的類型轉換為較小的類型，可能導致資料遺失
D:\Junior\opengl\final\Project2\Project2\Source.cpp(927,24): warning C4244: '引數': 將 'int' 轉換為 'GLfloat'，由於類型不同，可能導致資料遺失
D:\Junior\opengl\final\Project2\Project2\Source.cpp(927,16): warning C4244: '引數': 將 'int' 轉換為 'GLfloat'，由於類型不同，可能導致資料遺失
D:\Junior\opengl\final\Project2\Project2\Source.cpp(929,27): warning C4305: '引數': 從 'double' 轉換為 'GLfloat'，是由較大的類型轉換為較小的類型，可能導致資料遺失
D:\Junior\opengl\final\Project2\Project2\Source.cpp(930,24): warning C4244: '引數': 將 'int' 轉換為 'GLfloat'，由於類型不同，可能導致資料遺失
D:\Junior\opengl\final\Project2\Project2\Source.cpp(930,16): warning C4244: '引數': 將 'int' 轉換為 'GLfloat'，由於類型不同，可能導致資料遺失
D:\Junior\opengl\final\Project2\Project2\Source.cpp(933,36): warning C4244: '引數': 將 'int' 轉換為 'GLfloat'，由於類型不同，可能導致資料遺失
D:\Junior\opengl\final\Project2\Project2\Source.cpp(933,24): warning C4244: '引數': 將 'int' 轉換為 'GLfloat'，由於類型不同，可能導致資料遺失
D:\Junior\opengl\final\Project2\Project2\Source.cpp(933,16): warning C4244: '引數': 將 'int' 轉換為 'GLfloat'，由於類型不同，可能導致資料遺失
D:\Junior\opengl\final\Project2\Project2\Source.cpp(943,38): warning C4244: '引數': 將 'int' 轉換為 'GLfloat'，由於類型不同，可能導致資料遺失
D:\Junior\opengl\final\Project2\Project2\Source.cpp(943,24): warning C4244: '引數': 將 'int' 轉換為 'GLfloat'，由於類型不同，可能導致資料遺失
D:\Junior\opengl\final\Project2\Project2\Source.cpp(943,16): warning C4244: '引數': 將 'int' 轉換為 'GLfloat'，由於類型不同，可能導致資料遺失
D:\Junior\opengl\final\Project2\Project2\Source.cpp(945,27): warning C4305: '引數': 從 'double' 轉換為 'GLfloat'，是由較大的類型轉換為較小的類型，可能導致資料遺失
D:\Junior\opengl\final\Project2\Project2\Source.cpp(946,45): warning C4244: '引數': 將 'int' 轉換為 'GLfloat'，由於類型不同，可能導致資料遺失
D:\Junior\opengl\final\Project2\Project2\Source.cpp(946,24): warning C4244: '引數': 將 'int' 轉換為 'GLfloat'，由於類型不同，可能導致資料遺失
D:\Junior\opengl\final\Project2\Project2\Source.cpp(946,16): warning C4244: '引數': 將 'int' 轉換為 'GLfloat'，由於類型不同，可能導致資料遺失
D:\Junior\opengl\final\Project2\Project2\Source.cpp(948,27): warning C4305: '引數': 從 'double' 轉換為 'GLfloat'，是由較大的類型轉換為較小的類型，可能導致資料遺失
D:\Junior\opengl\final\Project2\Project2\Source.cpp(949,43): warning C4244: '引數': 將 'int' 轉換為 'GLfloat'，由於類型不同，可能導致資料遺失
D:\Junior\opengl\final\Project2\Project2\Source.cpp(949,24): warning C4244: '引數': 將 'int' 轉換為 'GLfloat'，由於類型不同，可能導致資料遺失
D:\Junior\opengl\final\Project2\Project2\Source.cpp(949,16): warning C4244: '引數': 將 'int' 轉換為 'GLfloat'，由於類型不同，可能導致資料遺失
D:\Junior\opengl\final\Project2\Project2\Source.cpp(952,36): warning C4244: '引數': 將 'int' 轉換為 'GLfloat'，由於類型不同，可能導致資料遺失
D:\Junior\opengl\final\Project2\Project2\Source.cpp(952,24): warning C4244: '引數': 將 'int' 轉換為 'GLfloat'，由於類型不同，可能導致資料遺失
D:\Junior\opengl\final\Project2\Project2\Source.cpp(952,16): warning C4244: '引數': 將 'int' 轉換為 'GLfloat'，由於類型不同，可能導致資料遺失
D:\Junior\opengl\final\Project2\Project2\Source.cpp(962,24): warning C4244: '引數': 將 'int' 轉換為 'GLfloat'，由於類型不同，可能導致資料遺失
D:\Junior\opengl\final\Project2\Project2\Source.cpp(962,16): warning C4244: '引數': 將 'int' 轉換為 'GLfloat'，由於類型不同，可能導致資料遺失
D:\Junior\opengl\final\Project2\Project2\Source.cpp(964,27): warning C4305: '引數': 從 'double' 轉換為 'GLfloat'，是由較大的類型轉換為較小的類型，可能導致資料遺失
D:\Junior\opengl\final\Project2\Project2\Source.cpp(965,38): warning C4244: '引數': 將 'int' 轉換為 'GLfloat'，由於類型不同，可能導致資料遺失
D:\Junior\opengl\final\Project2\Project2\Source.cpp(965,24): warning C4244: '引數': 將 'int' 轉換為 'GLfloat'，由於類型不同，可能導致資料遺失
D:\Junior\opengl\final\Project2\Project2\Source.cpp(965,16): warning C4244: '引數': 將 'int' 轉換為 'GLfloat'，由於類型不同，可能導致資料遺失
D:\Junior\opengl\final\Project2\Project2\Source.cpp(967,27): warning C4305: '引數': 從 'double' 轉換為 'GLfloat'，是由較大的類型轉換為較小的類型，可能導致資料遺失
D:\Junior\opengl\final\Project2\Project2\Source.cpp(968,37): warning C4244: '引數': 將 'int' 轉換為 'GLfloat'，由於類型不同，可能導致資料遺失
D:\Junior\opengl\final\Project2\Project2\Source.cpp(968,23): warning C4244: '引數': 將 'int' 轉換為 'GLfloat'，由於類型不同，可能導致資料遺失
D:\Junior\opengl\final\Project2\Project2\Source.cpp(968,16): warning C4244: '引數': 將 'int' 轉換為 'GLfloat'，由於類型不同，可能導致資料遺失
D:\Junior\opengl\final\Project2\Project2\Source.cpp(970,26): warning C4305: '引數': 從 'double' 轉換為 'GLfloat'，是由較大的類型轉換為較小的類型，可能導致資料遺失
D:\Junior\opengl\final\Project2\Project2\Source.cpp(971,23): warning C4244: '引數': 將 'int' 轉換為 'GLfloat'，由於類型不同，可能導致資料遺失
D:\Junior\opengl\final\Project2\Project2\Source.cpp(971,16): warning C4244: '引數': 將 'int' 轉換為 'GLfloat'，由於類型不同，可能導致資料遺失
D:\Junior\opengl\final\Project2\Project2\Source.cpp(980,44): warning C4244: '引數': 將 'int' 轉換為 'GLfloat'，由於類型不同，可能導致資料遺失
D:\Junior\opengl\final\Project2\Project2\Source.cpp(980,23): warning C4244: '引數': 將 'int' 轉換為 'GLfloat'，由於類型不同，可能導致資料遺失
D:\Junior\opengl\final\Project2\Project2\Source.cpp(980,16): warning C4244: '引數': 將 'int' 轉換為 'GLfloat'，由於類型不同，可能導致資料遺失
D:\Junior\opengl\final\Project2\Project2\Source.cpp(982,27): warning C4305: '引數': 從 'double' 轉換為 'GLfloat'，是由較大的類型轉換為較小的類型，可能導致資料遺失
D:\Junior\opengl\final\Project2\Project2\Source.cpp(983,37): warning C4244: '引數': 將 'int' 轉換為 'GLfloat'，由於類型不同，可能導致資料遺失
D:\Junior\opengl\final\Project2\Project2\Source.cpp(983,23): warning C4244: '引數': 將 'int' 轉換為 'GLfloat'，由於類型不同，可能導致資料遺失
D:\Junior\opengl\final\Project2\Project2\Source.cpp(983,16): warning C4244: '引數': 將 'int' 轉換為 'GLfloat'，由於類型不同，可能導致資料遺失
D:\Junior\opengl\final\Project2\Project2\Source.cpp(985,27): warning C4305: '引數': 從 'double' 轉換為 'GLfloat'，是由較大的類型轉換為較小的類型，可能導致資料遺失
D:\Junior\opengl\final\Project2\Project2\Source.cpp(986,38): warning C4244: '引數': 將 'int' 轉換為 'GLfloat'，由於類型不同，可能導致資料遺失
D:\Junior\opengl\final\Project2\Project2\Source.cpp(986,24): warning C4244: '引數': 將 'int' 轉換為 'GLfloat'，由於類型不同，可能導致資料遺失
D:\Junior\opengl\final\Project2\Project2\Source.cpp(986,16): warning C4244: '引數': 將 'int' 轉換為 'GLfloat'，由於類型不同，可能導致資料遺失
D:\Junior\opengl\final\Project2\Project2\Source.cpp(988,26): warning C4305: '引數': 從 'double' 轉換為 'GLfloat'，是由較大的類型轉換為較小的類型，可能導致資料遺失
D:\Junior\opengl\final\Project2\Project2\Source.cpp(989,45): warning C4244: '引數': 將 'int' 轉換為 'GLfloat'，由於類型不同，可能導致資料遺失
D:\Junior\opengl\final\Project2\Project2\Source.cpp(989,24): warning C4244: '引數': 將 'int' 轉換為 'GLfloat'，由於類型不同，可能導致資料遺失
D:\Junior\opengl\final\Project2\Project2\Source.cpp(989,16): warning C4244: '引數': 將 'int' 轉換為 'GLfloat'，由於類型不同，可能導致資料遺失
D:\Junior\opengl\final\Project2\Project2\Source.cpp(1000,24): warning C4244: '引數': 將 'int' 轉換為 'GLfloat'，由於類型不同，可能導致資料遺失
D:\Junior\opengl\final\Project2\Project2\Source.cpp(1000,16): warning C4244: '引數': 將 'int' 轉換為 'GLfloat'，由於類型不同，可能導致資料遺失
D:\Junior\opengl\final\Project2\Project2\Source.cpp(1001,43): warning C4244: '引數': 將 'int' 轉換為 'GLfloat'，由於類型不同，可能導致資料遺失
D:\Junior\opengl\final\Project2\Project2\Source.cpp(1001,24): warning C4244: '引數': 將 'int' 轉換為 'GLfloat'，由於類型不同，可能導致資料遺失
D:\Junior\opengl\final\Project2\Project2\Source.cpp(1001,16): warning C4244: '引數': 將 'int' 轉換為 'GLfloat'，由於類型不同，可能導致資料遺失
D:\Junior\opengl\final\Project2\Project2\Source.cpp(1002,42): warning C4244: '引數': 將 'int' 轉換為 'GLfloat'，由於類型不同，可能導致資料遺失
D:\Junior\opengl\final\Project2\Project2\Source.cpp(1002,23): warning C4244: '引數': 將 'int' 轉換為 'GLfloat'，由於類型不同，可能導致資料遺失
D:\Junior\opengl\final\Project2\Project2\Source.cpp(1002,16): warning C4244: '引數': 將 'int' 轉換為 'GLfloat'，由於類型不同，可能導致資料遺失
D:\Junior\opengl\final\Project2\Project2\Source.cpp(1003,23): warning C4244: '引數': 將 'int' 轉換為 'GLfloat'，由於類型不同，可能導致資料遺失
D:\Junior\opengl\final\Project2\Project2\Source.cpp(1003,16): warning C4244: '引數': 將 'int' 轉換為 'GLfloat'，由於類型不同，可能導致資料遺失
D:\Junior\opengl\final\Project2\Project2\Source.cpp(1007,50): warning C4244: '引數': 將 'int' 轉換為 'GLfloat'，由於類型不同，可能導致資料遺失
D:\Junior\opengl\final\Project2\Project2\Source.cpp(1007,35): warning C4244: '引數': 將 'double' 轉換為 'GLfloat'，由於類型不同，可能導致資料遺失
D:\Junior\opengl\final\Project2\Project2\Source.cpp(1007,16): warning C4244: '引數': 將 'int' 轉換為 'GLfloat'，由於類型不同，可能導致資料遺失
D:\Junior\opengl\final\Project2\Project2\Source.cpp(1008,53): warning C4244: '引數': 將 'int' 轉換為 'GLfloat'，由於類型不同，可能導致資料遺失
D:\Junior\opengl\final\Project2\Project2\Source.cpp(1008,36): warning C4244: '引數': 將 'double' 轉換為 'GLfloat'，由於類型不同，可能導致資料遺失
D:\Junior\opengl\final\Project2\Project2\Source.cpp(1008,16): warning C4244: '引數': 將 'int' 轉換為 'GLfloat'，由於類型不同，可能導致資料遺失
D:\Junior\opengl\final\Project2\Project2\Source.cpp(1009,54): warning C4244: '引數': 將 'int' 轉換為 'GLfloat'，由於類型不同，可能導致資料遺失
D:\Junior\opengl\final\Project2\Project2\Source.cpp(1009,37): warning C4244: '引數': 將 'double' 轉換為 'GLfloat'，由於類型不同，可能導致資料遺失
D:\Junior\opengl\final\Project2\Project2\Source.cpp(1009,16): warning C4244: '引數': 將 'int' 轉換為 'GLfloat'，由於類型不同，可能導致資料遺失
D:\Junior\opengl\final\Project2\Project2\Source.cpp(1010,54): warning C4244: '引數': 將 'int' 轉換為 'GLfloat'，由於類型不同，可能導致資料遺失
D:\Junior\opengl\final\Project2\Project2\Source.cpp(1010,37): warning C4244: '引數': 將 'double' 轉換為 'GLfloat'，由於類型不同，可能導致資料遺失
D:\Junior\opengl\final\Project2\Project2\Source.cpp(1010,16): warning C4244: '引數': 將 'int' 轉換為 'GLfloat'，由於類型不同，可能導致資料遺失
D:\Junior\opengl\final\Project2\Project2\Source.cpp(1017,42): warning C4244: '正在初始化': 將 'int' 轉換為 'GLfloat'，由於類型不同，可能導致資料遺失
D:\Junior\opengl\final\Project2\Project2\Source.cpp(1026,50): warning C4305: '正在初始化': 從 'double' 轉換為 'GLfloat'，是由較大的類型轉換為較小的類型，可能導致資料遺失
D:\Junior\opengl\final\Project2\Project2\Source.cpp(1027,56): warning C4305: '正在初始化': 從 'double' 轉換為 'GLfloat'，是由較大的類型轉換為較小的類型，可能導致資料遺失
D:\Junior\opengl\final\Project2\Project2\Source.cpp(1028,50): warning C4305: '正在初始化': 從 'double' 轉換為 'GLfloat'，是由較大的類型轉換為較小的類型，可能導致資料遺失
D:\Junior\opengl\final\Project2\Project2\Source.cpp(1033,51): warning C4305: '正在初始化': 從 'double' 轉換為 'GLfloat'，是由較大的類型轉換為較小的類型，可能導致資料遺失
D:\Junior\opengl\final\Project2\Project2\Source.cpp(1039,48): warning C4244: '引數': 將 'double' 轉換為 'GLfloat'，由於類型不同，可能導致資料遺失
D:\Junior\opengl\final\Project2\Project2\Source.cpp(1039,38): warning C4244: '引數': 將 'int' 轉換為 'GLfloat'，由於類型不同，可能導致資料遺失
D:\Junior\opengl\final\Project2\Project2\Source.cpp(1039,24): warning C4244: '引數': 將 'int' 轉換為 'GLfloat'，由於類型不同，可能導致資料遺失
D:\Junior\opengl\final\Project2\Project2\Source.cpp(1079,23): warning C4244: '引數': 將 'int' 轉換為 'GLfloat'，由於類型不同，可能導致資料遺失
D:\Junior\opengl\final\Project2\Project2\Source.cpp(1116,34): warning C4244: '引數': 將 'double' 轉換為 'GLfloat'，由於類型不同，可能導致資料遺失
D:\Junior\opengl\final\Project2\Project2\Source.cpp(1117,23): warning C4244: '引數': 將 'int' 轉換為 'GLfloat'，由於類型不同，可能導致資料遺失
D:\Junior\opengl\final\Project2\Project2\Source.cpp(1121,27): warning C4244: '引數': 將 'int' 轉換為 'GLfloat'，由於類型不同，可能導致資料遺失
D:\Junior\opengl\final\Project2\Project2\Source.cpp(1138,46): warning C4305: '引數': 從 'double' 轉換為 'GLfloat'，是由較大的類型轉換為較小的類型，可能導致資料遺失
D:\Junior\opengl\final\Project2\Project2\Source.cpp(1140,46): warning C4244: '引數': 將 'int' 轉換為 'GLfloat'，由於類型不同，可能導致資料遺失
D:\Junior\opengl\final\Project2\Project2\Source.cpp(1141,36): warning C4244: '引數': 將 'int' 轉換為 'GLfloat'，由於類型不同，可能導致資料遺失
D:\Junior\opengl\final\Project2\Project2\Source.cpp(1149,45): warning C4305: '引數': 從 'double' 轉換為 'GLfloat'，是由較大的類型轉換為較小的類型，可能導致資料遺失
D:\Junior\opengl\final\Project2\Project2\Source.cpp(1151,47): warning C4244: '引數': 將 'int' 轉換為 'GLfloat'，由於類型不同，可能導致資料遺失
D:\Junior\opengl\final\Project2\Project2\Source.cpp(1152,36): warning C4244: '引數': 將 'int' 轉換為 'GLfloat'，由於類型不同，可能導致資料遺失
D:\Junior\opengl\final\Project2\Project2\Source.cpp(1163,51): warning C4244: '引數': 將 'int' 轉換為 'GLfloat'，由於類型不同，可能導致資料遺失
D:\Junior\opengl\final\Project2\Project2\Source.cpp(1164,40): warning C4244: '引數': 將 'int' 轉換為 'GLfloat'，由於類型不同，可能導致資料遺失
D:\Junior\opengl\final\Project2\Project2\Source.cpp(1175,51): warning C4244: '引數': 將 'int' 轉換為 'GLfloat'，由於類型不同，可能導致資料遺失
D:\Junior\opengl\final\Project2\Project2\Source.cpp(1176,40): warning C4244: '引數': 將 'int' 轉換為 'GLfloat'，由於類型不同，可能導致資料遺失
D:\Junior\opengl\final\Project2\Project2\Source.cpp(1322,5): warning C4065: switch 陳述式包含 'default'，但沒有 'case' 標籤
  Project2.vcxproj -> D:\Junior\opengl\final\Project2\Debug\Project2.exe
