  Source.cpp
D:\Junior\opengl\final0106\final_01.04\Project2\Project2\Source.cpp(383,51): warning C4244: '=': 將 'double' 轉換為 'GLfloat'，由於類型不同，可能導致資料遺失
D:\Junior\opengl\final0106\final_01.04\Project2\Project2\Source.cpp(412,51): warning C4244: '=': 將 'double' 轉換為 'GLfloat'，由於類型不同，可能導致資料遺失
D:\Junior\opengl\final0106\final_01.04\Project2\Project2\Source.cpp(445,51): warning C4244: '=': 將 'double' 轉換為 'GLfloat'，由於類型不同，可能導致資料遺失
D:\Junior\opengl\final0106\final_01.04\Project2\Project2\Source.cpp(486,51): warning C4244: '=': 將 'double' 轉換為 'GLfloat'，由於類型不同，可能導致資料遺失
D:\Junior\opengl\final0106\final_01.04\Project2\Project2\Source.cpp(527,51): warning C4244: '=': 將 'double' 轉換為 'GLfloat'，由於類型不同，可能導致資料遺失
D:\Junior\opengl\final0106\final_01.04\Project2\Project2\Source.cpp(565,51): warning C4244: '=': 將 'double' 轉換為 'GLfloat'，由於類型不同，可能導致資料遺失
D:\Junior\opengl\final0106\final_01.04\Project2\Project2\Source.cpp(813,53): warning C4305: '正在初始化': 從 'double' 轉換為 'GLfloat'，是由較大的類型轉換為較小的類型，可能導致資料遺失
D:\Junior\opengl\final0106\final_01.04\Project2\Project2\Source.cpp(900,23): warning C4018: '<': signed/unsigned 不相符
D:\Junior\opengl\final0106\final_01.04\Project2\Project2\Source.cpp(945,23): warning C4244: '引數': 將 'int' 轉換為 'GLfloat'，由於類型不同，可能導致資料遺失
D:\Junior\opengl\final0106\final_01.04\Project2\Project2\Source.cpp(945,16): warning C4244: '引數': 將 'int' 轉換為 'GLfloat'，由於類型不同，可能導致資料遺失
D:\Junior\opengl\final0106\final_01.04\Project2\Project2\Source.cpp(947,27): warning C4305: '引數': 從 'double' 轉換為 'GLfloat'，是由較大的類型轉換為較小的類型，可能導致資料遺失
D:\Junior\opengl\final0106\final_01.04\Project2\Project2\Source.cpp(948,37): warning C4244: '引數': 將 'int' 轉換為 'GLfloat'，由於類型不同，可能導致資料遺失
D:\Junior\opengl\final0106\final_01.04\Project2\Project2\Source.cpp(948,23): warning C4244: '引數': 將 'int' 轉換為 'GLfloat'，由於類型不同，可能導致資料遺失
D:\Junior\opengl\final0106\final_01.04\Project2\Project2\Source.cpp(948,16): warning C4244: '引數': 將 'int' 轉換為 'GLfloat'，由於類型不同，可能導致資料遺失
D:\Junior\opengl\final0106\final_01.04\Project2\Project2\Source.cpp(950,27): warning C4305: '引數': 從 'double' 轉換為 'GLfloat'，是由較大的類型轉換為較小的類型，可能導致資料遺失
D:\Junior\opengl\final0106\final_01.04\Project2\Project2\Source.cpp(951,35): warning C4244: '引數': 將 'int' 轉換為 'GLfloat'，由於類型不同，可能導致資料遺失
D:\Junior\opengl\final0106\final_01.04\Project2\Project2\Source.cpp(951,23): warning C4244: '引數': 將 'int' 轉換為 'GLfloat'，由於類型不同，可能導致資料遺失
D:\Junior\opengl\final0106\final_01.04\Project2\Project2\Source.cpp(951,16): warning C4244: '引數': 將 'int' 轉換為 'GLfloat'，由於類型不同，可能導致資料遺失
D:\Junior\opengl\final0106\final_01.04\Project2\Project2\Source.cpp(954,23): warning C4244: '引數': 將 'int' 轉換為 'GLfloat'，由於類型不同，可能導致資料遺失
D:\Junior\opengl\final0106\final_01.04\Project2\Project2\Source.cpp(954,16): warning C4244: '引數': 將 'int' 轉換為 'GLfloat'，由於類型不同，可能導致資料遺失
D:\Junior\opengl\final0106\final_01.04\Project2\Project2\Source.cpp(963,44): warning C4244: '引數': 將 'int' 轉換為 'GLfloat'，由於類型不同，可能導致資料遺失
D:\Junior\opengl\final0106\final_01.04\Project2\Project2\Source.cpp(963,23): warning C4244: '引數': 將 'int' 轉換為 'GLfloat'，由於類型不同，可能導致資料遺失
D:\Junior\opengl\final0106\final_01.04\Project2\Project2\Source.cpp(963,16): warning C4244: '引數': 將 'int' 轉換為 'GLfloat'，由於類型不同，可能導致資料遺失
D:\Junior\opengl\final0106\final_01.04\Project2\Project2\Source.cpp(965,27): warning C4305: '引數': 從 'double' 轉換為 'GLfloat'，是由較大的類型轉換為較小的類型，可能導致資料遺失
D:\Junior\opengl\final0106\final_01.04\Project2\Project2\Source.cpp(966,37): warning C4244: '引數': 將 'int' 轉換為 'GLfloat'，由於類型不同，可能導致資料遺失
D:\Junior\opengl\final0106\final_01.04\Project2\Project2\Source.cpp(966,23): warning C4244: '引數': 將 'int' 轉換為 'GLfloat'，由於類型不同，可能導致資料遺失
D:\Junior\opengl\final0106\final_01.04\Project2\Project2\Source.cpp(966,16): warning C4244: '引數': 將 'int' 轉換為 'GLfloat'，由於類型不同，可能導致資料遺失
D:\Junior\opengl\final0106\final_01.04\Project2\Project2\Source.cpp(968,27): warning C4305: '引數': 從 'double' 轉換為 'GLfloat'，是由較大的類型轉換為較小的類型，可能導致資料遺失
D:\Junior\opengl\final0106\final_01.04\Project2\Project2\Source.cpp(969,35): warning C4244: '引數': 將 'int' 轉換為 'GLfloat'，由於類型不同，可能導致資料遺失
D:\Junior\opengl\final0106\final_01.04\Project2\Project2\Source.cpp(969,23): warning C4244: '引數': 將 'int' 轉換為 'GLfloat'，由於類型不同，可能導致資料遺失
D:\Junior\opengl\final0106\final_01.04\Project2\Project2\Source.cpp(969,16): warning C4244: '引數': 將 'int' 轉換為 'GLfloat'，由於類型不同，可能導致資料遺失
D:\Junior\opengl\final0106\final_01.04\Project2\Project2\Source.cpp(972,42): warning C4244: '引數': 將 'int' 轉換為 'GLfloat'，由於類型不同，可能導致資料遺失
D:\Junior\opengl\final0106\final_01.04\Project2\Project2\Source.cpp(972,23): warning C4244: '引數': 將 'int' 轉換為 'GLfloat'，由於類型不同，可能導致資料遺失
D:\Junior\opengl\final0106\final_01.04\Project2\Project2\Source.cpp(972,16): warning C4244: '引數': 將 'int' 轉換為 'GLfloat'，由於類型不同，可能導致資料遺失
D:\Junior\opengl\final0106\final_01.04\Project2\Project2\Source.cpp(982,24): warning C4244: '引數': 將 'int' 轉換為 'GLfloat'，由於類型不同，可能導致資料遺失
D:\Junior\opengl\final0106\final_01.04\Project2\Project2\Source.cpp(982,16): warning C4244: '引數': 將 'int' 轉換為 'GLfloat'，由於類型不同，可能導致資料遺失
D:\Junior\opengl\final0106\final_01.04\Project2\Project2\Source.cpp(984,26): warning C4305: '引數': 從 'double' 轉換為 'GLfloat'，是由較大的類型轉換為較小的類型，可能導致資料遺失
D:\Junior\opengl\final0106\final_01.04\Project2\Project2\Source.cpp(985,23): warning C4244: '引數': 將 'int' 轉換為 'GLfloat'，由於類型不同，可能導致資料遺失
D:\Junior\opengl\final0106\final_01.04\Project2\Project2\Source.cpp(985,16): warning C4244: '引數': 將 'int' 轉換為 'GLfloat'，由於類型不同，可能導致資料遺失
D:\Junior\opengl\final0106\final_01.04\Project2\Project2\Source.cpp(987,26): warning C4305: '引數': 從 'double' 轉換為 'GLfloat'，是由較大的類型轉換為較小的類型，可能導致資料遺失
D:\Junior\opengl\final0106\final_01.04\Project2\Project2\Source.cpp(988,23): warning C4244: '引數': 將 'int' 轉換為 'GLfloat'，由於類型不同，可能導致資料遺失
D:\Junior\opengl\final0106\final_01.04\Project2\Project2\Source.cpp(988,16): warning C4244: '引數': 將 'int' 轉換為 'GLfloat'，由於類型不同，可能導致資料遺失
D:\Junior\opengl\final0106\final_01.04\Project2\Project2\Source.cpp(991,24): warning C4244: '引數': 將 'int' 轉換為 'GLfloat'，由於類型不同，可能導致資料遺失
D:\Junior\opengl\final0106\final_01.04\Project2\Project2\Source.cpp(991,16): warning C4244: '引數': 將 'int' 轉換為 'GLfloat'，由於類型不同，可能導致資料遺失
D:\Junior\opengl\final0106\final_01.04\Project2\Project2\Source.cpp(1000,38): warning C4244: '引數': 將 'int' 轉換為 'GLfloat'，由於類型不同，可能導致資料遺失
D:\Junior\opengl\final0106\final_01.04\Project2\Project2\Source.cpp(1000,24): warning C4244: '引數': 將 'int' 轉換為 'GLfloat'，由於類型不同，可能導致資料遺失
D:\Junior\opengl\final0106\final_01.04\Project2\Project2\Source.cpp(1000,16): warning C4244: '引數': 將 'int' 轉換為 'GLfloat'，由於類型不同，可能導致資料遺失
D:\Junior\opengl\final0106\final_01.04\Project2\Project2\Source.cpp(1002,27): warning C4305: '引數': 從 'double' 轉換為 'GLfloat'，是由較大的類型轉換為較小的類型，可能導致資料遺失
D:\Junior\opengl\final0106\final_01.04\Project2\Project2\Source.cpp(1003,24): warning C4244: '引數': 將 'int' 轉換為 'GLfloat'，由於類型不同，可能導致資料遺失
D:\Junior\opengl\final0106\final_01.04\Project2\Project2\Source.cpp(1003,16): warning C4244: '引數': 將 'int' 轉換為 'GLfloat'，由於類型不同，可能導致資料遺失
D:\Junior\opengl\final0106\final_01.04\Project2\Project2\Source.cpp(1005,27): warning C4305: '引數': 從 'double' 轉換為 'GLfloat'，是由較大的類型轉換為較小的類型，可能導致資料遺失
D:\Junior\opengl\final0106\final_01.04\Project2\Project2\Source.cpp(1006,24): warning C4244: '引數': 將 'int' 轉換為 'GLfloat'，由於類型不同，可能導致資料遺失
D:\Junior\opengl\final0106\final_01.04\Project2\Project2\Source.cpp(1006,16): warning C4244: '引數': 將 'int' 轉換為 'GLfloat'，由於類型不同，可能導致資料遺失
D:\Junior\opengl\final0106\final_01.04\Project2\Project2\Source.cpp(1009,36): warning C4244: '引數': 將 'int' 轉換為 'GLfloat'，由於類型不同，可能導致資料遺失
D:\Junior\opengl\final0106\final_01.04\Project2\Project2\Source.cpp(1009,24): warning C4244: '引數': 將 'int' 轉換為 'GLfloat'，由於類型不同，可能導致資料遺失
D:\Junior\opengl\final0106\final_01.04\Project2\Project2\Source.cpp(1009,16): warning C4244: '引數': 將 'int' 轉換為 'GLfloat'，由於類型不同，可能導致資料遺失
D:\Junior\opengl\final0106\final_01.04\Project2\Project2\Source.cpp(1019,38): warning C4244: '引數': 將 'int' 轉換為 'GLfloat'，由於類型不同，可能導致資料遺失
D:\Junior\opengl\final0106\final_01.04\Project2\Project2\Source.cpp(1019,24): warning C4244: '引數': 將 'int' 轉換為 'GLfloat'，由於類型不同，可能導致資料遺失
D:\Junior\opengl\final0106\final_01.04\Project2\Project2\Source.cpp(1019,16): warning C4244: '引數': 將 'int' 轉換為 'GLfloat'，由於類型不同，可能導致資料遺失
D:\Junior\opengl\final0106\final_01.04\Project2\Project2\Source.cpp(1021,27): warning C4305: '引數': 從 'double' 轉換為 'GLfloat'，是由較大的類型轉換為較小的類型，可能導致資料遺失
D:\Junior\opengl\final0106\final_01.04\Project2\Project2\Source.cpp(1022,45): warning C4244: '引數': 將 'int' 轉換為 'GLfloat'，由於類型不同，可能導致資料遺失
D:\Junior\opengl\final0106\final_01.04\Project2\Project2\Source.cpp(1022,24): warning C4244: '引數': 將 'int' 轉換為 'GLfloat'，由於類型不同，可能導致資料遺失
D:\Junior\opengl\final0106\final_01.04\Project2\Project2\Source.cpp(1022,16): warning C4244: '引數': 將 'int' 轉換為 'GLfloat'，由於類型不同，可能導致資料遺失
D:\Junior\opengl\final0106\final_01.04\Project2\Project2\Source.cpp(1024,27): warning C4305: '引數': 從 'double' 轉換為 'GLfloat'，是由較大的類型轉換為較小的類型，可能導致資料遺失
D:\Junior\opengl\final0106\final_01.04\Project2\Project2\Source.cpp(1025,43): warning C4244: '引數': 將 'int' 轉換為 'GLfloat'，由於類型不同，可能導致資料遺失
D:\Junior\opengl\final0106\final_01.04\Project2\Project2\Source.cpp(1025,24): warning C4244: '引數': 將 'int' 轉換為 'GLfloat'，由於類型不同，可能導致資料遺失
D:\Junior\opengl\final0106\final_01.04\Project2\Project2\Source.cpp(1025,16): warning C4244: '引數': 將 'int' 轉換為 'GLfloat'，由於類型不同，可能導致資料遺失
D:\Junior\opengl\final0106\final_01.04\Project2\Project2\Source.cpp(1028,36): warning C4244: '引數': 將 'int' 轉換為 'GLfloat'，由於類型不同，可能導致資料遺失
D:\Junior\opengl\final0106\final_01.04\Project2\Project2\Source.cpp(1028,24): warning C4244: '引數': 將 'int' 轉換為 'GLfloat'，由於類型不同，可能導致資料遺失
D:\Junior\opengl\final0106\final_01.04\Project2\Project2\Source.cpp(1028,16): warning C4244: '引數': 將 'int' 轉換為 'GLfloat'，由於類型不同，可能導致資料遺失
D:\Junior\opengl\final0106\final_01.04\Project2\Project2\Source.cpp(1038,24): warning C4244: '引數': 將 'int' 轉換為 'GLfloat'，由於類型不同，可能導致資料遺失
D:\Junior\opengl\final0106\final_01.04\Project2\Project2\Source.cpp(1038,16): warning C4244: '引數': 將 'int' 轉換為 'GLfloat'，由於類型不同，可能導致資料遺失
D:\Junior\opengl\final0106\final_01.04\Project2\Project2\Source.cpp(1040,27): warning C4305: '引數': 從 'double' 轉換為 'GLfloat'，是由較大的類型轉換為較小的類型，可能導致資料遺失
D:\Junior\opengl\final0106\final_01.04\Project2\Project2\Source.cpp(1041,38): warning C4244: '引數': 將 'int' 轉換為 'GLfloat'，由於類型不同，可能導致資料遺失
D:\Junior\opengl\final0106\final_01.04\Project2\Project2\Source.cpp(1041,24): warning C4244: '引數': 將 'int' 轉換為 'GLfloat'，由於類型不同，可能導致資料遺失
D:\Junior\opengl\final0106\final_01.04\Project2\Project2\Source.cpp(1041,16): warning C4244: '引數': 將 'int' 轉換為 'GLfloat'，由於類型不同，可能導致資料遺失
D:\Junior\opengl\final0106\final_01.04\Project2\Project2\Source.cpp(1043,27): warning C4305: '引數': 從 'double' 轉換為 'GLfloat'，是由較大的類型轉換為較小的類型，可能導致資料遺失
D:\Junior\opengl\final0106\final_01.04\Project2\Project2\Source.cpp(1044,37): warning C4244: '引數': 將 'int' 轉換為 'GLfloat'，由於類型不同，可能導致資料遺失
D:\Junior\opengl\final0106\final_01.04\Project2\Project2\Source.cpp(1044,23): warning C4244: '引數': 將 'int' 轉換為 'GLfloat'，由於類型不同，可能導致資料遺失
D:\Junior\opengl\final0106\final_01.04\Project2\Project2\Source.cpp(1044,16): warning C4244: '引數': 將 'int' 轉換為 'GLfloat'，由於類型不同，可能導致資料遺失
D:\Junior\opengl\final0106\final_01.04\Project2\Project2\Source.cpp(1046,26): warning C4305: '引數': 從 'double' 轉換為 'GLfloat'，是由較大的類型轉換為較小的類型，可能導致資料遺失
D:\Junior\opengl\final0106\final_01.04\Project2\Project2\Source.cpp(1047,23): warning C4244: '引數': 將 'int' 轉換為 'GLfloat'，由於類型不同，可能導致資料遺失
D:\Junior\opengl\final0106\final_01.04\Project2\Project2\Source.cpp(1047,16): warning C4244: '引數': 將 'int' 轉換為 'GLfloat'，由於類型不同，可能導致資料遺失
D:\Junior\opengl\final0106\final_01.04\Project2\Project2\Source.cpp(1056,44): warning C4244: '引數': 將 'int' 轉換為 'GLfloat'，由於類型不同，可能導致資料遺失
D:\Junior\opengl\final0106\final_01.04\Project2\Project2\Source.cpp(1056,23): warning C4244: '引數': 將 'int' 轉換為 'GLfloat'，由於類型不同，可能導致資料遺失
D:\Junior\opengl\final0106\final_01.04\Project2\Project2\Source.cpp(1056,16): warning C4244: '引數': 將 'int' 轉換為 'GLfloat'，由於類型不同，可能導致資料遺失
D:\Junior\opengl\final0106\final_01.04\Project2\Project2\Source.cpp(1058,27): warning C4305: '引數': 從 'double' 轉換為 'GLfloat'，是由較大的類型轉換為較小的類型，可能導致資料遺失
D:\Junior\opengl\final0106\final_01.04\Project2\Project2\Source.cpp(1059,37): warning C4244: '引數': 將 'int' 轉換為 'GLfloat'，由於類型不同，可能導致資料遺失
D:\Junior\opengl\final0106\final_01.04\Project2\Project2\Source.cpp(1059,23): warning C4244: '引數': 將 'int' 轉換為 'GLfloat'，由於類型不同，可能導致資料遺失
D:\Junior\opengl\final0106\final_01.04\Project2\Project2\Source.cpp(1059,16): warning C4244: '引數': 將 'int' 轉換為 'GLfloat'，由於類型不同，可能導致資料遺失
D:\Junior\opengl\final0106\final_01.04\Project2\Project2\Source.cpp(1061,27): warning C4305: '引數': 從 'double' 轉換為 'GLfloat'，是由較大的類型轉換為較小的類型，可能導致資料遺失
D:\Junior\opengl\final0106\final_01.04\Project2\Project2\Source.cpp(1062,38): warning C4244: '引數': 將 'int' 轉換為 'GLfloat'，由於類型不同，可能導致資料遺失
D:\Junior\opengl\final0106\final_01.04\Project2\Project2\Source.cpp(1062,24): warning C4244: '引數': 將 'int' 轉換為 'GLfloat'，由於類型不同，可能導致資料遺失
D:\Junior\opengl\final0106\final_01.04\Project2\Project2\Source.cpp(1062,16): warning C4244: '引數': 將 'int' 轉換為 'GLfloat'，由於類型不同，可能導致資料遺失
D:\Junior\opengl\final0106\final_01.04\Project2\Project2\Source.cpp(1064,26): warning C4305: '引數': 從 'double' 轉換為 'GLfloat'，是由較大的類型轉換為較小的類型，可能導致資料遺失
D:\Junior\opengl\final0106\final_01.04\Project2\Project2\Source.cpp(1065,45): warning C4244: '引數': 將 'int' 轉換為 'GLfloat'，由於類型不同，可能導致資料遺失
D:\Junior\opengl\final0106\final_01.04\Project2\Project2\Source.cpp(1065,24): warning C4244: '引數': 將 'int' 轉換為 'GLfloat'，由於類型不同，可能導致資料遺失
D:\Junior\opengl\final0106\final_01.04\Project2\Project2\Source.cpp(1065,16): warning C4244: '引數': 將 'int' 轉換為 'GLfloat'，由於類型不同，可能導致資料遺失
D:\Junior\opengl\final0106\final_01.04\Project2\Project2\Source.cpp(1076,24): warning C4244: '引數': 將 'int' 轉換為 'GLfloat'，由於類型不同，可能導致資料遺失
D:\Junior\opengl\final0106\final_01.04\Project2\Project2\Source.cpp(1076,16): warning C4244: '引數': 將 'int' 轉換為 'GLfloat'，由於類型不同，可能導致資料遺失
D:\Junior\opengl\final0106\final_01.04\Project2\Project2\Source.cpp(1077,43): warning C4244: '引數': 將 'int' 轉換為 'GLfloat'，由於類型不同，可能導致資料遺失
D:\Junior\opengl\final0106\final_01.04\Project2\Project2\Source.cpp(1077,24): warning C4244: '引數': 將 'int' 轉換為 'GLfloat'，由於類型不同，可能導致資料遺失
D:\Junior\opengl\final0106\final_01.04\Project2\Project2\Source.cpp(1077,16): warning C4244: '引數': 將 'int' 轉換為 'GLfloat'，由於類型不同，可能導致資料遺失
D:\Junior\opengl\final0106\final_01.04\Project2\Project2\Source.cpp(1078,42): warning C4244: '引數': 將 'int' 轉換為 'GLfloat'，由於類型不同，可能導致資料遺失
D:\Junior\opengl\final0106\final_01.04\Project2\Project2\Source.cpp(1078,23): warning C4244: '引數': 將 'int' 轉換為 'GLfloat'，由於類型不同，可能導致資料遺失
D:\Junior\opengl\final0106\final_01.04\Project2\Project2\Source.cpp(1078,16): warning C4244: '引數': 將 'int' 轉換為 'GLfloat'，由於類型不同，可能導致資料遺失
D:\Junior\opengl\final0106\final_01.04\Project2\Project2\Source.cpp(1079,23): warning C4244: '引數': 將 'int' 轉換為 'GLfloat'，由於類型不同，可能導致資料遺失
D:\Junior\opengl\final0106\final_01.04\Project2\Project2\Source.cpp(1079,16): warning C4244: '引數': 將 'int' 轉換為 'GLfloat'，由於類型不同，可能導致資料遺失
D:\Junior\opengl\final0106\final_01.04\Project2\Project2\Source.cpp(1083,52): warning C4244: '引數': 將 'int' 轉換為 'GLfloat'，由於類型不同，可能導致資料遺失
D:\Junior\opengl\final0106\final_01.04\Project2\Project2\Source.cpp(1083,36): warning C4244: '引數': 將 'double' 轉換為 'GLfloat'，由於類型不同，可能導致資料遺失
D:\Junior\opengl\final0106\final_01.04\Project2\Project2\Source.cpp(1083,16): warning C4244: '引數': 將 'int' 轉換為 'GLfloat'，由於類型不同，可能導致資料遺失
D:\Junior\opengl\final0106\final_01.04\Project2\Project2\Source.cpp(1084,52): warning C4244: '引數': 將 'int' 轉換為 'GLfloat'，由於類型不同，可能導致資料遺失
D:\Junior\opengl\final0106\final_01.04\Project2\Project2\Source.cpp(1084,36): warning C4244: '引數': 將 'double' 轉換為 'GLfloat'，由於類型不同，可能導致資料遺失
D:\Junior\opengl\final0106\final_01.04\Project2\Project2\Source.cpp(1084,16): warning C4244: '引數': 將 'int' 轉換為 'GLfloat'，由於類型不同，可能導致資料遺失
D:\Junior\opengl\final0106\final_01.04\Project2\Project2\Source.cpp(1085,53): warning C4244: '引數': 將 'int' 轉換為 'GLfloat'，由於類型不同，可能導致資料遺失
D:\Junior\opengl\final0106\final_01.04\Project2\Project2\Source.cpp(1085,37): warning C4244: '引數': 將 'double' 轉換為 'GLfloat'，由於類型不同，可能導致資料遺失
D:\Junior\opengl\final0106\final_01.04\Project2\Project2\Source.cpp(1085,16): warning C4244: '引數': 將 'int' 轉換為 'GLfloat'，由於類型不同，可能導致資料遺失
D:\Junior\opengl\final0106\final_01.04\Project2\Project2\Source.cpp(1086,53): warning C4244: '引數': 將 'int' 轉換為 'GLfloat'，由於類型不同，可能導致資料遺失
D:\Junior\opengl\final0106\final_01.04\Project2\Project2\Source.cpp(1086,37): warning C4244: '引數': 將 'double' 轉換為 'GLfloat'，由於類型不同，可能導致資料遺失
D:\Junior\opengl\final0106\final_01.04\Project2\Project2\Source.cpp(1086,16): warning C4244: '引數': 將 'int' 轉換為 'GLfloat'，由於類型不同，可能導致資料遺失
D:\Junior\opengl\final0106\final_01.04\Project2\Project2\Source.cpp(1093,42): warning C4244: '正在初始化': 將 'int' 轉換為 'GLfloat'，由於類型不同，可能導致資料遺失
D:\Junior\opengl\final0106\final_01.04\Project2\Project2\Source.cpp(1131,29): warning C4305: '正在初始化': 從 'double' 轉換為 'float'，是由較大的類型轉換為較小的類型，可能導致資料遺失
D:\Junior\opengl\final0106\final_01.04\Project2\Project2\Source.cpp(1158,35): warning C4244: '引數': 將 'double' 轉換為 'GLfloat'，由於類型不同，可能導致資料遺失
D:\Junior\opengl\final0106\final_01.04\Project2\Project2\Source.cpp(1168,35): warning C4244: '引數': 將 'double' 轉換為 'GLfloat'，由於類型不同，可能導致資料遺失
D:\Junior\opengl\final0106\final_01.04\Project2\Project2\Source.cpp(1170,38): warning C4305: '引數': 從 'double' 轉換為 'GLfloat'，是由較大的類型轉換為較小的類型，可能導致資料遺失
D:\Junior\opengl\final0106\final_01.04\Project2\Project2\Source.cpp(1186,35): warning C4244: '引數': 將 'double' 轉換為 'GLfloat'，由於類型不同，可能導致資料遺失
D:\Junior\opengl\final0106\final_01.04\Project2\Project2\Source.cpp(1190,36): warning C4305: '引數': 從 'double' 轉換為 'GLfloat'，是由較大的類型轉換為較小的類型，可能導致資料遺失
D:\Junior\opengl\final0106\final_01.04\Project2\Project2\Source.cpp(1210,54): warning C4305: '正在初始化': 從 'double' 轉換為 'GLfloat'，是由較大的類型轉換為較小的類型，可能導致資料遺失
D:\Junior\opengl\final0106\final_01.04\Project2\Project2\Source.cpp(1211,60): warning C4305: '正在初始化': 從 'double' 轉換為 'GLfloat'，是由較大的類型轉換為較小的類型，可能導致資料遺失
D:\Junior\opengl\final0106\final_01.04\Project2\Project2\Source.cpp(1212,54): warning C4305: '正在初始化': 從 'double' 轉換為 'GLfloat'，是由較大的類型轉換為較小的類型，可能導致資料遺失
D:\Junior\opengl\final0106\final_01.04\Project2\Project2\Source.cpp(1217,55): warning C4305: '正在初始化': 從 'double' 轉換為 'GLfloat'，是由較大的類型轉換為較小的類型，可能導致資料遺失
D:\Junior\opengl\final0106\final_01.04\Project2\Project2\Source.cpp(1224,57): warning C4244: '引數': 將 'double' 轉換為 'GLfloat'，由於類型不同，可能導致資料遺失
D:\Junior\opengl\final0106\final_01.04\Project2\Project2\Source.cpp(1224,45): warning C4244: '引數': 將 'int' 轉換為 'GLfloat'，由於類型不同，可能導致資料遺失
D:\Junior\opengl\final0106\final_01.04\Project2\Project2\Source.cpp(1224,29): warning C4244: '引數': 將 'int' 轉換為 'GLfloat'，由於類型不同，可能導致資料遺失
D:\Junior\opengl\final0106\final_01.04\Project2\Project2\Source.cpp(1263,27): warning C4244: '引數': 將 'int' 轉換為 'GLfloat'，由於類型不同，可能導致資料遺失
D:\Junior\opengl\final0106\final_01.04\Project2\Project2\Source.cpp(1299,39): warning C4244: '引數': 將 'double' 轉換為 'GLfloat'，由於類型不同，可能導致資料遺失
D:\Junior\opengl\final0106\final_01.04\Project2\Project2\Source.cpp(1300,27): warning C4244: '引數': 將 'int' 轉換為 'GLfloat'，由於類型不同，可能導致資料遺失
D:\Junior\opengl\final0106\final_01.04\Project2\Project2\Source.cpp(1304,31): warning C4244: '引數': 將 'int' 轉換為 'GLfloat'，由於類型不同，可能導致資料遺失
D:\Junior\opengl\final0106\final_01.04\Project2\Project2\Source.cpp(1319,50): warning C4305: '引數': 從 'double' 轉換為 'GLfloat'，是由較大的類型轉換為較小的類型，可能導致資料遺失
D:\Junior\opengl\final0106\final_01.04\Project2\Project2\Source.cpp(1321,51): warning C4244: '引數': 將 'int' 轉換為 'GLfloat'，由於類型不同，可能導致資料遺失
D:\Junior\opengl\final0106\final_01.04\Project2\Project2\Source.cpp(1322,40): warning C4244: '引數': 將 'int' 轉換為 'GLfloat'，由於類型不同，可能導致資料遺失
D:\Junior\opengl\final0106\final_01.04\Project2\Project2\Source.cpp(1328,49): warning C4305: '引數': 從 'double' 轉換為 'GLfloat'，是由較大的類型轉換為較小的類型，可能導致資料遺失
D:\Junior\opengl\final0106\final_01.04\Project2\Project2\Source.cpp(1330,51): warning C4244: '引數': 將 'int' 轉換為 'GLfloat'，由於類型不同，可能導致資料遺失
D:\Junior\opengl\final0106\final_01.04\Project2\Project2\Source.cpp(1331,40): warning C4244: '引數': 將 'int' 轉換為 'GLfloat'，由於類型不同，可能導致資料遺失
D:\Junior\opengl\final0106\final_01.04\Project2\Project2\Source.cpp(1341,51): warning C4244: '引數': 將 'int' 轉換為 'GLfloat'，由於類型不同，可能導致資料遺失
D:\Junior\opengl\final0106\final_01.04\Project2\Project2\Source.cpp(1342,40): warning C4244: '引數': 將 'int' 轉換為 'GLfloat'，由於類型不同，可能導致資料遺失
D:\Junior\opengl\final0106\final_01.04\Project2\Project2\Source.cpp(1352,51): warning C4244: '引數': 將 'int' 轉換為 'GLfloat'，由於類型不同，可能導致資料遺失
D:\Junior\opengl\final0106\final_01.04\Project2\Project2\Source.cpp(1353,40): warning C4244: '引數': 將 'int' 轉換為 'GLfloat'，由於類型不同，可能導致資料遺失
D:\Junior\opengl\final0106\final_01.04\Project2\Project2\Source.cpp(1510,48): warning C4244: '=': 將 'int' 轉換為 'GLfloat'，由於類型不同，可能導致資料遺失
D:\Junior\opengl\final0106\final_01.04\Project2\Project2\Source.cpp(1542,5): warning C4065: switch 陳述式包含 'default'，但沒有 'case' 標籤
  Project2.vcxproj -> D:\Junior\opengl\final0106\final_01.04\Project2\Debug\Project2.exe
