  Source.cpp
D:\Junior\opengl\final_01.11\Project2\Project2\Source.cpp(317,45): warning C4305: '=': 從 'double' 轉換為 'GLfloat'，是由較大的類型轉換為較小的類型，可能導致資料遺失
D:\Junior\opengl\final_01.11\Project2\Project2\Source.cpp(318,45): warning C4305: '=': 從 'double' 轉換為 'GLfloat'，是由較大的類型轉換為較小的類型，可能導致資料遺失
D:\Junior\opengl\final_01.11\Project2\Project2\Source.cpp(319,45): warning C4305: '=': 從 'double' 轉換為 'GLfloat'，是由較大的類型轉換為較小的類型，可能導致資料遺失
D:\Junior\opengl\final_01.11\Project2\Project2\Source.cpp(321,45): warning C4305: '=': 從 'double' 轉換為 'GLfloat'，是由較大的類型轉換為較小的類型，可能導致資料遺失
D:\Junior\opengl\final_01.11\Project2\Project2\Source.cpp(322,45): warning C4305: '=': 從 'double' 轉換為 'GLfloat'，是由較大的類型轉換為較小的類型，可能導致資料遺失
D:\Junior\opengl\final_01.11\Project2\Project2\Source.cpp(323,45): warning C4305: '=': 從 'double' 轉換為 'GLfloat'，是由較大的類型轉換為較小的類型，可能導致資料遺失
D:\Junior\opengl\final_01.11\Project2\Project2\Source.cpp(824,24): warning C4244: '=': 將 'double' 轉換為 'GLfloat'，由於類型不同，可能導致資料遺失
D:\Junior\opengl\final_01.11\Project2\Project2\Source.cpp(825,24): warning C4244: '=': 將 'double' 轉換為 'GLfloat'，由於類型不同，可能導致資料遺失
D:\Junior\opengl\final_01.11\Project2\Project2\Source.cpp(826,24): warning C4244: '=': 將 'double' 轉換為 'GLfloat'，由於類型不同，可能導致資料遺失
D:\Junior\opengl\final_01.11\Project2\Project2\Source.cpp(829,17): warning C4244: '=': 將 'double' 轉換為 'GLfloat'，由於類型不同，可能導致資料遺失
D:\Junior\opengl\final_01.11\Project2\Project2\Source.cpp(1029,20): warning C4244: '=': 將 'double' 轉換為 'GLfloat'，由於類型不同，可能導致資料遺失
D:\Junior\opengl\final_01.11\Project2\Project2\Source.cpp(1187,23): warning C4244: '=': 將 'double' 轉換為 'GLfloat'，由於類型不同，可能導致資料遺失
D:\Junior\opengl\final_01.11\Project2\Project2\Source.cpp(1194,49): warning C4244: '=': 將 'double' 轉換為 'GLfloat'，由於類型不同，可能導致資料遺失
D:\Junior\opengl\final_01.11\Project2\Project2\Source.cpp(1195,49): warning C4244: '=': 將 'double' 轉換為 'GLfloat'，由於類型不同，可能導致資料遺失
D:\Junior\opengl\final_01.11\Project2\Project2\Source.cpp(1254,39): warning C4305: '=': 從 'double' 轉換為 'GLfloat'，是由較大的類型轉換為較小的類型，可能導致資料遺失
D:\Junior\opengl\final_01.11\Project2\Project2\Source.cpp(1259,42): warning C4305: '=': 從 'double' 轉換為 'GLfloat'，是由較大的類型轉換為較小的類型，可能導致資料遺失
D:\Junior\opengl\final_01.11\Project2\Project2\Source.cpp(1261,37): warning C4244: '=': 將 'double' 轉換為 'GLfloat'，由於類型不同，可能導致資料遺失
D:\Junior\opengl\final_01.11\Project2\Project2\Source.cpp(1264,45): warning C4244: '=': 將 'double' 轉換為 'GLfloat'，由於類型不同，可能導致資料遺失
D:\Junior\opengl\final_01.11\Project2\Project2\Source.cpp(1265,43): warning C4244: '=': 將 'double' 轉換為 'GLfloat'，由於類型不同，可能導致資料遺失
D:\Junior\opengl\final_01.11\Project2\Project2\Source.cpp(1506,23): warning C4477: 'fprintf' : 格式字串 '%d' 需要 'int' 類型的引數，但 variadic 引數 1 的類型為 'GLfloat *'
D:\Junior\opengl\final_01.11\Project2\Project2\Source.cpp(1879,25): warning C4305: '正在初始化': 從 'double' 轉換為 'GLfloat'，是由較大的類型轉換為較小的類型，可能導致資料遺失
D:\Junior\opengl\final_01.11\Project2\Project2\Source.cpp(1893,42): warning C4244: '正在初始化': 將 'int' 轉換為 'GLfloat'，由於類型不同，可能導致資料遺失
D:\Junior\opengl\final_01.11\Project2\Project2\Source.cpp(2244,51): warning C4244: '=': 將 'double' 轉換為 'GLfloat'，由於類型不同，可能導致資料遺失
D:\Junior\opengl\final_01.11\Project2\Project2\Source.cpp(2273,51): warning C4244: '=': 將 'double' 轉換為 'GLfloat'，由於類型不同，可能導致資料遺失
D:\Junior\opengl\final_01.11\Project2\Project2\Source.cpp(2306,51): warning C4244: '=': 將 'double' 轉換為 'GLfloat'，由於類型不同，可能導致資料遺失
D:\Junior\opengl\final_01.11\Project2\Project2\Source.cpp(2347,51): warning C4244: '=': 將 'double' 轉換為 'GLfloat'，由於類型不同，可能導致資料遺失
D:\Junior\opengl\final_01.11\Project2\Project2\Source.cpp(2388,51): warning C4244: '=': 將 'double' 轉換為 'GLfloat'，由於類型不同，可能導致資料遺失
D:\Junior\opengl\final_01.11\Project2\Project2\Source.cpp(2429,51): warning C4244: '=': 將 'double' 轉換為 'GLfloat'，由於類型不同，可能導致資料遺失
D:\Junior\opengl\final_01.11\Project2\Project2\Source.cpp(2469,53): warning C4305: '引數': 從 'double' 轉換為 'GLfloat'，是由較大的類型轉換為較小的類型，可能導致資料遺失
D:\Junior\opengl\final_01.11\Project2\Project2\Source.cpp(2470,51): warning C4305: '引數': 從 'double' 轉換為 'GLfloat'，是由較大的類型轉換為較小的類型，可能導致資料遺失
D:\Junior\opengl\final_01.11\Project2\Project2\Source.cpp(2471,52): warning C4305: '引數': 從 'double' 轉換為 'GLfloat'，是由較大的類型轉換為較小的類型，可能導致資料遺失
D:\Junior\opengl\final_01.11\Project2\Project2\Source.cpp(2472,54): warning C4305: '引數': 從 'double' 轉換為 'GLfloat'，是由較大的類型轉換為較小的類型，可能導致資料遺失
D:\Junior\opengl\final_01.11\Project2\Project2\Source.cpp(2492,52): warning C4305: '引數': 從 'double' 轉換為 'GLfloat'，是由較大的類型轉換為較小的類型，可能導致資料遺失
D:\Junior\opengl\final_01.11\Project2\Project2\Source.cpp(2493,54): warning C4305: '引數': 從 'double' 轉換為 'GLfloat'，是由較大的類型轉換為較小的類型，可能導致資料遺失
D:\Junior\opengl\final_01.11\Project2\Project2\Source.cpp(2494,52): warning C4305: '引數': 從 'double' 轉換為 'GLfloat'，是由較大的類型轉換為較小的類型，可能導致資料遺失
D:\Junior\opengl\final_01.11\Project2\Project2\Source.cpp(2500,52): warning C4305: '引數': 從 'double' 轉換為 'GLfloat'，是由較大的類型轉換為較小的類型，可能導致資料遺失
D:\Junior\opengl\final_01.11\Project2\Project2\Source.cpp(2501,54): warning C4305: '引數': 從 'double' 轉換為 'GLfloat'，是由較大的類型轉換為較小的類型，可能導致資料遺失
D:\Junior\opengl\final_01.11\Project2\Project2\Source.cpp(2502,52): warning C4305: '引數': 從 'double' 轉換為 'GLfloat'，是由較大的類型轉換為較小的類型，可能導致資料遺失
D:\Junior\opengl\final_01.11\Project2\Project2\Source.cpp(2508,52): warning C4305: '引數': 從 'double' 轉換為 'GLfloat'，是由較大的類型轉換為較小的類型，可能導致資料遺失
D:\Junior\opengl\final_01.11\Project2\Project2\Source.cpp(2509,51): warning C4305: '引數': 從 'double' 轉換為 'GLfloat'，是由較大的類型轉換為較小的類型，可能導致資料遺失
D:\Junior\opengl\final_01.11\Project2\Project2\Source.cpp(2510,52): warning C4305: '引數': 從 'double' 轉換為 'GLfloat'，是由較大的類型轉換為較小的類型，可能導致資料遺失
D:\Junior\opengl\final_01.11\Project2\Project2\Source.cpp(2511,54): warning C4305: '引數': 從 'double' 轉換為 'GLfloat'，是由較大的類型轉換為較小的類型，可能導致資料遺失
D:\Junior\opengl\final_01.11\Project2\Project2\Source.cpp(2724,41): warning C4305: '引數': 從 'double' 轉換為 'GLfloat'，是由較大的類型轉換為較小的類型，可能導致資料遺失
D:\Junior\opengl\final_01.11\Project2\Project2\Source.cpp(2766,53): warning C4305: '正在初始化': 從 'double' 轉換為 'GLfloat'，是由較大的類型轉換為較小的類型，可能導致資料遺失
D:\Junior\opengl\final_01.11\Project2\Project2\Source.cpp(2808,12): warning C4101: 'j': 未參考的區域變數
D:\Junior\opengl\final_01.11\Project2\Project2\Source.cpp(2808,9): warning C4101: 'i': 未參考的區域變數
D:\Junior\opengl\final_01.11\Project2\Project2\Source.cpp(2919,23): warning C4018: '<': signed/unsigned 不相符
D:\Junior\opengl\final_01.11\Project2\Project2\Source.cpp(2934,35): warning C4305: '+=': 從 'double' 轉換為 'GLfloat'，是由較大的類型轉換為較小的類型，可能導致資料遺失
D:\Junior\opengl\final_01.11\Project2\Project2\Source.cpp(2934,54): warning C4305: '+=': 從 'double' 轉換為 'GLfloat'，是由較大的類型轉換為較小的類型，可能導致資料遺失
D:\Junior\opengl\final_01.11\Project2\Project2\Source.cpp(2938,37): warning C4305: '-=': 從 'double' 轉換為 'GLfloat'，是由較大的類型轉換為較小的類型，可能導致資料遺失
D:\Junior\opengl\final_01.11\Project2\Project2\Source.cpp(2938,56): warning C4305: '-=': 從 'double' 轉換為 'GLfloat'，是由較大的類型轉換為較小的類型，可能導致資料遺失
D:\Junior\opengl\final_01.11\Project2\Project2\Source.cpp(3055,23): warning C4244: '引數': 將 'int' 轉換為 'GLfloat'，由於類型不同，可能導致資料遺失
D:\Junior\opengl\final_01.11\Project2\Project2\Source.cpp(3055,16): warning C4244: '引數': 將 'int' 轉換為 'GLfloat'，由於類型不同，可能導致資料遺失
D:\Junior\opengl\final_01.11\Project2\Project2\Source.cpp(3057,27): warning C4305: '引數': 從 'double' 轉換為 'GLfloat'，是由較大的類型轉換為較小的類型，可能導致資料遺失
D:\Junior\opengl\final_01.11\Project2\Project2\Source.cpp(3058,37): warning C4244: '引數': 將 'int' 轉換為 'GLfloat'，由於類型不同，可能導致資料遺失
D:\Junior\opengl\final_01.11\Project2\Project2\Source.cpp(3058,23): warning C4244: '引數': 將 'int' 轉換為 'GLfloat'，由於類型不同，可能導致資料遺失
D:\Junior\opengl\final_01.11\Project2\Project2\Source.cpp(3058,16): warning C4244: '引數': 將 'int' 轉換為 'GLfloat'，由於類型不同，可能導致資料遺失
D:\Junior\opengl\final_01.11\Project2\Project2\Source.cpp(3060,27): warning C4305: '引數': 從 'double' 轉換為 'GLfloat'，是由較大的類型轉換為較小的類型，可能導致資料遺失
D:\Junior\opengl\final_01.11\Project2\Project2\Source.cpp(3061,35): warning C4244: '引數': 將 'int' 轉換為 'GLfloat'，由於類型不同，可能導致資料遺失
D:\Junior\opengl\final_01.11\Project2\Project2\Source.cpp(3061,23): warning C4244: '引數': 將 'int' 轉換為 'GLfloat'，由於類型不同，可能導致資料遺失
D:\Junior\opengl\final_01.11\Project2\Project2\Source.cpp(3061,16): warning C4244: '引數': 將 'int' 轉換為 'GLfloat'，由於類型不同，可能導致資料遺失
D:\Junior\opengl\final_01.11\Project2\Project2\Source.cpp(3064,23): warning C4244: '引數': 將 'int' 轉換為 'GLfloat'，由於類型不同，可能導致資料遺失
D:\Junior\opengl\final_01.11\Project2\Project2\Source.cpp(3064,16): warning C4244: '引數': 將 'int' 轉換為 'GLfloat'，由於類型不同，可能導致資料遺失
D:\Junior\opengl\final_01.11\Project2\Project2\Source.cpp(3073,44): warning C4244: '引數': 將 'int' 轉換為 'GLfloat'，由於類型不同，可能導致資料遺失
D:\Junior\opengl\final_01.11\Project2\Project2\Source.cpp(3073,23): warning C4244: '引數': 將 'int' 轉換為 'GLfloat'，由於類型不同，可能導致資料遺失
D:\Junior\opengl\final_01.11\Project2\Project2\Source.cpp(3073,16): warning C4244: '引數': 將 'int' 轉換為 'GLfloat'，由於類型不同，可能導致資料遺失
D:\Junior\opengl\final_01.11\Project2\Project2\Source.cpp(3075,27): warning C4305: '引數': 從 'double' 轉換為 'GLfloat'，是由較大的類型轉換為較小的類型，可能導致資料遺失
D:\Junior\opengl\final_01.11\Project2\Project2\Source.cpp(3076,37): warning C4244: '引數': 將 'int' 轉換為 'GLfloat'，由於類型不同，可能導致資料遺失
D:\Junior\opengl\final_01.11\Project2\Project2\Source.cpp(3076,23): warning C4244: '引數': 將 'int' 轉換為 'GLfloat'，由於類型不同，可能導致資料遺失
D:\Junior\opengl\final_01.11\Project2\Project2\Source.cpp(3076,16): warning C4244: '引數': 將 'int' 轉換為 'GLfloat'，由於類型不同，可能導致資料遺失
D:\Junior\opengl\final_01.11\Project2\Project2\Source.cpp(3078,27): warning C4305: '引數': 從 'double' 轉換為 'GLfloat'，是由較大的類型轉換為較小的類型，可能導致資料遺失
D:\Junior\opengl\final_01.11\Project2\Project2\Source.cpp(3079,35): warning C4244: '引數': 將 'int' 轉換為 'GLfloat'，由於類型不同，可能導致資料遺失
D:\Junior\opengl\final_01.11\Project2\Project2\Source.cpp(3079,23): warning C4244: '引數': 將 'int' 轉換為 'GLfloat'，由於類型不同，可能導致資料遺失
D:\Junior\opengl\final_01.11\Project2\Project2\Source.cpp(3079,16): warning C4244: '引數': 將 'int' 轉換為 'GLfloat'，由於類型不同，可能導致資料遺失
D:\Junior\opengl\final_01.11\Project2\Project2\Source.cpp(3082,42): warning C4244: '引數': 將 'int' 轉換為 'GLfloat'，由於類型不同，可能導致資料遺失
D:\Junior\opengl\final_01.11\Project2\Project2\Source.cpp(3082,23): warning C4244: '引數': 將 'int' 轉換為 'GLfloat'，由於類型不同，可能導致資料遺失
D:\Junior\opengl\final_01.11\Project2\Project2\Source.cpp(3082,16): warning C4244: '引數': 將 'int' 轉換為 'GLfloat'，由於類型不同，可能導致資料遺失
D:\Junior\opengl\final_01.11\Project2\Project2\Source.cpp(3092,24): warning C4244: '引數': 將 'int' 轉換為 'GLfloat'，由於類型不同，可能導致資料遺失
D:\Junior\opengl\final_01.11\Project2\Project2\Source.cpp(3092,16): warning C4244: '引數': 將 'int' 轉換為 'GLfloat'，由於類型不同，可能導致資料遺失
D:\Junior\opengl\final_01.11\Project2\Project2\Source.cpp(3094,26): warning C4305: '引數': 從 'double' 轉換為 'GLfloat'，是由較大的類型轉換為較小的類型，可能導致資料遺失
D:\Junior\opengl\final_01.11\Project2\Project2\Source.cpp(3095,23): warning C4244: '引數': 將 'int' 轉換為 'GLfloat'，由於類型不同，可能導致資料遺失
D:\Junior\opengl\final_01.11\Project2\Project2\Source.cpp(3095,16): warning C4244: '引數': 將 'int' 轉換為 'GLfloat'，由於類型不同，可能導致資料遺失
D:\Junior\opengl\final_01.11\Project2\Project2\Source.cpp(3097,26): warning C4305: '引數': 從 'double' 轉換為 'GLfloat'，是由較大的類型轉換為較小的類型，可能導致資料遺失
D:\Junior\opengl\final_01.11\Project2\Project2\Source.cpp(3098,23): warning C4244: '引數': 將 'int' 轉換為 'GLfloat'，由於類型不同，可能導致資料遺失
D:\Junior\opengl\final_01.11\Project2\Project2\Source.cpp(3098,16): warning C4244: '引數': 將 'int' 轉換為 'GLfloat'，由於類型不同，可能導致資料遺失
D:\Junior\opengl\final_01.11\Project2\Project2\Source.cpp(3101,24): warning C4244: '引數': 將 'int' 轉換為 'GLfloat'，由於類型不同，可能導致資料遺失
D:\Junior\opengl\final_01.11\Project2\Project2\Source.cpp(3101,16): warning C4244: '引數': 將 'int' 轉換為 'GLfloat'，由於類型不同，可能導致資料遺失
D:\Junior\opengl\final_01.11\Project2\Project2\Source.cpp(3110,38): warning C4244: '引數': 將 'int' 轉換為 'GLfloat'，由於類型不同，可能導致資料遺失
D:\Junior\opengl\final_01.11\Project2\Project2\Source.cpp(3110,24): warning C4244: '引數': 將 'int' 轉換為 'GLfloat'，由於類型不同，可能導致資料遺失
D:\Junior\opengl\final_01.11\Project2\Project2\Source.cpp(3110,16): warning C4244: '引數': 將 'int' 轉換為 'GLfloat'，由於類型不同，可能導致資料遺失
D:\Junior\opengl\final_01.11\Project2\Project2\Source.cpp(3112,27): warning C4305: '引數': 從 'double' 轉換為 'GLfloat'，是由較大的類型轉換為較小的類型，可能導致資料遺失
D:\Junior\opengl\final_01.11\Project2\Project2\Source.cpp(3113,24): warning C4244: '引數': 將 'int' 轉換為 'GLfloat'，由於類型不同，可能導致資料遺失
D:\Junior\opengl\final_01.11\Project2\Project2\Source.cpp(3113,16): warning C4244: '引數': 將 'int' 轉換為 'GLfloat'，由於類型不同，可能導致資料遺失
D:\Junior\opengl\final_01.11\Project2\Project2\Source.cpp(3115,27): warning C4305: '引數': 從 'double' 轉換為 'GLfloat'，是由較大的類型轉換為較小的類型，可能導致資料遺失
D:\Junior\opengl\final_01.11\Project2\Project2\Source.cpp(3116,24): warning C4244: '引數': 將 'int' 轉換為 'GLfloat'，由於類型不同，可能導致資料遺失
D:\Junior\opengl\final_01.11\Project2\Project2\Source.cpp(3116,16): warning C4244: '引數': 將 'int' 轉換為 'GLfloat'，由於類型不同，可能導致資料遺失
D:\Junior\opengl\final_01.11\Project2\Project2\Source.cpp(3119,36): warning C4244: '引數': 將 'int' 轉換為 'GLfloat'，由於類型不同，可能導致資料遺失
D:\Junior\opengl\final_01.11\Project2\Project2\Source.cpp(3119,24): warning C4244: '引數': 將 'int' 轉換為 'GLfloat'，由於類型不同，可能導致資料遺失
D:\Junior\opengl\final_01.11\Project2\Project2\Source.cpp(3119,16): warning C4244: '引數': 將 'int' 轉換為 'GLfloat'，由於類型不同，可能導致資料遺失
D:\Junior\opengl\final_01.11\Project2\Project2\Source.cpp(3129,38): warning C4244: '引數': 將 'int' 轉換為 'GLfloat'，由於類型不同，可能導致資料遺失
D:\Junior\opengl\final_01.11\Project2\Project2\Source.cpp(3129,24): warning C4244: '引數': 將 'int' 轉換為 'GLfloat'，由於類型不同，可能導致資料遺失
D:\Junior\opengl\final_01.11\Project2\Project2\Source.cpp(3129,16): warning C4244: '引數': 將 'int' 轉換為 'GLfloat'，由於類型不同，可能導致資料遺失
D:\Junior\opengl\final_01.11\Project2\Project2\Source.cpp(3131,27): warning C4305: '引數': 從 'double' 轉換為 'GLfloat'，是由較大的類型轉換為較小的類型，可能導致資料遺失
D:\Junior\opengl\final_01.11\Project2\Project2\Source.cpp(3132,45): warning C4244: '引數': 將 'int' 轉換為 'GLfloat'，由於類型不同，可能導致資料遺失
D:\Junior\opengl\final_01.11\Project2\Project2\Source.cpp(3132,24): warning C4244: '引數': 將 'int' 轉換為 'GLfloat'，由於類型不同，可能導致資料遺失
D:\Junior\opengl\final_01.11\Project2\Project2\Source.cpp(3132,16): warning C4244: '引數': 將 'int' 轉換為 'GLfloat'，由於類型不同，可能導致資料遺失
D:\Junior\opengl\final_01.11\Project2\Project2\Source.cpp(3134,27): warning C4305: '引數': 從 'double' 轉換為 'GLfloat'，是由較大的類型轉換為較小的類型，可能導致資料遺失
D:\Junior\opengl\final_01.11\Project2\Project2\Source.cpp(3135,43): warning C4244: '引數': 將 'int' 轉換為 'GLfloat'，由於類型不同，可能導致資料遺失
D:\Junior\opengl\final_01.11\Project2\Project2\Source.cpp(3135,24): warning C4244: '引數': 將 'int' 轉換為 'GLfloat'，由於類型不同，可能導致資料遺失
D:\Junior\opengl\final_01.11\Project2\Project2\Source.cpp(3135,16): warning C4244: '引數': 將 'int' 轉換為 'GLfloat'，由於類型不同，可能導致資料遺失
D:\Junior\opengl\final_01.11\Project2\Project2\Source.cpp(3138,36): warning C4244: '引數': 將 'int' 轉換為 'GLfloat'，由於類型不同，可能導致資料遺失
D:\Junior\opengl\final_01.11\Project2\Project2\Source.cpp(3138,24): warning C4244: '引數': 將 'int' 轉換為 'GLfloat'，由於類型不同，可能導致資料遺失
D:\Junior\opengl\final_01.11\Project2\Project2\Source.cpp(3138,16): warning C4244: '引數': 將 'int' 轉換為 'GLfloat'，由於類型不同，可能導致資料遺失
D:\Junior\opengl\final_01.11\Project2\Project2\Source.cpp(3148,24): warning C4244: '引數': 將 'int' 轉換為 'GLfloat'，由於類型不同，可能導致資料遺失
D:\Junior\opengl\final_01.11\Project2\Project2\Source.cpp(3148,16): warning C4244: '引數': 將 'int' 轉換為 'GLfloat'，由於類型不同，可能導致資料遺失
D:\Junior\opengl\final_01.11\Project2\Project2\Source.cpp(3150,27): warning C4305: '引數': 從 'double' 轉換為 'GLfloat'，是由較大的類型轉換為較小的類型，可能導致資料遺失
D:\Junior\opengl\final_01.11\Project2\Project2\Source.cpp(3151,38): warning C4244: '引數': 將 'int' 轉換為 'GLfloat'，由於類型不同，可能導致資料遺失
D:\Junior\opengl\final_01.11\Project2\Project2\Source.cpp(3151,24): warning C4244: '引數': 將 'int' 轉換為 'GLfloat'，由於類型不同，可能導致資料遺失
D:\Junior\opengl\final_01.11\Project2\Project2\Source.cpp(3151,16): warning C4244: '引數': 將 'int' 轉換為 'GLfloat'，由於類型不同，可能導致資料遺失
D:\Junior\opengl\final_01.11\Project2\Project2\Source.cpp(3153,27): warning C4305: '引數': 從 'double' 轉換為 'GLfloat'，是由較大的類型轉換為較小的類型，可能導致資料遺失
D:\Junior\opengl\final_01.11\Project2\Project2\Source.cpp(3154,37): warning C4244: '引數': 將 'int' 轉換為 'GLfloat'，由於類型不同，可能導致資料遺失
D:\Junior\opengl\final_01.11\Project2\Project2\Source.cpp(3154,23): warning C4244: '引數': 將 'int' 轉換為 'GLfloat'，由於類型不同，可能導致資料遺失
D:\Junior\opengl\final_01.11\Project2\Project2\Source.cpp(3154,16): warning C4244: '引數': 將 'int' 轉換為 'GLfloat'，由於類型不同，可能導致資料遺失
D:\Junior\opengl\final_01.11\Project2\Project2\Source.cpp(3156,26): warning C4305: '引數': 從 'double' 轉換為 'GLfloat'，是由較大的類型轉換為較小的類型，可能導致資料遺失
D:\Junior\opengl\final_01.11\Project2\Project2\Source.cpp(3157,23): warning C4244: '引數': 將 'int' 轉換為 'GLfloat'，由於類型不同，可能導致資料遺失
D:\Junior\opengl\final_01.11\Project2\Project2\Source.cpp(3157,16): warning C4244: '引數': 將 'int' 轉換為 'GLfloat'，由於類型不同，可能導致資料遺失
D:\Junior\opengl\final_01.11\Project2\Project2\Source.cpp(3166,44): warning C4244: '引數': 將 'int' 轉換為 'GLfloat'，由於類型不同，可能導致資料遺失
D:\Junior\opengl\final_01.11\Project2\Project2\Source.cpp(3166,23): warning C4244: '引數': 將 'int' 轉換為 'GLfloat'，由於類型不同，可能導致資料遺失
D:\Junior\opengl\final_01.11\Project2\Project2\Source.cpp(3166,16): warning C4244: '引數': 將 'int' 轉換為 'GLfloat'，由於類型不同，可能導致資料遺失
D:\Junior\opengl\final_01.11\Project2\Project2\Source.cpp(3168,27): warning C4305: '引數': 從 'double' 轉換為 'GLfloat'，是由較大的類型轉換為較小的類型，可能導致資料遺失
D:\Junior\opengl\final_01.11\Project2\Project2\Source.cpp(3169,37): warning C4244: '引數': 將 'int' 轉換為 'GLfloat'，由於類型不同，可能導致資料遺失
D:\Junior\opengl\final_01.11\Project2\Project2\Source.cpp(3169,23): warning C4244: '引數': 將 'int' 轉換為 'GLfloat'，由於類型不同，可能導致資料遺失
D:\Junior\opengl\final_01.11\Project2\Project2\Source.cpp(3169,16): warning C4244: '引數': 將 'int' 轉換為 'GLfloat'，由於類型不同，可能導致資料遺失
D:\Junior\opengl\final_01.11\Project2\Project2\Source.cpp(3171,27): warning C4305: '引數': 從 'double' 轉換為 'GLfloat'，是由較大的類型轉換為較小的類型，可能導致資料遺失
D:\Junior\opengl\final_01.11\Project2\Project2\Source.cpp(3172,38): warning C4244: '引數': 將 'int' 轉換為 'GLfloat'，由於類型不同，可能導致資料遺失
D:\Junior\opengl\final_01.11\Project2\Project2\Source.cpp(3172,24): warning C4244: '引數': 將 'int' 轉換為 'GLfloat'，由於類型不同，可能導致資料遺失
D:\Junior\opengl\final_01.11\Project2\Project2\Source.cpp(3172,16): warning C4244: '引數': 將 'int' 轉換為 'GLfloat'，由於類型不同，可能導致資料遺失
D:\Junior\opengl\final_01.11\Project2\Project2\Source.cpp(3174,26): warning C4305: '引數': 從 'double' 轉換為 'GLfloat'，是由較大的類型轉換為較小的類型，可能導致資料遺失
D:\Junior\opengl\final_01.11\Project2\Project2\Source.cpp(3175,45): warning C4244: '引數': 將 'int' 轉換為 'GLfloat'，由於類型不同，可能導致資料遺失
D:\Junior\opengl\final_01.11\Project2\Project2\Source.cpp(3175,24): warning C4244: '引數': 將 'int' 轉換為 'GLfloat'，由於類型不同，可能導致資料遺失
D:\Junior\opengl\final_01.11\Project2\Project2\Source.cpp(3175,16): warning C4244: '引數': 將 'int' 轉換為 'GLfloat'，由於類型不同，可能導致資料遺失
D:\Junior\opengl\final_01.11\Project2\Project2\Source.cpp(3186,24): warning C4244: '引數': 將 'int' 轉換為 'GLfloat'，由於類型不同，可能導致資料遺失
D:\Junior\opengl\final_01.11\Project2\Project2\Source.cpp(3186,16): warning C4244: '引數': 將 'int' 轉換為 'GLfloat'，由於類型不同，可能導致資料遺失
D:\Junior\opengl\final_01.11\Project2\Project2\Source.cpp(3187,43): warning C4244: '引數': 將 'int' 轉換為 'GLfloat'，由於類型不同，可能導致資料遺失
D:\Junior\opengl\final_01.11\Project2\Project2\Source.cpp(3187,24): warning C4244: '引數': 將 'int' 轉換為 'GLfloat'，由於類型不同，可能導致資料遺失
D:\Junior\opengl\final_01.11\Project2\Project2\Source.cpp(3187,16): warning C4244: '引數': 將 'int' 轉換為 'GLfloat'，由於類型不同，可能導致資料遺失
D:\Junior\opengl\final_01.11\Project2\Project2\Source.cpp(3188,42): warning C4244: '引數': 將 'int' 轉換為 'GLfloat'，由於類型不同，可能導致資料遺失
D:\Junior\opengl\final_01.11\Project2\Project2\Source.cpp(3188,23): warning C4244: '引數': 將 'int' 轉換為 'GLfloat'，由於類型不同，可能導致資料遺失
D:\Junior\opengl\final_01.11\Project2\Project2\Source.cpp(3188,16): warning C4244: '引數': 將 'int' 轉換為 'GLfloat'，由於類型不同，可能導致資料遺失
D:\Junior\opengl\final_01.11\Project2\Project2\Source.cpp(3189,23): warning C4244: '引數': 將 'int' 轉換為 'GLfloat'，由於類型不同，可能導致資料遺失
D:\Junior\opengl\final_01.11\Project2\Project2\Source.cpp(3189,16): warning C4244: '引數': 將 'int' 轉換為 'GLfloat'，由於類型不同，可能導致資料遺失
D:\Junior\opengl\final_01.11\Project2\Project2\Source.cpp(3194,52): warning C4244: '引數': 將 'int' 轉換為 'GLfloat'，由於類型不同，可能導致資料遺失
D:\Junior\opengl\final_01.11\Project2\Project2\Source.cpp(3194,36): warning C4244: '引數': 將 'double' 轉換為 'GLfloat'，由於類型不同，可能導致資料遺失
D:\Junior\opengl\final_01.11\Project2\Project2\Source.cpp(3194,16): warning C4244: '引數': 將 'int' 轉換為 'GLfloat'，由於類型不同，可能導致資料遺失
D:\Junior\opengl\final_01.11\Project2\Project2\Source.cpp(3195,52): warning C4244: '引數': 將 'int' 轉換為 'GLfloat'，由於類型不同，可能導致資料遺失
D:\Junior\opengl\final_01.11\Project2\Project2\Source.cpp(3195,36): warning C4244: '引數': 將 'double' 轉換為 'GLfloat'，由於類型不同，可能導致資料遺失
D:\Junior\opengl\final_01.11\Project2\Project2\Source.cpp(3195,16): warning C4244: '引數': 將 'int' 轉換為 'GLfloat'，由於類型不同，可能導致資料遺失
D:\Junior\opengl\final_01.11\Project2\Project2\Source.cpp(3196,53): warning C4244: '引數': 將 'int' 轉換為 'GLfloat'，由於類型不同，可能導致資料遺失
D:\Junior\opengl\final_01.11\Project2\Project2\Source.cpp(3196,37): warning C4244: '引數': 將 'double' 轉換為 'GLfloat'，由於類型不同，可能導致資料遺失
D:\Junior\opengl\final_01.11\Project2\Project2\Source.cpp(3196,16): warning C4244: '引數': 將 'int' 轉換為 'GLfloat'，由於類型不同，可能導致資料遺失
D:\Junior\opengl\final_01.11\Project2\Project2\Source.cpp(3197,53): warning C4244: '引數': 將 'int' 轉換為 'GLfloat'，由於類型不同，可能導致資料遺失
D:\Junior\opengl\final_01.11\Project2\Project2\Source.cpp(3197,37): warning C4244: '引數': 將 'double' 轉換為 'GLfloat'，由於類型不同，可能導致資料遺失
D:\Junior\opengl\final_01.11\Project2\Project2\Source.cpp(3197,16): warning C4244: '引數': 將 'int' 轉換為 'GLfloat'，由於類型不同，可能導致資料遺失
D:\Junior\opengl\final_01.11\Project2\Project2\Source.cpp(3294,42): warning C4305: '引數': 從 'double' 轉換為 'GLfloat'，是由較大的類型轉換為較小的類型，可能導致資料遺失
D:\Junior\opengl\final_01.11\Project2\Project2\Source.cpp(3313,29): warning C4305: '正在初始化': 從 'double' 轉換為 'float'，是由較大的類型轉換為較小的類型，可能導致資料遺失
D:\Junior\opengl\final_01.11\Project2\Project2\Source.cpp(3341,31): warning C4244: '引數': 將 'double' 轉換為 'GLfloat'，由於類型不同，可能導致資料遺失
D:\Junior\opengl\final_01.11\Project2\Project2\Source.cpp(3351,31): warning C4244: '引數': 將 'double' 轉換為 'GLfloat'，由於類型不同，可能導致資料遺失
D:\Junior\opengl\final_01.11\Project2\Project2\Source.cpp(3353,34): warning C4305: '引數': 從 'double' 轉換為 'GLfloat'，是由較大的類型轉換為較小的類型，可能導致資料遺失
D:\Junior\opengl\final_01.11\Project2\Project2\Source.cpp(3369,31): warning C4244: '引數': 將 'double' 轉換為 'GLfloat'，由於類型不同，可能導致資料遺失
D:\Junior\opengl\final_01.11\Project2\Project2\Source.cpp(3374,36): warning C4305: '引數': 從 'double' 轉換為 'GLfloat'，是由較大的類型轉換為較小的類型，可能導致資料遺失
D:\Junior\opengl\final_01.11\Project2\Project2\Source.cpp(3398,54): warning C4305: '正在初始化': 從 'double' 轉換為 'GLfloat'，是由較大的類型轉換為較小的類型，可能導致資料遺失
D:\Junior\opengl\final_01.11\Project2\Project2\Source.cpp(3399,60): warning C4305: '正在初始化': 從 'double' 轉換為 'GLfloat'，是由較大的類型轉換為較小的類型，可能導致資料遺失
D:\Junior\opengl\final_01.11\Project2\Project2\Source.cpp(3400,54): warning C4305: '正在初始化': 從 'double' 轉換為 'GLfloat'，是由較大的類型轉換為較小的類型，可能導致資料遺失
D:\Junior\opengl\final_01.11\Project2\Project2\Source.cpp(3405,55): warning C4305: '正在初始化': 從 'double' 轉換為 'GLfloat'，是由較大的類型轉換為較小的類型，可能導致資料遺失
D:\Junior\opengl\final_01.11\Project2\Project2\Source.cpp(3426,35): warning C4244: '引數': 將 'double' 轉換為 'GLfloat'，由於類型不同，可能導致資料遺失
D:\Junior\opengl\final_01.11\Project2\Project2\Source.cpp(3444,41): warning C4305: '引數': 從 'double' 轉換為 'GLfloat'，是由較大的類型轉換為較小的類型，可能導致資料遺失
D:\Junior\opengl\final_01.11\Project2\Project2\Source.cpp(3452,41): warning C4305: '引數': 從 'double' 轉換為 'GLfloat'，是由較大的類型轉換為較小的類型，可能導致資料遺失
D:\Junior\opengl\final_01.11\Project2\Project2\Source.cpp(3460,41): warning C4305: '引數': 從 'double' 轉換為 'GLfloat'，是由較大的類型轉換為較小的類型，可能導致資料遺失
D:\Junior\opengl\final_01.11\Project2\Project2\Source.cpp(3493,50): warning C4305: '引數': 從 'double' 轉換為 'GLfloat'，是由較大的類型轉換為較小的類型，可能導致資料遺失
D:\Junior\opengl\final_01.11\Project2\Project2\Source.cpp(3496,63): warning C4305: '引數': 從 'double' 轉換為 'GLfloat'，是由較大的類型轉換為較小的類型，可能導致資料遺失
D:\Junior\opengl\final_01.11\Project2\Project2\Source.cpp(3496,46): warning C4244: '引數': 將 'double' 轉換為 'GLfloat'，由於類型不同，可能導致資料遺失
D:\Junior\opengl\final_01.11\Project2\Project2\Source.cpp(3497,64): warning C4305: '引數': 從 'double' 轉換為 'GLfloat'，是由較大的類型轉換為較小的類型，可能導致資料遺失
D:\Junior\opengl\final_01.11\Project2\Project2\Source.cpp(3497,47): warning C4244: '引數': 將 'double' 轉換為 'GLfloat'，由於類型不同，可能導致資料遺失
D:\Junior\opengl\final_01.11\Project2\Project2\Source.cpp(3513,42): warning C4305: '引數': 從 'double' 轉換為 'GLfloat'，是由較大的類型轉換為較小的類型，可能導致資料遺失
D:\Junior\opengl\final_01.11\Project2\Project2\Source.cpp(3516,55): warning C4305: '引數': 從 'double' 轉換為 'GLfloat'，是由較大的類型轉換為較小的類型，可能導致資料遺失
D:\Junior\opengl\final_01.11\Project2\Project2\Source.cpp(3516,38): warning C4244: '引數': 將 'double' 轉換為 'GLfloat'，由於類型不同，可能導致資料遺失
D:\Junior\opengl\final_01.11\Project2\Project2\Source.cpp(3517,56): warning C4305: '引數': 從 'double' 轉換為 'GLfloat'，是由較大的類型轉換為較小的類型，可能導致資料遺失
D:\Junior\opengl\final_01.11\Project2\Project2\Source.cpp(3517,39): warning C4244: '引數': 將 'double' 轉換為 'GLfloat'，由於類型不同，可能導致資料遺失
D:\Junior\opengl\final_01.11\Project2\Project2\Source.cpp(3535,42): warning C4305: '引數': 從 'double' 轉換為 'GLfloat'，是由較大的類型轉換為較小的類型，可能導致資料遺失
D:\Junior\opengl\final_01.11\Project2\Project2\Source.cpp(3538,54): warning C4305: '引數': 從 'double' 轉換為 'GLfloat'，是由較大的類型轉換為較小的類型，可能導致資料遺失
D:\Junior\opengl\final_01.11\Project2\Project2\Source.cpp(3538,38): warning C4244: '引數': 將 'double' 轉換為 'GLfloat'，由於類型不同，可能導致資料遺失
D:\Junior\opengl\final_01.11\Project2\Project2\Source.cpp(3539,55): warning C4305: '引數': 從 'double' 轉換為 'GLfloat'，是由較大的類型轉換為較小的類型，可能導致資料遺失
D:\Junior\opengl\final_01.11\Project2\Project2\Source.cpp(3539,39): warning C4244: '引數': 將 'double' 轉換為 'GLfloat'，由於類型不同，可能導致資料遺失
D:\Junior\opengl\final_01.11\Project2\Project2\Source.cpp(3568,46): warning C4305: '引數': 從 'double' 轉換為 'GLfloat'，是由較大的類型轉換為較小的類型，可能導致資料遺失
D:\Junior\opengl\final_01.11\Project2\Project2\Source.cpp(3585,50): warning C4305: '引數': 從 'double' 轉換為 'GLfloat'，是由較大的類型轉換為較小的類型，可能導致資料遺失
D:\Junior\opengl\final_01.11\Project2\Project2\Source.cpp(3587,59): warning C4305: '引數': 從 'double' 轉換為 'GLfloat'，是由較大的類型轉換為較小的類型，可能導致資料遺失
D:\Junior\opengl\final_01.11\Project2\Project2\Source.cpp(3587,36): warning C4244: '引數': 將 'double' 轉換為 'GLfloat'，由於類型不同，可能導致資料遺失
D:\Junior\opengl\final_01.11\Project2\Project2\Source.cpp(3588,48): warning C4244: '引數': 將 'double' 轉換為 'GLfloat'，由於類型不同，可能導致資料遺失
D:\Junior\opengl\final_01.11\Project2\Project2\Source.cpp(3588,65): warning C4305: '引數': 從 'double' 轉換為 'GLfloat'，是由較大的類型轉換為較小的類型，可能導致資料遺失
D:\Junior\opengl\final_01.11\Project2\Project2\Source.cpp(3589,60): warning C4305: '引數': 從 'double' 轉換為 'GLfloat'，是由較大的類型轉換為較小的類型，可能導致資料遺失
D:\Junior\opengl\final_01.11\Project2\Project2\Source.cpp(3589,37): warning C4244: '引數': 將 'double' 轉換為 'GLfloat'，由於類型不同，可能導致資料遺失
D:\Junior\opengl\final_01.11\Project2\Project2\Source.cpp(3590,48): warning C4244: '引數': 將 'double' 轉換為 'GLfloat'，由於類型不同，可能導致資料遺失
D:\Junior\opengl\final_01.11\Project2\Project2\Source.cpp(3590,65): warning C4305: '引數': 從 'double' 轉換為 'GLfloat'，是由較大的類型轉換為較小的類型，可能導致資料遺失
D:\Junior\opengl\final_01.11\Project2\Project2\Source.cpp(3605,50): warning C4305: '引數': 從 'double' 轉換為 'GLfloat'，是由較大的類型轉換為較小的類型，可能導致資料遺失
D:\Junior\opengl\final_01.11\Project2\Project2\Source.cpp(3621,54): warning C4305: '引數': 從 'double' 轉換為 'GLfloat'，是由較大的類型轉換為較小的類型，可能導致資料遺失
D:\Junior\opengl\final_01.11\Project2\Project2\Source.cpp(3623,63): warning C4305: '引數': 從 'double' 轉換為 'GLfloat'，是由較大的類型轉換為較小的類型，可能導致資料遺失
D:\Junior\opengl\final_01.11\Project2\Project2\Source.cpp(3623,40): warning C4244: '引數': 將 'double' 轉換為 'GLfloat'，由於類型不同，可能導致資料遺失
D:\Junior\opengl\final_01.11\Project2\Project2\Source.cpp(3624,52): warning C4244: '引數': 將 'double' 轉換為 'GLfloat'，由於類型不同，可能導致資料遺失
D:\Junior\opengl\final_01.11\Project2\Project2\Source.cpp(3624,69): warning C4305: '引數': 從 'double' 轉換為 'GLfloat'，是由較大的類型轉換為較小的類型，可能導致資料遺失
D:\Junior\opengl\final_01.11\Project2\Project2\Source.cpp(3625,64): warning C4305: '引數': 從 'double' 轉換為 'GLfloat'，是由較大的類型轉換為較小的類型，可能導致資料遺失
D:\Junior\opengl\final_01.11\Project2\Project2\Source.cpp(3625,41): warning C4244: '引數': 將 'double' 轉換為 'GLfloat'，由於類型不同，可能導致資料遺失
D:\Junior\opengl\final_01.11\Project2\Project2\Source.cpp(3626,52): warning C4244: '引數': 將 'double' 轉換為 'GLfloat'，由於類型不同，可能導致資料遺失
D:\Junior\opengl\final_01.11\Project2\Project2\Source.cpp(3626,69): warning C4305: '引數': 從 'double' 轉換為 'GLfloat'，是由較大的類型轉換為較小的類型，可能導致資料遺失
D:\Junior\opengl\final_01.11\Project2\Project2\Source.cpp(3639,50): warning C4305: '引數': 從 'double' 轉換為 'GLfloat'，是由較大的類型轉換為較小的類型，可能導致資料遺失
D:\Junior\opengl\final_01.11\Project2\Project2\Source.cpp(3655,54): warning C4305: '引數': 從 'double' 轉換為 'GLfloat'，是由較大的類型轉換為較小的類型，可能導致資料遺失
D:\Junior\opengl\final_01.11\Project2\Project2\Source.cpp(3657,61): warning C4305: '引數': 從 'double' 轉換為 'GLfloat'，是由較大的類型轉換為較小的類型，可能導致資料遺失
D:\Junior\opengl\final_01.11\Project2\Project2\Source.cpp(3657,39): warning C4244: '引數': 將 'double' 轉換為 'GLfloat'，由於類型不同，可能導致資料遺失
D:\Junior\opengl\final_01.11\Project2\Project2\Source.cpp(3658,50): warning C4244: '引數': 將 'double' 轉換為 'GLfloat'，由於類型不同，可能導致資料遺失
D:\Junior\opengl\final_01.11\Project2\Project2\Source.cpp(3658,64): warning C4305: '引數': 從 'double' 轉換為 'GLfloat'，是由較大的類型轉換為較小的類型，可能導致資料遺失
D:\Junior\opengl\final_01.11\Project2\Project2\Source.cpp(3659,62): warning C4305: '引數': 從 'double' 轉換為 'GLfloat'，是由較大的類型轉換為較小的類型，可能導致資料遺失
D:\Junior\opengl\final_01.11\Project2\Project2\Source.cpp(3659,40): warning C4244: '引數': 將 'double' 轉換為 'GLfloat'，由於類型不同，可能導致資料遺失
D:\Junior\opengl\final_01.11\Project2\Project2\Source.cpp(3660,51): warning C4244: '引數': 將 'double' 轉換為 'GLfloat'，由於類型不同，可能導致資料遺失
D:\Junior\opengl\final_01.11\Project2\Project2\Source.cpp(3660,65): warning C4305: '引數': 從 'double' 轉換為 'GLfloat'，是由較大的類型轉換為較小的類型，可能導致資料遺失
D:\Junior\opengl\final_01.11\Project2\Project2\Source.cpp(3686,19): warning C4244: '引數': 將 'int' 轉換為 'GLfloat'，由於類型不同，可能導致資料遺失
D:\Junior\opengl\final_01.11\Project2\Project2\Source.cpp(3724,31): warning C4244: '引數': 將 'double' 轉換為 'GLfloat'，由於類型不同，可能導致資料遺失
D:\Junior\opengl\final_01.11\Project2\Project2\Source.cpp(3725,19): warning C4244: '引數': 將 'int' 轉換為 'GLfloat'，由於類型不同，可能導致資料遺失
D:\Junior\opengl\final_01.11\Project2\Project2\Source.cpp(3728,42): warning C4305: '引數': 從 'double' 轉換為 'GLfloat'，是由較大的類型轉換為較小的類型，可能導致資料遺失
D:\Junior\opengl\final_01.11\Project2\Project2\Source.cpp(3729,33): warning C4305: '引數': 從 'double' 轉換為 'GLfloat'，是由較大的類型轉換為較小的類型，可能導致資料遺失
D:\Junior\opengl\final_01.11\Project2\Project2\Source.cpp(3737,35): warning C4305: '引數': 從 'double' 轉換為 'GLfloat'，是由較大的類型轉換為較小的類型，可能導致資料遺失
D:\Junior\opengl\final_01.11\Project2\Project2\Source.cpp(3738,33): warning C4305: '引數': 從 'double' 轉換為 'GLfloat'，是由較大的類型轉換為較小的類型，可能導致資料遺失
D:\Junior\opengl\final_01.11\Project2\Project2\Source.cpp(3739,34): warning C4305: '引數': 從 'double' 轉換為 'GLfloat'，是由較大的類型轉換為較小的類型，可能導致資料遺失
D:\Junior\opengl\final_01.11\Project2\Project2\Source.cpp(3740,36): warning C4305: '引數': 從 'double' 轉換為 'GLfloat'，是由較大的類型轉換為較小的類型，可能導致資料遺失
D:\Junior\opengl\final_01.11\Project2\Project2\Source.cpp(3750,34): warning C4305: '引數': 從 'double' 轉換為 'GLfloat'，是由較大的類型轉換為較小的類型，可能導致資料遺失
D:\Junior\opengl\final_01.11\Project2\Project2\Source.cpp(3751,36): warning C4305: '引數': 從 'double' 轉換為 'GLfloat'，是由較大的類型轉換為較小的類型，可能導致資料遺失
D:\Junior\opengl\final_01.11\Project2\Project2\Source.cpp(3752,34): warning C4305: '引數': 從 'double' 轉換為 'GLfloat'，是由較大的類型轉換為較小的類型，可能導致資料遺失
D:\Junior\opengl\final_01.11\Project2\Project2\Source.cpp(3756,34): warning C4305: '引數': 從 'double' 轉換為 'GLfloat'，是由較大的類型轉換為較小的類型，可能導致資料遺失
D:\Junior\opengl\final_01.11\Project2\Project2\Source.cpp(3757,36): warning C4305: '引數': 從 'double' 轉換為 'GLfloat'，是由較大的類型轉換為較小的類型，可能導致資料遺失
D:\Junior\opengl\final_01.11\Project2\Project2\Source.cpp(3758,34): warning C4305: '引數': 從 'double' 轉換為 'GLfloat'，是由較大的類型轉換為較小的類型，可能導致資料遺失
D:\Junior\opengl\final_01.11\Project2\Project2\Source.cpp(3761,34): warning C4305: '引數': 從 'double' 轉換為 'GLfloat'，是由較大的類型轉換為較小的類型，可能導致資料遺失
D:\Junior\opengl\final_01.11\Project2\Project2\Source.cpp(3764,35): warning C4305: '引數': 從 'double' 轉換為 'GLfloat'，是由較大的類型轉換為較小的類型，可能導致資料遺失
D:\Junior\opengl\final_01.11\Project2\Project2\Source.cpp(3767,33): warning C4305: '引數': 從 'double' 轉換為 'GLfloat'，是由較大的類型轉換為較小的類型，可能導致資料遺失
D:\Junior\opengl\final_01.11\Project2\Project2\Source.cpp(3770,34): warning C4305: '引數': 從 'double' 轉換為 'GLfloat'，是由較大的類型轉換為較小的類型，可能導致資料遺失
D:\Junior\opengl\final_01.11\Project2\Project2\Source.cpp(3779,23): warning C4244: '引數': 將 'int' 轉換為 'GLfloat'，由於類型不同，可能導致資料遺失
D:\Junior\opengl\final_01.11\Project2\Project2\Source.cpp(3794,38): warning C4305: '引數': 從 'double' 轉換為 'GLfloat'，是由較大的類型轉換為較小的類型，可能導致資料遺失
D:\Junior\opengl\final_01.11\Project2\Project2\Source.cpp(3796,39): warning C4244: '引數': 將 'int' 轉換為 'GLfloat'，由於類型不同，可能導致資料遺失
D:\Junior\opengl\final_01.11\Project2\Project2\Source.cpp(3797,28): warning C4244: '引數': 將 'int' 轉換為 'GLfloat'，由於類型不同，可能導致資料遺失
D:\Junior\opengl\final_01.11\Project2\Project2\Source.cpp(3803,37): warning C4305: '引數': 從 'double' 轉換為 'GLfloat'，是由較大的類型轉換為較小的類型，可能導致資料遺失
D:\Junior\opengl\final_01.11\Project2\Project2\Source.cpp(3805,39): warning C4244: '引數': 將 'int' 轉換為 'GLfloat'，由於類型不同，可能導致資料遺失
D:\Junior\opengl\final_01.11\Project2\Project2\Source.cpp(3806,28): warning C4244: '引數': 將 'int' 轉換為 'GLfloat'，由於類型不同，可能導致資料遺失
D:\Junior\opengl\final_01.11\Project2\Project2\Source.cpp(3816,39): warning C4244: '引數': 將 'int' 轉換為 'GLfloat'，由於類型不同，可能導致資料遺失
D:\Junior\opengl\final_01.11\Project2\Project2\Source.cpp(3817,28): warning C4244: '引數': 將 'int' 轉換為 'GLfloat'，由於類型不同，可能導致資料遺失
D:\Junior\opengl\final_01.11\Project2\Project2\Source.cpp(3827,39): warning C4244: '引數': 將 'int' 轉換為 'GLfloat'，由於類型不同，可能導致資料遺失
D:\Junior\opengl\final_01.11\Project2\Project2\Source.cpp(3828,28): warning C4244: '引數': 將 'int' 轉換為 'GLfloat'，由於類型不同，可能導致資料遺失
D:\Junior\opengl\final_01.11\Project2\Project2\Source.cpp(3977,52): warning C4244: '=': 將 'int' 轉換為 'GLfloat'，由於類型不同，可能導致資料遺失
D:\Junior\opengl\final_01.11\Project2\Project2\Source.cpp(3982,67): warning C4244: '=': 將 'double' 轉換為 'GLfloat'，由於類型不同，可能導致資料遺失
D:\Junior\opengl\final_01.11\Project2\Project2\Source.cpp(3983,60): warning C4244: '=': 將 'double' 轉換為 'GLfloat'，由於類型不同，可能導致資料遺失
D:\Junior\opengl\final_01.11\Project2\Project2\Source.cpp(3985,67): warning C4244: '=': 將 'double' 轉換為 'GLfloat'，由於類型不同，可能導致資料遺失
D:\Junior\opengl\final_01.11\Project2\Project2\Source.cpp(3986,60): warning C4244: '=': 將 'double' 轉換為 'GLfloat'，由於類型不同，可能導致資料遺失
D:\Junior\opengl\final_01.11\Project2\Project2\Source.cpp(3988,67): warning C4244: '=': 將 'double' 轉換為 'GLfloat'，由於類型不同，可能導致資料遺失
D:\Junior\opengl\final_01.11\Project2\Project2\Source.cpp(3990,60): warning C4244: '=': 將 'double' 轉換為 'GLfloat'，由於類型不同，可能導致資料遺失
D:\Junior\opengl\final_01.11\Project2\Project2\Source.cpp(3993,23): warning C4244: '正在初始化': 將 'time_t' 轉換為 'int'，由於類型不同，可能導致資料遺失
D:\Junior\opengl\final_01.11\Project2\Project2\Source.cpp(3996,65): warning C4244: '=': 將 'double' 轉換為 'GLfloat'，由於類型不同，可能導致資料遺失
D:\Junior\opengl\final_01.11\Project2\Project2\Source.cpp(3997,58): warning C4244: '=': 將 'double' 轉換為 'GLfloat'，由於類型不同，可能導致資料遺失
D:\Junior\opengl\final_01.11\Project2\Project2\Source.cpp(3999,65): warning C4244: '=': 將 'double' 轉換為 'GLfloat'，由於類型不同，可能導致資料遺失
D:\Junior\opengl\final_01.11\Project2\Project2\Source.cpp(4000,58): warning C4244: '=': 將 'double' 轉換為 'GLfloat'，由於類型不同，可能導致資料遺失
D:\Junior\opengl\final_01.11\Project2\Project2\Source.cpp(4002,65): warning C4244: '=': 將 'double' 轉換為 'GLfloat'，由於類型不同，可能導致資料遺失
D:\Junior\opengl\final_01.11\Project2\Project2\Source.cpp(4003,58): warning C4244: '=': 將 'double' 轉換為 'GLfloat'，由於類型不同，可能導致資料遺失
D:\Junior\opengl\final_01.11\Project2\Project2\Source.cpp(4056,23): warning C4244: '引數': 將 'time_t' 轉換為 'unsigned int'，由於類型不同，可能導致資料遺失
D:\Junior\opengl\final_01.11\Project2\Project2\Source.cpp(4058,67): warning C4244: '=': 將 'double' 轉換為 'GLfloat'，由於類型不同，可能導致資料遺失
D:\Junior\opengl\final_01.11\Project2\Project2\Source.cpp(4059,60): warning C4244: '=': 將 'double' 轉換為 'GLfloat'，由於類型不同，可能導致資料遺失
D:\Junior\opengl\final_01.11\Project2\Project2\Source.cpp(4061,67): warning C4244: '=': 將 'double' 轉換為 'GLfloat'，由於類型不同，可能導致資料遺失
D:\Junior\opengl\final_01.11\Project2\Project2\Source.cpp(4062,60): warning C4244: '=': 將 'double' 轉換為 'GLfloat'，由於類型不同，可能導致資料遺失
D:\Junior\opengl\final_01.11\Project2\Project2\Source.cpp(4064,67): warning C4244: '=': 將 'double' 轉換為 'GLfloat'，由於類型不同，可能導致資料遺失
D:\Junior\opengl\final_01.11\Project2\Project2\Source.cpp(4066,60): warning C4244: '=': 將 'double' 轉換為 'GLfloat'，由於類型不同，可能導致資料遺失
D:\Junior\opengl\final_01.11\Project2\Project2\Source.cpp(4069,23): warning C4244: '正在初始化': 將 'time_t' 轉換為 'int'，由於類型不同，可能導致資料遺失
D:\Junior\opengl\final_01.11\Project2\Project2\Source.cpp(4072,65): warning C4244: '=': 將 'double' 轉換為 'GLfloat'，由於類型不同，可能導致資料遺失
D:\Junior\opengl\final_01.11\Project2\Project2\Source.cpp(4073,58): warning C4244: '=': 將 'double' 轉換為 'GLfloat'，由於類型不同，可能導致資料遺失
D:\Junior\opengl\final_01.11\Project2\Project2\Source.cpp(4075,65): warning C4244: '=': 將 'double' 轉換為 'GLfloat'，由於類型不同，可能導致資料遺失
D:\Junior\opengl\final_01.11\Project2\Project2\Source.cpp(4076,58): warning C4244: '=': 將 'double' 轉換為 'GLfloat'，由於類型不同，可能導致資料遺失
D:\Junior\opengl\final_01.11\Project2\Project2\Source.cpp(4078,65): warning C4244: '=': 將 'double' 轉換為 'GLfloat'，由於類型不同，可能導致資料遺失
D:\Junior\opengl\final_01.11\Project2\Project2\Source.cpp(4079,58): warning C4244: '=': 將 'double' 轉換為 'GLfloat'，由於類型不同，可能導致資料遺失
D:\Junior\opengl\final_01.11\Project2\Project2\Source.cpp(4123,48): warning C4244: '=': 將 'int' 轉換為 'GLfloat'，由於類型不同，可能導致資料遺失
D:\Junior\opengl\final_01.11\Project2\Project2\Source.cpp(4153,21): warning C4244: '=': 將 'double' 轉換為 'int'，由於類型不同，可能導致資料遺失
  Project2.vcxproj -> D:\Junior\opengl\final_01.11\Project2\Debug\Project2.exe
