  Source.cpp
D:\Junior\opengl\mid\Project1\Project1\Source.cpp(19,53): warning C4305: '正在初始化': 從 'double' 轉換為 'GLfloat'，是由較大的類型轉換為較小的類型，可能導致資料遺失
D:\Junior\opengl\mid\Project1\Project1\Source.cpp(57,55): warning C4305: '引數': 從 'double' 轉換為 'GLfloat'，是由較大的類型轉換為較小的類型，可能導致資料遺失
D:\Junior\opengl\mid\Project1\Project1\Source.cpp(59,35): warning C4305: '引數': 從 'double' 轉換為 'GLfloat'，是由較大的類型轉換為較小的類型，可能導致資料遺失
D:\Junior\opengl\mid\Project1\Project1\Source.cpp(59,22): warning C4244: '引數': 將 'double' 轉換為 'GLfloat'，由於類型不同，可能導致資料遺失
D:\Junior\opengl\mid\Project1\Project1\Source.cpp(60,43): warning C4305: '引數': 從 'double' 轉換為 'GLfloat'，是由較大的類型轉換為較小的類型，可能導致資料遺失
D:\Junior\opengl\mid\Project1\Project1\Source.cpp(60,18): warning C4244: '引數': 將 'double' 轉換為 'GLfloat'，由於類型不同，可能導致資料遺失
D:\Junior\opengl\mid\Project1\Project1\Source.cpp(61,48): warning C4305: '引數': 從 'double' 轉換為 'GLfloat'，是由較大的類型轉換為較小的類型，可能導致資料遺失
D:\Junior\opengl\mid\Project1\Project1\Source.cpp(61,19): warning C4244: '引數': 將 'double' 轉換為 'GLfloat'，由於類型不同，可能導致資料遺失
D:\Junior\opengl\mid\Project1\Project1\Source.cpp(64,42): warning C4305: '引數': 從 'double' 轉換為 'GLfloat'，是由較大的類型轉換為較小的類型，可能導致資料遺失
D:\Junior\opengl\mid\Project1\Project1\Source.cpp(64,24): warning C4244: '引數': 將 'double' 轉換為 'GLfloat'，由於類型不同，可能導致資料遺失
D:\Junior\opengl\mid\Project1\Project1\Source.cpp(65,50): warning C4305: '引數': 從 'double' 轉換為 'GLfloat'，是由較大的類型轉換為較小的類型，可能導致資料遺失
D:\Junior\opengl\mid\Project1\Project1\Source.cpp(65,33): warning C4244: '引數': 將 'double' 轉換為 'GLfloat'，由於類型不同，可能導致資料遺失
D:\Junior\opengl\mid\Project1\Project1\Source.cpp(65,19): warning C4244: '引數': 將 'double' 轉換為 'GLfloat'，由於類型不同，可能導致資料遺失
D:\Junior\opengl\mid\Project1\Project1\Source.cpp(66,41): warning C4305: '引數': 從 'double' 轉換為 'GLfloat'，是由較大的類型轉換為較小的類型，可能導致資料遺失
D:\Junior\opengl\mid\Project1\Project1\Source.cpp(66,24): warning C4244: '引數': 將 'double' 轉換為 'GLfloat'，由於類型不同，可能導致資料遺失
D:\Junior\opengl\mid\Project1\Project1\Source.cpp(69,42): warning C4305: '引數': 從 'double' 轉換為 'GLfloat'，是由較大的類型轉換為較小的類型，可能導致資料遺失
D:\Junior\opengl\mid\Project1\Project1\Source.cpp(69,24): warning C4244: '引數': 將 'double' 轉換為 'GLfloat'，由於類型不同，可能導致資料遺失
D:\Junior\opengl\mid\Project1\Project1\Source.cpp(70,40): warning C4305: '引數': 從 'double' 轉換為 'GLfloat'，是由較大的類型轉換為較小的類型，可能導致資料遺失
D:\Junior\opengl\mid\Project1\Project1\Source.cpp(70,19): warning C4244: '引數': 將 'double' 轉換為 'GLfloat'，由於類型不同，可能導致資料遺失
D:\Junior\opengl\mid\Project1\Project1\Source.cpp(71,42): warning C4305: '引數': 從 'double' 轉換為 'GLfloat'，是由較大的類型轉換為較小的類型，可能導致資料遺失
D:\Junior\opengl\mid\Project1\Project1\Source.cpp(71,24): warning C4244: '引數': 將 'double' 轉換為 'GLfloat'，由於類型不同，可能導致資料遺失
D:\Junior\opengl\mid\Project1\Project1\Source.cpp(73,56): warning C4305: '引數': 從 'double' 轉換為 'GLfloat'，是由較大的類型轉換為較小的類型，可能導致資料遺失
D:\Junior\opengl\mid\Project1\Project1\Source.cpp(88,17): warning C4244: '正在初始化': 將 'double' 轉換為 'int'，由於類型不同，可能導致資料遺失
D:\Junior\opengl\mid\Project1\Project1\Source.cpp(89,18): warning C4244: '正在初始化': 將 'double' 轉換為 'int'，由於類型不同，可能導致資料遺失
D:\Junior\opengl\mid\Project1\Project1\Source.cpp(96,70): warning C4305: '正在初始化': 從 'double' 轉換為 'GLfloat'，是由較大的類型轉換為較小的類型，可能導致資料遺失
D:\Junior\opengl\mid\Project1\Project1\Source.cpp(98,72): warning C4305: '正在初始化': 從 'double' 轉換為 'GLfloat'，是由較大的類型轉換為較小的類型，可能導致資料遺失
D:\Junior\opengl\mid\Project1\Project1\Source.cpp(100,74): warning C4305: '正在初始化': 從 'double' 轉換為 'GLfloat'，是由較大的類型轉換為較小的類型，可能導致資料遺失
D:\Junior\opengl\mid\Project1\Project1\Source.cpp(101,49): warning C4305: '正在初始化': 從 'double' 轉換為 'GLfloat'，是由較大的類型轉換為較小的類型，可能導致資料遺失
D:\Junior\opengl\mid\Project1\Project1\Source.cpp(105,78): warning C4305: '正在初始化': 從 'double' 轉換為 'GLfloat'，是由較大的類型轉換為較小的類型，可能導致資料遺失
D:\Junior\opengl\mid\Project1\Project1\Source.cpp(115,28): warning C4305: '引數': 從 'double' 轉換為 'float'，是由較大的類型轉換為較小的類型，可能導致資料遺失
D:\Junior\opengl\mid\Project1\Project1\Source.cpp(119,33): warning C4305: '引數': 從 'double' 轉換為 'GLfloat'，是由較大的類型轉換為較小的類型，可能導致資料遺失
D:\Junior\opengl\mid\Project1\Project1\Source.cpp(120,29): warning C4305: '引數': 從 'double' 轉換為 'float'，是由較大的類型轉換為較小的類型，可能導致資料遺失
D:\Junior\opengl\mid\Project1\Project1\Source.cpp(123,26): warning C4244: '引數': 將 'double' 轉換為 'GLfloat'，由於類型不同，可能導致資料遺失
D:\Junior\opengl\mid\Project1\Project1\Source.cpp(139,33): warning C4305: '引數': 從 'double' 轉換為 'GLfloat'，是由較大的類型轉換為較小的類型，可能導致資料遺失
D:\Junior\opengl\mid\Project1\Project1\Source.cpp(149,29): warning C4305: '引數': 從 'double' 轉換為 'GLfloat'，是由較大的類型轉換為較小的類型，可能導致資料遺失
D:\Junior\opengl\mid\Project1\Project1\Source.cpp(158,33): warning C4305: '引數': 從 'double' 轉換為 'GLfloat'，是由較大的類型轉換為較小的類型，可能導致資料遺失
D:\Junior\opengl\mid\Project1\Project1\Source.cpp(161,32): warning C4305: '引數': 從 'double' 轉換為 'GLfloat'，是由較大的類型轉換為較小的類型，可能導致資料遺失
D:\Junior\opengl\mid\Project1\Project1\Source.cpp(184,15): warning C4244: '=': 將 'double' 轉換為 'GLfloat'，由於類型不同，可能導致資料遺失
D:\Junior\opengl\mid\Project1\Project1\Source.cpp(185,17): warning C4244: '=': 將 'double' 轉換為 'GLfloat'，由於類型不同，可能導致資料遺失
D:\Junior\opengl\mid\Project1\Project1\Source.cpp(189,15): warning C4244: '=': 將 'double' 轉換為 'GLfloat'，由於類型不同，可能導致資料遺失
D:\Junior\opengl\mid\Project1\Project1\Source.cpp(190,17): warning C4244: '=': 將 'double' 轉換為 'GLfloat'，由於類型不同，可能導致資料遺失
D:\Junior\opengl\mid\Project1\Project1\Source.cpp(194,15): warning C4244: '=': 將 'double' 轉換為 'GLfloat'，由於類型不同，可能導致資料遺失
D:\Junior\opengl\mid\Project1\Project1\Source.cpp(195,17): warning C4244: '=': 將 'double' 轉換為 'GLfloat'，由於類型不同，可能導致資料遺失
D:\Junior\opengl\mid\Project1\Project1\Source.cpp(199,15): warning C4244: '=': 將 'double' 轉換為 'GLfloat'，由於類型不同，可能導致資料遺失
D:\Junior\opengl\mid\Project1\Project1\Source.cpp(200,17): warning C4244: '=': 將 'double' 轉換為 'GLfloat'，由於類型不同，可能導致資料遺失
D:\Junior\opengl\mid\Project1\Project1\Source.cpp(224,15): warning C4244: '=': 將 'double' 轉換為 'GLfloat'，由於類型不同，可能導致資料遺失
D:\Junior\opengl\mid\Project1\Project1\Source.cpp(225,17): warning C4244: '=': 將 'double' 轉換為 'GLfloat'，由於類型不同，可能導致資料遺失
D:\Junior\opengl\mid\Project1\Project1\Source.cpp(232,15): warning C4244: '=': 將 'double' 轉換為 'GLfloat'，由於類型不同，可能導致資料遺失
D:\Junior\opengl\mid\Project1\Project1\Source.cpp(233,17): warning C4244: '=': 將 'double' 轉換為 'GLfloat'，由於類型不同，可能導致資料遺失
D:\Junior\opengl\mid\Project1\Project1\Source.cpp(279,17): warning C4244: '=': 將 'double' 轉換為 'GLfloat'，由於類型不同，可能導致資料遺失
D:\Junior\opengl\mid\Project1\Project1\Source.cpp(283,17): warning C4244: '=': 將 'double' 轉換為 'GLfloat'，由於類型不同，可能導致資料遺失
D:\Junior\opengl\mid\Project1\Project1\Source.cpp(285,17): warning C4244: '=': 將 'double' 轉換為 'GLfloat'，由於類型不同，可能導致資料遺失
D:\Junior\opengl\mid\Project1\Project1\Source.cpp(287,17): warning C4244: '=': 將 'double' 轉換為 'GLfloat'，由於類型不同，可能導致資料遺失
D:\Junior\opengl\mid\Project1\Project1\Source.cpp(318,17): warning C4244: '=': 將 'double' 轉換為 'GLfloat'，由於類型不同，可能導致資料遺失
D:\Junior\opengl\mid\Project1\Project1\Source.cpp(322,17): warning C4244: '=': 將 'double' 轉換為 'GLfloat'，由於類型不同，可能導致資料遺失
D:\Junior\opengl\mid\Project1\Project1\Source.cpp(326,17): warning C4244: '=': 將 'double' 轉換為 'GLfloat'，由於類型不同，可能導致資料遺失
D:\Junior\opengl\mid\Project1\Project1\Source.cpp(330,17): warning C4244: '=': 將 'double' 轉換為 'GLfloat'，由於類型不同，可能導致資料遺失
D:\Junior\opengl\mid\Project1\Project1\Source.cpp(342,27): warning C4244: '引數': 將 'float' 轉換為 'int'，由於類型不同，可能導致資料遺失
D:\Junior\opengl\mid\Project1\Project1\Source.cpp(342,21): warning C4244: '引數': 將 'float' 轉換為 'int'，由於類型不同，可能導致資料遺失
  Project1.vcxproj -> D:\Junior\opengl\mid\Project1\Debug\Project1.exe
